			----------- cuda-lightspmv-pr-------------------- 
			------- 4 ---------- 
vtxsize: 4
edgesize: 4
weightsize: 4
nVtx: 7716
nVtx: 7716
nEdge: 26467
nVtx: 7716, nVtx: 7716, nEdge: 26467
graph read
filename: as-735.bin nVtx: 7716 nonzero: 26467 AvgTime: 0.008962 
 number-blocks: 4 
vtxsize: 4
edgesize: 4
weightsize: 4
nVtx: 317080
nVtx: 317080
nEdge: 2099732
nVtx: 317080, nVtx: 317080, nEdge: 2099732
graph read
filename: com-dblp.ungraph.bin nVtx: 317080 nonzero: 2099732 AvgTime: 0.021938 
 number-blocks: 4 
vtxsize: 4
edgesize: 4
weightsize: 4
nVtx: 4847571
nVtx: 4847571
nEdge: 68993773
nVtx: 4847571, nVtx: 4847571, nEdge: 68993773
graph read
filename: soc-LiveJournal1.bin nVtx: 4847571 nonzero: 68993773 AvgTime: 1.01006 
 number-blocks: 4 
vtxsize: 4
edgesize: 4
weightsize: 4
nVtx: 1632803
nVtx: 1632803
nEdge: 30622564
nVtx: 1632803, nVtx: 1632803, nEdge: 30622564
graph read
filename: soc-pokec-relationships.bin nVtx: 1632803 nonzero: 30622564 AvgTime: 0.528433 
 number-blocks: 4 
vtxsize: 4
edgesize: 4
weightsize: 4
nVtx: 131828
nVtx: 131828
nEdge: 841372
nVtx: 131828, nVtx: 131828, nEdge: 841372
graph read
filename: soc-sign-epinions.bin nVtx: 131828 nonzero: 841372 AvgTime: 0.014998 
 number-blocks: 4 
vtxsize: 4
edgesize: 4
weightsize: 4
nVtx: 3072441
nVtx: 3072441
nEdge: 234370166
nVtx: 3072441, nVtx: 3072441, nEdge: 234370166
graph read
filename: com-orkut.ungraph.bin nVtx: 3072441 nonzero: 234370166 AvgTime: 3.11454 
 number-blocks: 4 
vtxsize: 4
edgesize: 4
weightsize: 4
nVtx: 1393383
nVtx: 1393383
nEdge: 3843320
nVtx: 1393383, nVtx: 1393383, nEdge: 3843320
graph read
filename: roadNet-TX.bin nVtx: 1393383 nonzero: 3843320 AvgTime: 0.042213 
 number-blocks: 4 
vtxsize: 4
edgesize: 4
weightsize: 4
nVtx: 27770
nVtx: 27770
nEdge: 352807
nVtx: 27770, nVtx: 27770, nEdge: 352807
graph read
filename: cit-HepTh.bin nVtx: 27770 nonzero: 352807 AvgTime: 0.006257 
 number-blocks: 4 
vtxsize: 4
edgesize: 4
weightsize: 4
nVtx: 62586
nVtx: 62586
nEdge: 147892
nVtx: 62586, nVtx: 62586, nEdge: 147892
graph read
filename: p2p-Gnutella31.bin nVtx: 62586 nonzero: 147892 AvgTime: 0.004744 
 number-blocks: 4 
vtxsize: 4
edgesize: 4
weightsize: 4
nVtx: 3774768
nVtx: 3774768
nEdge: 16518948
nVtx: 3774768, nVtx: 3774768, nEdge: 16518948
graph read
filename: cit-Patents.bin nVtx: 3774768 nonzero: 16518948 AvgTime: 0.470258 
 number-blocks: 4 
vtxsize: 4
edgesize: 4
weightsize: 4
nVtx: 77357
nVtx: 77357
nEdge: 516575
nVtx: 77357, nVtx: 77357, nEdge: 516575
graph read
filename: soc-sign-Slashdot081106.bin nVtx: 77357 nonzero: 516575 AvgTime: 0.007513 
 number-blocks: 4 
vtxsize: 4
edgesize: 4
weightsize: 4
nVtx: 36682
nVtx: 36682
nEdge: 88328
nVtx: 36682, nVtx: 36682, nEdge: 88328
graph read
filename: p2p-Gnutella30.bin nVtx: 36682 nonzero: 88328 AvgTime: 0.003841 
 number-blocks: 4 
vtxsize: 4
edgesize: 4
weightsize: 4
nVtx: 8717
nVtx: 8717
nEdge: 31525
nVtx: 8717, nVtx: 8717, nEdge: 31525
graph read
filename: p2p-Gnutella06.bin nVtx: 8717 nonzero: 31525 AvgTime: 0.003391 
 number-blocks: 4 
vtxsize: 4
edgesize: 4
weightsize: 4
nVtx: 5242
nVtx: 5242
nEdge: 28980
nVtx: 5242, nVtx: 5242, nEdge: 28980
graph read
filename: ca-GrQc.bin nVtx: 5242 nonzero: 28980 AvgTime: 0.003521 
 number-blocks: 4 
vtxsize: 4
edgesize: 4
weightsize: 4
nVtx: 6301
nVtx: 6301
nEdge: 20777
nVtx: 6301, nVtx: 6301, nEdge: 20777
graph read
filename: p2p-Gnutella08.bin nVtx: 6301 nonzero: 20777 AvgTime: 0.003093 
 number-blocks: 4 
vtxsize: 4
edgesize: 4
weightsize: 4
nVtx: 26518
nVtx: 26518
nEdge: 65369
nVtx: 26518, nVtx: 26518, nEdge: 65369
graph read
filename: p2p-Gnutella24.bin nVtx: 26518 nonzero: 65369 AvgTime: 0.003855 
 number-blocks: 4 
vtxsize: 4
edgesize: 4
weightsize: 4
nVtx: 31379
nVtx: 31379
nEdge: 106762
nVtx: 31379, nVtx: 31379, nEdge: 106762
graph read
filename: as-caida.bin nVtx: 31379 nonzero: 106762 AvgTime: 0.013553 
 number-blocks: 4 
vtxsize: 4
edgesize: 4
weightsize: 4
nVtx: 82168
nVtx: 82168
nEdge: 948464
nVtx: 82168, nVtx: 82168, nEdge: 948464
graph read
filename: soc-Slashdot0902.bin nVtx: 82168 nonzero: 948464 AvgTime: 0.011675 
 number-blocks: 4 
vtxsize: 4
edgesize: 4
weightsize: 4
nVtx: 23133
nVtx: 23133
nEdge: 186936
nVtx: 23133, nVtx: 23133, nEdge: 186936
graph read
filename: ca-CondMat.bin nVtx: 23133 nonzero: 186936 AvgTime: 0.004488 
 number-blocks: 4 
vtxsize: 4
edgesize: 4
weightsize: 4
nVtx: 325729
nVtx: 325729
nEdge: 1497134
nVtx: 325729, nVtx: 325729, nEdge: 1497134
graph read
filename: web-NotreDame.bin nVtx: 325729 nonzero: 1497134 AvgTime: 0.024588 
 number-blocks: 4 
vtxsize: 4
edgesize: 4
weightsize: 4
nVtx: 82144
nVtx: 82144
nEdge: 549202
nVtx: 82144, nVtx: 82144, nEdge: 549202
graph read
filename: soc-sign-Slashdot090221.bin nVtx: 82144 nonzero: 549202 AvgTime: 0.007674 
 number-blocks: 4 
vtxsize: 4
edgesize: 4
weightsize: 4
nVtx: 8114
nVtx: 8114
nEdge: 26013
nVtx: 8114, nVtx: 8114, nEdge: 26013
graph read
filename: p2p-Gnutella09.bin nVtx: 8114 nonzero: 26013 AvgTime: 0.003159 
 number-blocks: 4 
vtxsize: 4
edgesize: 4
weightsize: 4
nVtx: 75888
nVtx: 75888
nEdge: 508837
nVtx: 75888, nVtx: 75888, nEdge: 508837
graph read
filename: soc-Epinions1.bin nVtx: 75888 nonzero: 508837 AvgTime: 0.009992 
 number-blocks: 4 
vtxsize: 4
edgesize: 4
weightsize: 4
nVtx: 12008
nVtx: 12008
nEdge: 237010
nVtx: 12008, nVtx: 12008, nEdge: 237010
graph read
filename: ca-HepPh.bin nVtx: 12008 nonzero: 237010 AvgTime: 0.004887 
 number-blocks: 4 
vtxsize: 4
edgesize: 4
weightsize: 4
nVtx: 1971281
nVtx: 1971281
nEdge: 5533214
nVtx: 1971281, nVtx: 1971281, nEdge: 5533214
graph read
filename: roadNet-CA.bin nVtx: 1971281 nonzero: 5533214 AvgTime: 0.058661 
 number-blocks: 4 
vtxsize: 4
edgesize: 4
weightsize: 4
nVtx: 8297
nVtx: 8297
nEdge: 103689
nVtx: 8297, nVtx: 8297, nEdge: 103689
graph read
filename: wiki-Vote.bin nVtx: 8297 nonzero: 103689 AvgTime: 0.00469 
 number-blocks: 4 
vtxsize: 4
edgesize: 4
weightsize: 4
nVtx: 403394
nVtx: 403394
nEdge: 3387388
nVtx: 403394, nVtx: 403394, nEdge: 3387388
graph read
filename: amazon0601.bin nVtx: 403394 nonzero: 3387388 AvgTime: 0.03092 
 number-blocks: 4 
vtxsize: 4
edgesize: 4
weightsize: 4
nVtx: 685230
nVtx: 685230
nEdge: 7600595
nVtx: 685230, nVtx: 685230, nEdge: 7600595
graph read
filename: web-BerkStan.bin nVtx: 685230 nonzero: 7600595 AvgTime: 0.045961 
 number-blocks: 4 
vtxsize: 4
edgesize: 4
weightsize: 4
nVtx: 8846
nVtx: 8846
nEdge: 31839
nVtx: 8846, nVtx: 8846, nEdge: 31839
graph read
filename: p2p-Gnutella05.bin nVtx: 8846 nonzero: 31839 AvgTime: 0.003046 
 number-blocks: 4 
vtxsize: 4
edgesize: 4
weightsize: 4
nVtx: 77360
nVtx: 77360
nEdge: 905468
nVtx: 77360, nVtx: 77360, nEdge: 905468
graph read
filename: soc-Slashdot0811.bin nVtx: 77360 nonzero: 905468 AvgTime: 0.011431 
 number-blocks: 4 
vtxsize: 4
edgesize: 4
weightsize: 4
nVtx: 9877
nVtx: 9877
nEdge: 51971
nVtx: 9877, nVtx: 9877, nEdge: 51971
graph read
filename: ca-HepTh.bin nVtx: 9877 nonzero: 51971 AvgTime: 0.003203 
 number-blocks: 4 
vtxsize: 4
edgesize: 4
weightsize: 4
nVtx: 410236
nVtx: 410236
nEdge: 3356824
nVtx: 410236, nVtx: 410236, nEdge: 3356824
graph read
filename: amazon0505.bin nVtx: 410236 nonzero: 3356824 AvgTime: 0.031308 
 number-blocks: 4 
vtxsize: 4
edgesize: 4
weightsize: 4
nVtx: 22687
nVtx: 22687
nEdge: 54705
nVtx: 22687, nVtx: 22687, nEdge: 54705
graph read
filename: p2p-Gnutella25.bin nVtx: 22687 nonzero: 54705 AvgTime: 0.003474 
 number-blocks: 4 
vtxsize: 4
edgesize: 4
weightsize: 4
nVtx: 1134890
nVtx: 1134890
nEdge: 5975248
nVtx: 1134890, nVtx: 1134890, nEdge: 5975248
graph read
filename: com-youtube.ungraph.bin nVtx: 1134890 nonzero: 5975248 AvgTime: 0.120031 
 number-blocks: 4 
vtxsize: 4
edgesize: 4
weightsize: 4
nVtx: 18772
nVtx: 18772
nEdge: 396160
nVtx: 18772, nVtx: 18772, nEdge: 396160
graph read
filename: ca-AstroPh.bin nVtx: 18772 nonzero: 396160 AvgTime: 0.00535 
 number-blocks: 4 
vtxsize: 4
edgesize: 4
weightsize: 4
nVtx: 1090920
nVtx: 1090920
nEdge: 3083796
nVtx: 1090920, nVtx: 1090920, nEdge: 3083796
graph read
filename: roadNet-PA.bin nVtx: 1090920 nonzero: 3083796 AvgTime: 0.033974 
 number-blocks: 4 
vtxsize: 4
edgesize: 4
weightsize: 4
nVtx: 2394385
nVtx: 2394385
nEdge: 5021410
nVtx: 2394385, nVtx: 2394385, nEdge: 5021410
graph read
filename: wiki-Talk.bin nVtx: 2394385 nonzero: 5021410 AvgTime: 1.05619 
 number-blocks: 4 
vtxsize: 4
edgesize: 4
weightsize: 4
nVtx: 456626
nVtx: 456626
nEdge: 14855842
nVtx: 456626, nVtx: 456626, nEdge: 14855842
graph read
filename: higgs-social_network.bin nVtx: 456626 nonzero: 14855842 AvgTime: 0.098682 
 number-blocks: 4 
vtxsize: 4
edgesize: 4
weightsize: 4
nVtx: 265214
nVtx: 265214
nEdge: 420045
nVtx: 265214, nVtx: 265214, nEdge: 420045
graph read
filename: email-EuAll.bin nVtx: 265214 nonzero: 420045 AvgTime: 0.01575 
 number-blocks: 4 
vtxsize: 4
edgesize: 4
weightsize: 4
nVtx: 36692
nVtx: 36692
nEdge: 367662
nVtx: 36692, nVtx: 36692, nEdge: 367662
graph read
filename: email-Enron.bin nVtx: 36692 nonzero: 367662 AvgTime: 0.007609 
 number-blocks: 4 
vtxsize: 4
edgesize: 4
weightsize: 4
nVtx: 334863
nVtx: 334863
nEdge: 1851744
nVtx: 334863, nVtx: 334863, nEdge: 1851744
graph read
filename: com-amazon.ungraph.bin nVtx: 334863 nonzero: 1851744 AvgTime: 0.022484 
 number-blocks: 4 
vtxsize: 4
edgesize: 4
weightsize: 4
nVtx: 281903
nVtx: 281903
nEdge: 2312497
nVtx: 281903, nVtx: 281903, nEdge: 2312497
graph read
filename: web-Stanford.bin nVtx: 281903 nonzero: 2312497 AvgTime: 0.023521 
 number-blocks: 4 
vtxsize: 4
edgesize: 4
weightsize: 4
nVtx: 81871
nVtx: 81871
nEdge: 545671
nVtx: 81871, nVtx: 81871, nEdge: 545671
graph read
filename: soc-sign-Slashdot090216.bin nVtx: 81871 nonzero: 545671 AvgTime: 0.007739 
 number-blocks: 4 
vtxsize: 4
edgesize: 4
weightsize: 4
nVtx: 34546
nVtx: 34546
nEdge: 421578
nVtx: 34546, nVtx: 34546, nEdge: 421578
graph read
filename: cit-HepPh.bin nVtx: 34546 nonzero: 421578 AvgTime: 0.00565 
 number-blocks: 4 
vtxsize: 4
edgesize: 4
weightsize: 4
nVtx: 400727
nVtx: 400727
nEdge: 3200440
nVtx: 400727, nVtx: 400727, nEdge: 3200440
graph read
filename: amazon0312.bin nVtx: 400727 nonzero: 3200440 AvgTime: 0.029834 
 number-blocks: 4 
vtxsize: 4
edgesize: 4
weightsize: 4
nVtx: 10879
nVtx: 10879
nEdge: 39994
nVtx: 10879, nVtx: 10879, nEdge: 39994
graph read
filename: p2p-Gnutella04.bin nVtx: 10879 nonzero: 39994 AvgTime: 0.003207 
 number-blocks: 4 
vtxsize: 4
edgesize: 4
weightsize: 4
nVtx: 3997962
nVtx: 3997962
nEdge: 69362378
nVtx: 3997962, nVtx: 3997962, nEdge: 69362378
graph read
filename: com-lj.ungraph.bin nVtx: 3997962 nonzero: 69362378 AvgTime: 0.974051 
 number-blocks: 4 
vtxsize: 4
edgesize: 4
weightsize: 4
nVtx: 11492
nVtx: 11492
nEdge: 46818
nVtx: 11492, nVtx: 11492, nEdge: 46818
graph read
filename: Oregon-1.bin nVtx: 11492 nonzero: 46818 AvgTime: 0.012303 
 number-blocks: 4 
vtxsize: 4
edgesize: 4
weightsize: 4
nVtx: 11806
nVtx: 11806
nEdge: 65460
nVtx: 11806, nVtx: 11806, nEdge: 65460
graph read
filename: Oregon-2.bin nVtx: 11806 nonzero: 65460 AvgTime: 0.007698 
 number-blocks: 4 
vtxsize: 4
edgesize: 4
weightsize: 4
nVtx: 916428
nVtx: 916428
nEdge: 5105039
nVtx: 916428, nVtx: 916428, nEdge: 5105039
graph read
filename: web-Google.bin nVtx: 916428 nonzero: 5105039 AvgTime: 0.104002 
 number-blocks: 4 
vtxsize: 4
edgesize: 4
weightsize: 4
nVtx: 1696415
nVtx: 1696415
nEdge: 22190596
nVtx: 1696415, nVtx: 1696415, nEdge: 22190596
graph read
filename: as-Skitter.bin nVtx: 1696415 nonzero: 22190596 AvgTime: 0.206006 
 number-blocks: 4 
vtxsize: 4
edgesize: 4
weightsize: 4
nVtx: 262111
nVtx: 262111
nEdge: 1234877
nVtx: 262111, nVtx: 262111, nEdge: 1234877
graph read
filename: amazon0302.bin nVtx: 262111 nonzero: 1234877 AvgTime: 0.014355 
 number-blocks: 4 
			------- 8 ---------- 
vtxsize: 4
edgesize: 4
weightsize: 4
nVtx: 7716
nVtx: 7716
nEdge: 26467
nVtx: 7716, nVtx: 7716, nEdge: 26467
graph read
filename: as-735.bin nVtx: 7716 nonzero: 26467 AvgTime: 0.008576 
 number-blocks: 8 
vtxsize: 4
edgesize: 4
weightsize: 4
nVtx: 317080
nVtx: 317080
nEdge: 2099732
nVtx: 317080, nVtx: 317080, nEdge: 2099732
graph read
filename: com-dblp.ungraph.bin nVtx: 317080 nonzero: 2099732 AvgTime: 0.021666 
 number-blocks: 8 
vtxsize: 4
edgesize: 4
weightsize: 4
nVtx: 4847571
nVtx: 4847571
nEdge: 68993773
nVtx: 4847571, nVtx: 4847571, nEdge: 68993773
graph read
filename: soc-LiveJournal1.bin nVtx: 4847571 nonzero: 68993773 AvgTime: 1.00999 
 number-blocks: 8 
vtxsize: 4
edgesize: 4
weightsize: 4
nVtx: 1632803
nVtx: 1632803
nEdge: 30622564
nVtx: 1632803, nVtx: 1632803, nEdge: 30622564
graph read
filename: soc-pokec-relationships.bin nVtx: 1632803 nonzero: 30622564 AvgTime: 0.528451 
 number-blocks: 8 
vtxsize: 4
edgesize: 4
weightsize: 4
nVtx: 131828
nVtx: 131828
nEdge: 841372
nVtx: 131828, nVtx: 131828, nEdge: 841372
graph read
filename: soc-sign-epinions.bin nVtx: 131828 nonzero: 841372 AvgTime: 0.014985 
 number-blocks: 8 
vtxsize: 4
edgesize: 4
weightsize: 4
nVtx: 3072441
nVtx: 3072441
nEdge: 234370166
nVtx: 3072441, nVtx: 3072441, nEdge: 234370166
graph read
filename: com-orkut.ungraph.bin nVtx: 3072441 nonzero: 234370166 AvgTime: 3.11449 
 number-blocks: 8 
vtxsize: 4
edgesize: 4
weightsize: 4
nVtx: 1393383
nVtx: 1393383
nEdge: 3843320
nVtx: 1393383, nVtx: 1393383, nEdge: 3843320
graph read
filename: roadNet-TX.bin nVtx: 1393383 nonzero: 3843320 AvgTime: 0.042072 
 number-blocks: 8 
vtxsize: 4
edgesize: 4
weightsize: 4
nVtx: 27770
nVtx: 27770
nEdge: 352807
nVtx: 27770, nVtx: 27770, nEdge: 352807
graph read
filename: cit-HepTh.bin nVtx: 27770 nonzero: 352807 AvgTime: 0.006248 
 number-blocks: 8 
vtxsize: 4
edgesize: 4
weightsize: 4
nVtx: 62586
nVtx: 62586
nEdge: 147892
nVtx: 62586, nVtx: 62586, nEdge: 147892
graph read
filename: p2p-Gnutella31.bin nVtx: 62586 nonzero: 147892 AvgTime: 0.004779 
 number-blocks: 8 
vtxsize: 4
edgesize: 4
weightsize: 4
nVtx: 3774768
nVtx: 3774768
nEdge: 16518948
nVtx: 3774768, nVtx: 3774768, nEdge: 16518948
graph read
filename: cit-Patents.bin nVtx: 3774768 nonzero: 16518948 AvgTime: 0.470493 
 number-blocks: 8 
vtxsize: 4
edgesize: 4
weightsize: 4
nVtx: 77357
nVtx: 77357
nEdge: 516575
nVtx: 77357, nVtx: 77357, nEdge: 516575
graph read
filename: soc-sign-Slashdot081106.bin nVtx: 77357 nonzero: 516575 AvgTime: 0.007269 
 number-blocks: 8 
vtxsize: 4
edgesize: 4
weightsize: 4
nVtx: 36682
nVtx: 36682
nEdge: 88328
nVtx: 36682, nVtx: 36682, nEdge: 88328
graph read
filename: p2p-Gnutella30.bin nVtx: 36682 nonzero: 88328 AvgTime: 0.003715 
 number-blocks: 8 
vtxsize: 4
edgesize: 4
weightsize: 4
nVtx: 8717
nVtx: 8717
nEdge: 31525
nVtx: 8717, nVtx: 8717, nEdge: 31525
graph read
filename: p2p-Gnutella06.bin nVtx: 8717 nonzero: 31525 AvgTime: 0.003264 
 number-blocks: 8 
vtxsize: 4
edgesize: 4
weightsize: 4
nVtx: 5242
nVtx: 5242
nEdge: 28980
nVtx: 5242, nVtx: 5242, nEdge: 28980
graph read
filename: ca-GrQc.bin nVtx: 5242 nonzero: 28980 AvgTime: 0.003038 
 number-blocks: 8 
vtxsize: 4
edgesize: 4
weightsize: 4
nVtx: 6301
nVtx: 6301
nEdge: 20777
nVtx: 6301, nVtx: 6301, nEdge: 20777
graph read
filename: p2p-Gnutella08.bin nVtx: 6301 nonzero: 20777 AvgTime: 0.002986 
 number-blocks: 8 
vtxsize: 4
edgesize: 4
weightsize: 4
nVtx: 26518
nVtx: 26518
nEdge: 65369
nVtx: 26518, nVtx: 26518, nEdge: 65369
graph read
filename: p2p-Gnutella24.bin nVtx: 26518 nonzero: 65369 AvgTime: 0.003548 
 number-blocks: 8 
vtxsize: 4
edgesize: 4
weightsize: 4
nVtx: 31379
nVtx: 31379
nEdge: 106762
nVtx: 31379, nVtx: 31379, nEdge: 106762
graph read
filename: as-caida.bin nVtx: 31379 nonzero: 106762 AvgTime: 0.013419 
 number-blocks: 8 
vtxsize: 4
edgesize: 4
weightsize: 4
nVtx: 82168
nVtx: 82168
nEdge: 948464
nVtx: 82168, nVtx: 82168, nEdge: 948464
graph read
filename: soc-Slashdot0902.bin nVtx: 82168 nonzero: 948464 AvgTime: 0.011539 
 number-blocks: 8 
vtxsize: 4
edgesize: 4
weightsize: 4
nVtx: 23133
nVtx: 23133
nEdge: 186936
nVtx: 23133, nVtx: 23133, nEdge: 186936
graph read
filename: ca-CondMat.bin nVtx: 23133 nonzero: 186936 AvgTime: 0.004369 
 number-blocks: 8 
vtxsize: 4
edgesize: 4
weightsize: 4
nVtx: 325729
nVtx: 325729
nEdge: 1497134
nVtx: 325729, nVtx: 325729, nEdge: 1497134
graph read
filename: web-NotreDame.bin nVtx: 325729 nonzero: 1497134 AvgTime: 0.024153 
 number-blocks: 8 
vtxsize: 4
edgesize: 4
weightsize: 4
nVtx: 82144
nVtx: 82144
nEdge: 549202
nVtx: 82144, nVtx: 82144, nEdge: 549202
graph read
filename: soc-sign-Slashdot090221.bin nVtx: 82144 nonzero: 549202 AvgTime: 0.00759 
 number-blocks: 8 
vtxsize: 4
edgesize: 4
weightsize: 4
nVtx: 8114
nVtx: 8114
nEdge: 26013
nVtx: 8114, nVtx: 8114, nEdge: 26013
graph read
filename: p2p-Gnutella09.bin nVtx: 8114 nonzero: 26013 AvgTime: 0.003042 
 number-blocks: 8 
vtxsize: 4
edgesize: 4
weightsize: 4
nVtx: 75888
nVtx: 75888
nEdge: 508837
nVtx: 75888, nVtx: 75888, nEdge: 508837
graph read
filename: soc-Epinions1.bin nVtx: 75888 nonzero: 508837 AvgTime: 0.009703 
 number-blocks: 8 
vtxsize: 4
edgesize: 4
weightsize: 4
nVtx: 12008
nVtx: 12008
nEdge: 237010
nVtx: 12008, nVtx: 12008, nEdge: 237010
graph read
filename: ca-HepPh.bin nVtx: 12008 nonzero: 237010 AvgTime: 0.00478 
 number-blocks: 8 
vtxsize: 4
edgesize: 4
weightsize: 4
nVtx: 1971281
nVtx: 1971281
nEdge: 5533214
nVtx: 1971281, nVtx: 1971281, nEdge: 5533214
graph read
filename: roadNet-CA.bin nVtx: 1971281 nonzero: 5533214 AvgTime: 0.058636 
 number-blocks: 8 
vtxsize: 4
edgesize: 4
weightsize: 4
nVtx: 8297
nVtx: 8297
nEdge: 103689
nVtx: 8297, nVtx: 8297, nEdge: 103689
graph read
filename: wiki-Vote.bin nVtx: 8297 nonzero: 103689 AvgTime: 0.004801 
 number-blocks: 8 
vtxsize: 4
edgesize: 4
weightsize: 4
nVtx: 403394
nVtx: 403394
nEdge: 3387388
nVtx: 403394, nVtx: 403394, nEdge: 3387388
graph read
filename: amazon0601.bin nVtx: 403394 nonzero: 3387388 AvgTime: 0.030995 
 number-blocks: 8 
vtxsize: 4
edgesize: 4
weightsize: 4
nVtx: 685230
nVtx: 685230
nEdge: 7600595
nVtx: 685230, nVtx: 685230, nEdge: 7600595
graph read
filename: web-BerkStan.bin nVtx: 685230 nonzero: 7600595 AvgTime: 0.046071 
 number-blocks: 8 
vtxsize: 4
edgesize: 4
weightsize: 4
nVtx: 8846
nVtx: 8846
nEdge: 31839
nVtx: 8846, nVtx: 8846, nEdge: 31839
graph read
filename: p2p-Gnutella05.bin nVtx: 8846 nonzero: 31839 AvgTime: 0.003064 
 number-blocks: 8 
vtxsize: 4
edgesize: 4
weightsize: 4
nVtx: 77360
nVtx: 77360
nEdge: 905468
nVtx: 77360, nVtx: 77360, nEdge: 905468
graph read
filename: soc-Slashdot0811.bin nVtx: 77360 nonzero: 905468 AvgTime: 0.01143 
 number-blocks: 8 
vtxsize: 4
edgesize: 4
weightsize: 4
nVtx: 9877
nVtx: 9877
nEdge: 51971
nVtx: 9877, nVtx: 9877, nEdge: 51971
graph read
filename: ca-HepTh.bin nVtx: 9877 nonzero: 51971 AvgTime: 0.003195 
 number-blocks: 8 
vtxsize: 4
edgesize: 4
weightsize: 4
nVtx: 410236
nVtx: 410236
nEdge: 3356824
nVtx: 410236, nVtx: 410236, nEdge: 3356824
graph read
filename: amazon0505.bin nVtx: 410236 nonzero: 3356824 AvgTime: 0.031118 
 number-blocks: 8 
vtxsize: 4
edgesize: 4
weightsize: 4
nVtx: 22687
nVtx: 22687
nEdge: 54705
nVtx: 22687, nVtx: 22687, nEdge: 54705
graph read
filename: p2p-Gnutella25.bin nVtx: 22687 nonzero: 54705 AvgTime: 0.003481 
 number-blocks: 8 
vtxsize: 4
edgesize: 4
weightsize: 4
nVtx: 1134890
nVtx: 1134890
nEdge: 5975248
nVtx: 1134890, nVtx: 1134890, nEdge: 5975248
graph read
filename: com-youtube.ungraph.bin nVtx: 1134890 nonzero: 5975248 AvgTime: 0.119939 
 number-blocks: 8 
vtxsize: 4
edgesize: 4
weightsize: 4
nVtx: 18772
nVtx: 18772
nEdge: 396160
nVtx: 18772, nVtx: 18772, nEdge: 396160
graph read
filename: ca-AstroPh.bin nVtx: 18772 nonzero: 396160 AvgTime: 0.005337 
 number-blocks: 8 
vtxsize: 4
edgesize: 4
weightsize: 4
nVtx: 1090920
nVtx: 1090920
nEdge: 3083796
nVtx: 1090920, nVtx: 1090920, nEdge: 3083796
graph read
filename: roadNet-PA.bin nVtx: 1090920 nonzero: 3083796 AvgTime: 0.034006 
 number-blocks: 8 
vtxsize: 4
edgesize: 4
weightsize: 4
nVtx: 2394385
nVtx: 2394385
nEdge: 5021410
nVtx: 2394385, nVtx: 2394385, nEdge: 5021410
graph read
filename: wiki-Talk.bin nVtx: 2394385 nonzero: 5021410 AvgTime: 1.05502 
 number-blocks: 8 
vtxsize: 4
edgesize: 4
weightsize: 4
nVtx: 456626
nVtx: 456626
nEdge: 14855842
nVtx: 456626, nVtx: 456626, nEdge: 14855842
graph read
filename: higgs-social_network.bin nVtx: 456626 nonzero: 14855842 AvgTime: 0.098699 
 number-blocks: 8 
vtxsize: 4
edgesize: 4
weightsize: 4
nVtx: 265214
nVtx: 265214
nEdge: 420045
nVtx: 265214, nVtx: 265214, nEdge: 420045
graph read
filename: email-EuAll.bin nVtx: 265214 nonzero: 420045 AvgTime: 0.015751 
 number-blocks: 8 
vtxsize: 4
edgesize: 4
weightsize: 4
nVtx: 36692
nVtx: 36692
nEdge: 367662
nVtx: 36692, nVtx: 36692, nEdge: 367662
graph read
filename: email-Enron.bin nVtx: 36692 nonzero: 367662 AvgTime: 0.007612 
 number-blocks: 8 
vtxsize: 4
edgesize: 4
weightsize: 4
nVtx: 334863
nVtx: 334863
nEdge: 1851744
nVtx: 334863, nVtx: 334863, nEdge: 1851744
graph read
filename: com-amazon.ungraph.bin nVtx: 334863 nonzero: 1851744 AvgTime: 0.022506 
 number-blocks: 8 
vtxsize: 4
edgesize: 4
weightsize: 4
nVtx: 281903
nVtx: 281903
nEdge: 2312497
nVtx: 281903, nVtx: 281903, nEdge: 2312497
graph read
filename: web-Stanford.bin nVtx: 281903 nonzero: 2312497 AvgTime: 0.023524 
 number-blocks: 8 
vtxsize: 4
edgesize: 4
weightsize: 4
nVtx: 81871
nVtx: 81871
nEdge: 545671
nVtx: 81871, nVtx: 81871, nEdge: 545671
graph read
filename: soc-sign-Slashdot090216.bin nVtx: 81871 nonzero: 545671 AvgTime: 0.007569 
 number-blocks: 8 
vtxsize: 4
edgesize: 4
weightsize: 4
nVtx: 34546
nVtx: 34546
nEdge: 421578
nVtx: 34546, nVtx: 34546, nEdge: 421578
graph read
filename: cit-HepPh.bin nVtx: 34546 nonzero: 421578 AvgTime: 0.005665 
 number-blocks: 8 
vtxsize: 4
edgesize: 4
weightsize: 4
nVtx: 400727
nVtx: 400727
nEdge: 3200440
nVtx: 400727, nVtx: 400727, nEdge: 3200440
graph read
filename: amazon0312.bin nVtx: 400727 nonzero: 3200440 AvgTime: 0.029816 
 number-blocks: 8 
vtxsize: 4
edgesize: 4
weightsize: 4
nVtx: 10879
nVtx: 10879
nEdge: 39994
nVtx: 10879, nVtx: 10879, nEdge: 39994
graph read
filename: p2p-Gnutella04.bin nVtx: 10879 nonzero: 39994 AvgTime: 0.003185 
 number-blocks: 8 
vtxsize: 4
edgesize: 4
weightsize: 4
nVtx: 3997962
nVtx: 3997962
nEdge: 69362378
nVtx: 3997962, nVtx: 3997962, nEdge: 69362378
graph read
filename: com-lj.ungraph.bin nVtx: 3997962 nonzero: 69362378 AvgTime: 0.974138 
 number-blocks: 8 
vtxsize: 4
edgesize: 4
weightsize: 4
nVtx: 11492
nVtx: 11492
nEdge: 46818
nVtx: 11492, nVtx: 11492, nEdge: 46818
graph read
filename: Oregon-1.bin nVtx: 11492 nonzero: 46818 AvgTime: 0.01229 
 number-blocks: 8 
vtxsize: 4
edgesize: 4
weightsize: 4
nVtx: 11806
nVtx: 11806
nEdge: 65460
nVtx: 11806, nVtx: 11806, nEdge: 65460
graph read
filename: Oregon-2.bin nVtx: 11806 nonzero: 65460 AvgTime: 0.007709 
 number-blocks: 8 
vtxsize: 4
edgesize: 4
weightsize: 4
nVtx: 916428
nVtx: 916428
nEdge: 5105039
nVtx: 916428, nVtx: 916428, nEdge: 5105039
graph read
filename: web-Google.bin nVtx: 916428 nonzero: 5105039 AvgTime: 0.104061 
 number-blocks: 8 
vtxsize: 4
edgesize: 4
weightsize: 4
nVtx: 1696415
nVtx: 1696415
nEdge: 22190596
nVtx: 1696415, nVtx: 1696415, nEdge: 22190596
graph read
filename: as-Skitter.bin nVtx: 1696415 nonzero: 22190596 AvgTime: 0.205986 
 number-blocks: 8 
vtxsize: 4
edgesize: 4
weightsize: 4
nVtx: 262111
nVtx: 262111
nEdge: 1234877
nVtx: 262111, nVtx: 262111, nEdge: 1234877
graph read
filename: amazon0302.bin nVtx: 262111 nonzero: 1234877 AvgTime: 0.014339 
 number-blocks: 8 
			------- 16 ---------- 
vtxsize: 4
edgesize: 4
weightsize: 4
nVtx: 7716
nVtx: 7716
nEdge: 26467
nVtx: 7716, nVtx: 7716, nEdge: 26467
graph read
filename: as-735.bin nVtx: 7716 nonzero: 26467 AvgTime: 0.008574 
 number-blocks: 16 
vtxsize: 4
edgesize: 4
weightsize: 4
nVtx: 317080
nVtx: 317080
nEdge: 2099732
nVtx: 317080, nVtx: 317080, nEdge: 2099732
graph read
filename: com-dblp.ungraph.bin nVtx: 317080 nonzero: 2099732 AvgTime: 0.021678 
 number-blocks: 16 
vtxsize: 4
edgesize: 4
weightsize: 4
nVtx: 4847571
nVtx: 4847571
nEdge: 68993773
nVtx: 4847571, nVtx: 4847571, nEdge: 68993773
graph read
filename: soc-LiveJournal1.bin nVtx: 4847571 nonzero: 68993773 AvgTime: 1.00991 
 number-blocks: 16 
vtxsize: 4
edgesize: 4
weightsize: 4
nVtx: 1632803
nVtx: 1632803
nEdge: 30622564
nVtx: 1632803, nVtx: 1632803, nEdge: 30622564
graph read
filename: soc-pokec-relationships.bin nVtx: 1632803 nonzero: 30622564 AvgTime: 0.52847 
 number-blocks: 16 
vtxsize: 4
edgesize: 4
weightsize: 4
nVtx: 131828
nVtx: 131828
nEdge: 841372
nVtx: 131828, nVtx: 131828, nEdge: 841372
graph read
filename: soc-sign-epinions.bin nVtx: 131828 nonzero: 841372 AvgTime: 0.015011 
 number-blocks: 16 
vtxsize: 4
edgesize: 4
weightsize: 4
nVtx: 3072441
nVtx: 3072441
nEdge: 234370166
nVtx: 3072441, nVtx: 3072441, nEdge: 234370166
graph read
filename: com-orkut.ungraph.bin nVtx: 3072441 nonzero: 234370166 AvgTime: 3.11445 
 number-blocks: 16 
vtxsize: 4
edgesize: 4
weightsize: 4
nVtx: 1393383
nVtx: 1393383
nEdge: 3843320
nVtx: 1393383, nVtx: 1393383, nEdge: 3843320
graph read
filename: roadNet-TX.bin nVtx: 1393383 nonzero: 3843320 AvgTime: 0.042057 
 number-blocks: 16 
vtxsize: 4
edgesize: 4
weightsize: 4
nVtx: 27770
nVtx: 27770
nEdge: 352807
nVtx: 27770, nVtx: 27770, nEdge: 352807
graph read
filename: cit-HepTh.bin nVtx: 27770 nonzero: 352807 AvgTime: 0.006026 
 number-blocks: 16 
vtxsize: 4
edgesize: 4
weightsize: 4
nVtx: 62586
nVtx: 62586
nEdge: 147892
nVtx: 62586, nVtx: 62586, nEdge: 147892
graph read
filename: p2p-Gnutella31.bin nVtx: 62586 nonzero: 147892 AvgTime: 0.004636 
 number-blocks: 16 
vtxsize: 4
edgesize: 4
weightsize: 4
nVtx: 3774768
nVtx: 3774768
nEdge: 16518948
nVtx: 3774768, nVtx: 3774768, nEdge: 16518948
graph read
filename: cit-Patents.bin nVtx: 3774768 nonzero: 16518948 AvgTime: 0.470398 
 number-blocks: 16 
vtxsize: 4
edgesize: 4
weightsize: 4
nVtx: 77357
nVtx: 77357
nEdge: 516575
nVtx: 77357, nVtx: 77357, nEdge: 516575
graph read
filename: soc-sign-Slashdot081106.bin nVtx: 77357 nonzero: 516575 AvgTime: 0.007217 
 number-blocks: 16 
vtxsize: 4
edgesize: 4
weightsize: 4
nVtx: 36682
nVtx: 36682
nEdge: 88328
nVtx: 36682, nVtx: 36682, nEdge: 88328
graph read
filename: p2p-Gnutella30.bin nVtx: 36682 nonzero: 88328 AvgTime: 0.003972 
 number-blocks: 16 
vtxsize: 4
edgesize: 4
weightsize: 4
nVtx: 8717
nVtx: 8717
nEdge: 31525
nVtx: 8717, nVtx: 8717, nEdge: 31525
graph read
filename: p2p-Gnutella06.bin nVtx: 8717 nonzero: 31525 AvgTime: 0.00337 
 number-blocks: 16 
vtxsize: 4
edgesize: 4
weightsize: 4
nVtx: 5242
nVtx: 5242
nEdge: 28980
nVtx: 5242, nVtx: 5242, nEdge: 28980
graph read
filename: ca-GrQc.bin nVtx: 5242 nonzero: 28980 AvgTime: 0.003139 
 number-blocks: 16 
vtxsize: 4
edgesize: 4
weightsize: 4
nVtx: 6301
nVtx: 6301
nEdge: 20777
nVtx: 6301, nVtx: 6301, nEdge: 20777
graph read
filename: p2p-Gnutella08.bin nVtx: 6301 nonzero: 20777 AvgTime: 0.003096 
 number-blocks: 16 
vtxsize: 4
edgesize: 4
weightsize: 4
nVtx: 26518
nVtx: 26518
nEdge: 65369
nVtx: 26518, nVtx: 26518, nEdge: 65369
graph read
filename: p2p-Gnutella24.bin nVtx: 26518 nonzero: 65369 AvgTime: 0.003651 
 number-blocks: 16 
vtxsize: 4
edgesize: 4
weightsize: 4
nVtx: 31379
nVtx: 31379
nEdge: 106762
nVtx: 31379, nVtx: 31379, nEdge: 106762
graph read
filename: as-caida.bin nVtx: 31379 nonzero: 106762 AvgTime: 0.013522 
 number-blocks: 16 
vtxsize: 4
edgesize: 4
weightsize: 4
nVtx: 82168
nVtx: 82168
nEdge: 948464
nVtx: 82168, nVtx: 82168, nEdge: 948464
graph read
filename: soc-Slashdot0902.bin nVtx: 82168 nonzero: 948464 AvgTime: 0.011651 
 number-blocks: 16 
vtxsize: 4
edgesize: 4
weightsize: 4
nVtx: 23133
nVtx: 23133
nEdge: 186936
nVtx: 23133, nVtx: 23133, nEdge: 186936
graph read
filename: ca-CondMat.bin nVtx: 23133 nonzero: 186936 AvgTime: 0.004471 
 number-blocks: 16 
vtxsize: 4
edgesize: 4
weightsize: 4
nVtx: 325729
nVtx: 325729
nEdge: 1497134
nVtx: 325729, nVtx: 325729, nEdge: 1497134
graph read
filename: web-NotreDame.bin nVtx: 325729 nonzero: 1497134 AvgTime: 0.024251 
 number-blocks: 16 
vtxsize: 4
edgesize: 4
weightsize: 4
nVtx: 82144
nVtx: 82144
nEdge: 549202
nVtx: 82144, nVtx: 82144, nEdge: 549202
graph read
filename: soc-sign-Slashdot090221.bin nVtx: 82144 nonzero: 549202 AvgTime: 0.007558 
 number-blocks: 16 
vtxsize: 4
edgesize: 4
weightsize: 4
nVtx: 8114
nVtx: 8114
nEdge: 26013
nVtx: 8114, nVtx: 8114, nEdge: 26013
graph read
filename: p2p-Gnutella09.bin nVtx: 8114 nonzero: 26013 AvgTime: 0.00303 
 number-blocks: 16 
vtxsize: 4
edgesize: 4
weightsize: 4
nVtx: 75888
nVtx: 75888
nEdge: 508837
nVtx: 75888, nVtx: 75888, nEdge: 508837
graph read
filename: soc-Epinions1.bin nVtx: 75888 nonzero: 508837 AvgTime: 0.009738 
 number-blocks: 16 
vtxsize: 4
edgesize: 4
weightsize: 4
nVtx: 12008
nVtx: 12008
nEdge: 237010
nVtx: 12008, nVtx: 12008, nEdge: 237010
graph read
filename: ca-HepPh.bin nVtx: 12008 nonzero: 237010 AvgTime: 0.004784 
 number-blocks: 16 
vtxsize: 4
edgesize: 4
weightsize: 4
nVtx: 1971281
nVtx: 1971281
nEdge: 5533214
nVtx: 1971281, nVtx: 1971281, nEdge: 5533214
graph read
filename: roadNet-CA.bin nVtx: 1971281 nonzero: 5533214 AvgTime: 0.058532 
 number-blocks: 16 
vtxsize: 4
edgesize: 4
weightsize: 4
nVtx: 8297
nVtx: 8297
nEdge: 103689
nVtx: 8297, nVtx: 8297, nEdge: 103689
graph read
filename: wiki-Vote.bin nVtx: 8297 nonzero: 103689 AvgTime: 0.004703 
 number-blocks: 16 
vtxsize: 4
edgesize: 4
weightsize: 4
nVtx: 403394
nVtx: 403394
nEdge: 3387388
nVtx: 403394, nVtx: 403394, nEdge: 3387388
graph read
filename: amazon0601.bin nVtx: 403394 nonzero: 3387388 AvgTime: 0.030902 
 number-blocks: 16 
vtxsize: 4
edgesize: 4
weightsize: 4
nVtx: 685230
nVtx: 685230
nEdge: 7600595
nVtx: 685230, nVtx: 685230, nEdge: 7600595
graph read
filename: web-BerkStan.bin nVtx: 685230 nonzero: 7600595 AvgTime: 0.046064 
 number-blocks: 16 
vtxsize: 4
edgesize: 4
weightsize: 4
nVtx: 8846
nVtx: 8846
nEdge: 31839
nVtx: 8846, nVtx: 8846, nEdge: 31839
graph read
filename: p2p-Gnutella05.bin nVtx: 8846 nonzero: 31839 AvgTime: 0.003172 
 number-blocks: 16 
vtxsize: 4
edgesize: 4
weightsize: 4
nVtx: 77360
nVtx: 77360
nEdge: 905468
nVtx: 77360, nVtx: 77360, nEdge: 905468
graph read
filename: soc-Slashdot0811.bin nVtx: 77360 nonzero: 905468 AvgTime: 0.011533 
 number-blocks: 16 
vtxsize: 4
edgesize: 4
weightsize: 4
nVtx: 9877
nVtx: 9877
nEdge: 51971
nVtx: 9877, nVtx: 9877, nEdge: 51971
graph read
filename: ca-HepTh.bin nVtx: 9877 nonzero: 51971 AvgTime: 0.003315 
 number-blocks: 16 
vtxsize: 4
edgesize: 4
weightsize: 4
nVtx: 410236
nVtx: 410236
nEdge: 3356824
nVtx: 410236, nVtx: 410236, nEdge: 3356824
graph read
filename: amazon0505.bin nVtx: 410236 nonzero: 3356824 AvgTime: 0.031221 
 number-blocks: 16 
vtxsize: 4
edgesize: 4
weightsize: 4
nVtx: 22687
nVtx: 22687
nEdge: 54705
nVtx: 22687, nVtx: 22687, nEdge: 54705
graph read
filename: p2p-Gnutella25.bin nVtx: 22687 nonzero: 54705 AvgTime: 0.003479 
 number-blocks: 16 
vtxsize: 4
edgesize: 4
weightsize: 4
nVtx: 1134890
nVtx: 1134890
nEdge: 5975248
nVtx: 1134890, nVtx: 1134890, nEdge: 5975248
graph read
filename: com-youtube.ungraph.bin nVtx: 1134890 nonzero: 5975248 AvgTime: 0.119959 
 number-blocks: 16 
vtxsize: 4
edgesize: 4
weightsize: 4
nVtx: 18772
nVtx: 18772
nEdge: 396160
nVtx: 18772, nVtx: 18772, nEdge: 396160
graph read
filename: ca-AstroPh.bin nVtx: 18772 nonzero: 396160 AvgTime: 0.005373 
 number-blocks: 16 
vtxsize: 4
edgesize: 4
weightsize: 4
nVtx: 1090920
nVtx: 1090920
nEdge: 3083796
nVtx: 1090920, nVtx: 1090920, nEdge: 3083796
graph read
filename: roadNet-PA.bin nVtx: 1090920 nonzero: 3083796 AvgTime: 0.034009 
 number-blocks: 16 
vtxsize: 4
edgesize: 4
weightsize: 4
nVtx: 2394385
nVtx: 2394385
nEdge: 5021410
nVtx: 2394385, nVtx: 2394385, nEdge: 5021410
graph read
filename: wiki-Talk.bin nVtx: 2394385 nonzero: 5021410 AvgTime: 1.05614 
 number-blocks: 16 
vtxsize: 4
edgesize: 4
weightsize: 4
nVtx: 456626
nVtx: 456626
nEdge: 14855842
nVtx: 456626, nVtx: 456626, nEdge: 14855842
graph read
filename: higgs-social_network.bin nVtx: 456626 nonzero: 14855842 AvgTime: 0.09874 
 number-blocks: 16 
vtxsize: 4
edgesize: 4
weightsize: 4
nVtx: 265214
nVtx: 265214
nEdge: 420045
nVtx: 265214, nVtx: 265214, nEdge: 420045
graph read
filename: email-EuAll.bin nVtx: 265214 nonzero: 420045 AvgTime: 0.015755 
 number-blocks: 16 
vtxsize: 4
edgesize: 4
weightsize: 4
nVtx: 36692
nVtx: 36692
nEdge: 367662
nVtx: 36692, nVtx: 36692, nEdge: 367662
graph read
filename: email-Enron.bin nVtx: 36692 nonzero: 367662 AvgTime: 0.007638 
 number-blocks: 16 
vtxsize: 4
edgesize: 4
weightsize: 4
nVtx: 334863
nVtx: 334863
nEdge: 1851744
nVtx: 334863, nVtx: 334863, nEdge: 1851744
graph read
filename: com-amazon.ungraph.bin nVtx: 334863 nonzero: 1851744 AvgTime: 0.022505 
 number-blocks: 16 
vtxsize: 4
edgesize: 4
weightsize: 4
nVtx: 281903
nVtx: 281903
nEdge: 2312497
nVtx: 281903, nVtx: 281903, nEdge: 2312497
graph read
filename: web-Stanford.bin nVtx: 281903 nonzero: 2312497 AvgTime: 0.023526 
 number-blocks: 16 
vtxsize: 4
edgesize: 4
weightsize: 4
nVtx: 81871
nVtx: 81871
nEdge: 545671
nVtx: 81871, nVtx: 81871, nEdge: 545671
graph read
filename: soc-sign-Slashdot090216.bin nVtx: 81871 nonzero: 545671 AvgTime: 0.007581 
 number-blocks: 16 
vtxsize: 4
edgesize: 4
weightsize: 4
nVtx: 34546
nVtx: 34546
nEdge: 421578
nVtx: 34546, nVtx: 34546, nEdge: 421578
graph read
filename: cit-HepPh.bin nVtx: 34546 nonzero: 421578 AvgTime: 0.00569 
 number-blocks: 16 
vtxsize: 4
edgesize: 4
weightsize: 4
nVtx: 400727
nVtx: 400727
nEdge: 3200440
nVtx: 400727, nVtx: 400727, nEdge: 3200440
graph read
filename: amazon0312.bin nVtx: 400727 nonzero: 3200440 AvgTime: 0.029847 
 number-blocks: 16 
vtxsize: 4
edgesize: 4
weightsize: 4
nVtx: 10879
nVtx: 10879
nEdge: 39994
nVtx: 10879, nVtx: 10879, nEdge: 39994
graph read
filename: p2p-Gnutella04.bin nVtx: 10879 nonzero: 39994 AvgTime: 0.003194 
 number-blocks: 16 
vtxsize: 4
edgesize: 4
weightsize: 4
nVtx: 3997962
nVtx: 3997962
nEdge: 69362378
nVtx: 3997962, nVtx: 3997962, nEdge: 69362378
graph read
filename: com-lj.ungraph.bin nVtx: 3997962 nonzero: 69362378 AvgTime: 0.974008 
 number-blocks: 16 
vtxsize: 4
edgesize: 4
weightsize: 4
nVtx: 11492
nVtx: 11492
nEdge: 46818
nVtx: 11492, nVtx: 11492, nEdge: 46818
graph read
filename: Oregon-1.bin nVtx: 11492 nonzero: 46818 AvgTime: 0.012281 
 number-blocks: 16 
vtxsize: 4
edgesize: 4
weightsize: 4
nVtx: 11806
nVtx: 11806
nEdge: 65460
nVtx: 11806, nVtx: 11806, nEdge: 65460
graph read
filename: Oregon-2.bin nVtx: 11806 nonzero: 65460 AvgTime: 0.007842 
 number-blocks: 16 
vtxsize: 4
edgesize: 4
weightsize: 4
nVtx: 916428
nVtx: 916428
nEdge: 5105039
nVtx: 916428, nVtx: 916428, nEdge: 5105039
graph read
filename: web-Google.bin nVtx: 916428 nonzero: 5105039 AvgTime: 0.104068 
 number-blocks: 16 
vtxsize: 4
edgesize: 4
weightsize: 4
nVtx: 1696415
nVtx: 1696415
nEdge: 22190596
nVtx: 1696415, nVtx: 1696415, nEdge: 22190596
graph read
filename: as-Skitter.bin nVtx: 1696415 nonzero: 22190596 AvgTime: 0.206112 
 number-blocks: 16 
vtxsize: 4
edgesize: 4
weightsize: 4
nVtx: 262111
nVtx: 262111
nEdge: 1234877
nVtx: 262111, nVtx: 262111, nEdge: 1234877
graph read
filename: amazon0302.bin nVtx: 262111 nonzero: 1234877 AvgTime: 0.014344 
 number-blocks: 16 
			------- 32 ---------- 
vtxsize: 4
edgesize: 4
weightsize: 4
nVtx: 7716
nVtx: 7716
nEdge: 26467
nVtx: 7716, nVtx: 7716, nEdge: 26467
graph read
filename: as-735.bin nVtx: 7716 nonzero: 26467 AvgTime: 0.00856 
 number-blocks: 32 
vtxsize: 4
edgesize: 4
weightsize: 4
nVtx: 317080
nVtx: 317080
nEdge: 2099732
nVtx: 317080, nVtx: 317080, nEdge: 2099732
graph read
filename: com-dblp.ungraph.bin nVtx: 317080 nonzero: 2099732 AvgTime: 0.02167 
 number-blocks: 32 
vtxsize: 4
edgesize: 4
weightsize: 4
nVtx: 4847571
nVtx: 4847571
nEdge: 68993773
nVtx: 4847571, nVtx: 4847571, nEdge: 68993773
graph read
filename: soc-LiveJournal1.bin nVtx: 4847571 nonzero: 68993773 AvgTime: 1.01037 
 number-blocks: 32 
vtxsize: 4
edgesize: 4
weightsize: 4
nVtx: 1632803
nVtx: 1632803
nEdge: 30622564
nVtx: 1632803, nVtx: 1632803, nEdge: 30622564
graph read
filename: soc-pokec-relationships.bin nVtx: 1632803 nonzero: 30622564 AvgTime: 0.528461 
 number-blocks: 32 
vtxsize: 4
edgesize: 4
weightsize: 4
nVtx: 131828
nVtx: 131828
nEdge: 841372
nVtx: 131828, nVtx: 131828, nEdge: 841372
graph read
filename: soc-sign-epinions.bin nVtx: 131828 nonzero: 841372 AvgTime: 0.015011 
 number-blocks: 32 
vtxsize: 4
edgesize: 4
weightsize: 4
nVtx: 3072441
nVtx: 3072441
nEdge: 234370166
nVtx: 3072441, nVtx: 3072441, nEdge: 234370166
graph read
filename: com-orkut.ungraph.bin nVtx: 3072441 nonzero: 234370166 AvgTime: 3.1145 
 number-blocks: 32 
vtxsize: 4
edgesize: 4
weightsize: 4
nVtx: 1393383
nVtx: 1393383
nEdge: 3843320
nVtx: 1393383, nVtx: 1393383, nEdge: 3843320
graph read
filename: roadNet-TX.bin nVtx: 1393383 nonzero: 3843320 AvgTime: 0.042168 
 number-blocks: 32 
vtxsize: 4
edgesize: 4
weightsize: 4
nVtx: 27770
nVtx: 27770
nEdge: 352807
nVtx: 27770, nVtx: 27770, nEdge: 352807
graph read
filename: cit-HepTh.bin nVtx: 27770 nonzero: 352807 AvgTime: 0.005992 
 number-blocks: 32 
vtxsize: 4
edgesize: 4
weightsize: 4
nVtx: 62586
nVtx: 62586
nEdge: 147892
nVtx: 62586, nVtx: 62586, nEdge: 147892
graph read
filename: p2p-Gnutella31.bin nVtx: 62586 nonzero: 147892 AvgTime: 0.004648 
 number-blocks: 32 
vtxsize: 4
edgesize: 4
weightsize: 4
nVtx: 3774768
nVtx: 3774768
nEdge: 16518948
nVtx: 3774768, nVtx: 3774768, nEdge: 16518948
graph read
filename: cit-Patents.bin nVtx: 3774768 nonzero: 16518948 AvgTime: 0.470408 
 number-blocks: 32 
vtxsize: 4
edgesize: 4
weightsize: 4
nVtx: 77357
nVtx: 77357
nEdge: 516575
nVtx: 77357, nVtx: 77357, nEdge: 516575
graph read
filename: soc-sign-Slashdot081106.bin nVtx: 77357 nonzero: 516575 AvgTime: 0.007233 
 number-blocks: 32 
vtxsize: 4
edgesize: 4
weightsize: 4
nVtx: 36682
nVtx: 36682
nEdge: 88328
nVtx: 36682, nVtx: 36682, nEdge: 88328
graph read
filename: p2p-Gnutella30.bin nVtx: 36682 nonzero: 88328 AvgTime: 0.003731 
 number-blocks: 32 
vtxsize: 4
edgesize: 4
weightsize: 4
nVtx: 8717
nVtx: 8717
nEdge: 31525
nVtx: 8717, nVtx: 8717, nEdge: 31525
graph read
filename: p2p-Gnutella06.bin nVtx: 8717 nonzero: 31525 AvgTime: 0.003319 
 number-blocks: 32 
vtxsize: 4
edgesize: 4
weightsize: 4
nVtx: 5242
nVtx: 5242
nEdge: 28980
nVtx: 5242, nVtx: 5242, nEdge: 28980
graph read
filename: ca-GrQc.bin nVtx: 5242 nonzero: 28980 AvgTime: 0.003043 
 number-blocks: 32 
vtxsize: 4
edgesize: 4
weightsize: 4
nVtx: 6301
nVtx: 6301
nEdge: 20777
nVtx: 6301, nVtx: 6301, nEdge: 20777
graph read
filename: p2p-Gnutella08.bin nVtx: 6301 nonzero: 20777 AvgTime: 0.00326 
 number-blocks: 32 
vtxsize: 4
edgesize: 4
weightsize: 4
nVtx: 26518
nVtx: 26518
nEdge: 65369
nVtx: 26518, nVtx: 26518, nEdge: 65369
graph read
filename: p2p-Gnutella24.bin nVtx: 26518 nonzero: 65369 AvgTime: 0.003635 
 number-blocks: 32 
vtxsize: 4
edgesize: 4
weightsize: 4
nVtx: 31379
nVtx: 31379
nEdge: 106762
nVtx: 31379, nVtx: 31379, nEdge: 106762
graph read
filename: as-caida.bin nVtx: 31379 nonzero: 106762 AvgTime: 0.013647 
 number-blocks: 32 
vtxsize: 4
edgesize: 4
weightsize: 4
nVtx: 82168
nVtx: 82168
nEdge: 948464
nVtx: 82168, nVtx: 82168, nEdge: 948464
graph read
filename: soc-Slashdot0902.bin nVtx: 82168 nonzero: 948464 AvgTime: 0.011696 
 number-blocks: 32 
vtxsize: 4
edgesize: 4
weightsize: 4
nVtx: 23133
nVtx: 23133
nEdge: 186936
nVtx: 23133, nVtx: 23133, nEdge: 186936
graph read
filename: ca-CondMat.bin nVtx: 23133 nonzero: 186936 AvgTime: 0.004496 
 number-blocks: 32 
vtxsize: 4
edgesize: 4
weightsize: 4
nVtx: 325729
nVtx: 325729
nEdge: 1497134
nVtx: 325729, nVtx: 325729, nEdge: 1497134
graph read
filename: web-NotreDame.bin nVtx: 325729 nonzero: 1497134 AvgTime: 0.024314 
 number-blocks: 32 
vtxsize: 4
edgesize: 4
weightsize: 4
nVtx: 82144
nVtx: 82144
nEdge: 549202
nVtx: 82144, nVtx: 82144, nEdge: 549202
graph read
filename: soc-sign-Slashdot090221.bin nVtx: 82144 nonzero: 549202 AvgTime: 0.007588 
 number-blocks: 32 
vtxsize: 4
edgesize: 4
weightsize: 4
nVtx: 8114
nVtx: 8114
nEdge: 26013
nVtx: 8114, nVtx: 8114, nEdge: 26013
graph read
filename: p2p-Gnutella09.bin nVtx: 8114 nonzero: 26013 AvgTime: 0.003276 
 number-blocks: 32 
vtxsize: 4
edgesize: 4
weightsize: 4
nVtx: 75888
nVtx: 75888
nEdge: 508837
nVtx: 75888, nVtx: 75888, nEdge: 508837
graph read
filename: soc-Epinions1.bin nVtx: 75888 nonzero: 508837 AvgTime: 0.009847 
 number-blocks: 32 
vtxsize: 4
edgesize: 4
weightsize: 4
nVtx: 12008
nVtx: 12008
nEdge: 237010
nVtx: 12008, nVtx: 12008, nEdge: 237010
graph read
filename: ca-HepPh.bin nVtx: 12008 nonzero: 237010 AvgTime: 0.00544 
 number-blocks: 32 
vtxsize: 4
edgesize: 4
weightsize: 4
nVtx: 1971281
nVtx: 1971281
nEdge: 5533214
nVtx: 1971281, nVtx: 1971281, nEdge: 5533214
graph read
filename: roadNet-CA.bin nVtx: 1971281 nonzero: 5533214 AvgTime: 0.058759 
 number-blocks: 32 
vtxsize: 4
edgesize: 4
weightsize: 4
nVtx: 8297
nVtx: 8297
nEdge: 103689
nVtx: 8297, nVtx: 8297, nEdge: 103689
graph read
filename: wiki-Vote.bin nVtx: 8297 nonzero: 103689 AvgTime: 0.004742 
 number-blocks: 32 
vtxsize: 4
edgesize: 4
weightsize: 4
nVtx: 403394
nVtx: 403394
nEdge: 3387388
nVtx: 403394, nVtx: 403394, nEdge: 3387388
graph read
filename: amazon0601.bin nVtx: 403394 nonzero: 3387388 AvgTime: 0.031196 
 number-blocks: 32 
vtxsize: 4
edgesize: 4
weightsize: 4
nVtx: 685230
nVtx: 685230
nEdge: 7600595
nVtx: 685230, nVtx: 685230, nEdge: 7600595
graph read
filename: web-BerkStan.bin nVtx: 685230 nonzero: 7600595 AvgTime: 0.046281 
 number-blocks: 32 
vtxsize: 4
edgesize: 4
weightsize: 4
nVtx: 8846
nVtx: 8846
nEdge: 31839
nVtx: 8846, nVtx: 8846, nEdge: 31839
graph read
filename: p2p-Gnutella05.bin nVtx: 8846 nonzero: 31839 AvgTime: 0.003089 
 number-blocks: 32 
vtxsize: 4
edgesize: 4
weightsize: 4
nVtx: 77360
nVtx: 77360
nEdge: 905468
nVtx: 77360, nVtx: 77360, nEdge: 905468
graph read
filename: soc-Slashdot0811.bin nVtx: 77360 nonzero: 905468 AvgTime: 0.011431 
 number-blocks: 32 
vtxsize: 4
edgesize: 4
weightsize: 4
nVtx: 9877
nVtx: 9877
nEdge: 51971
nVtx: 9877, nVtx: 9877, nEdge: 51971
graph read
filename: ca-HepTh.bin nVtx: 9877 nonzero: 51971 AvgTime: 0.00324 
 number-blocks: 32 
vtxsize: 4
edgesize: 4
weightsize: 4
nVtx: 410236
nVtx: 410236
nEdge: 3356824
nVtx: 410236, nVtx: 410236, nEdge: 3356824
graph read
filename: amazon0505.bin nVtx: 410236 nonzero: 3356824 AvgTime: 0.031388 
 number-blocks: 32 
vtxsize: 4
edgesize: 4
weightsize: 4
nVtx: 22687
nVtx: 22687
nEdge: 54705
nVtx: 22687, nVtx: 22687, nEdge: 54705
graph read
filename: p2p-Gnutella25.bin nVtx: 22687 nonzero: 54705 AvgTime: 0.00385 
 number-blocks: 32 
vtxsize: 4
edgesize: 4
weightsize: 4
nVtx: 1134890
nVtx: 1134890
nEdge: 5975248
nVtx: 1134890, nVtx: 1134890, nEdge: 5975248
graph read
filename: com-youtube.ungraph.bin nVtx: 1134890 nonzero: 5975248 AvgTime: 0.120016 
 number-blocks: 32 
vtxsize: 4
edgesize: 4
weightsize: 4
nVtx: 18772
nVtx: 18772
nEdge: 396160
nVtx: 18772, nVtx: 18772, nEdge: 396160
graph read
filename: ca-AstroPh.bin nVtx: 18772 nonzero: 396160 AvgTime: 0.005368 
 number-blocks: 32 
vtxsize: 4
edgesize: 4
weightsize: 4
nVtx: 1090920
nVtx: 1090920
nEdge: 3083796
nVtx: 1090920, nVtx: 1090920, nEdge: 3083796
graph read
filename: roadNet-PA.bin nVtx: 1090920 nonzero: 3083796 AvgTime: 0.034022 
 number-blocks: 32 
vtxsize: 4
edgesize: 4
weightsize: 4
nVtx: 2394385
nVtx: 2394385
nEdge: 5021410
nVtx: 2394385, nVtx: 2394385, nEdge: 5021410
graph read
filename: wiki-Talk.bin nVtx: 2394385 nonzero: 5021410 AvgTime: 1.05474 
 number-blocks: 32 
vtxsize: 4
edgesize: 4
weightsize: 4
nVtx: 456626
nVtx: 456626
nEdge: 14855842
nVtx: 456626, nVtx: 456626, nEdge: 14855842
graph read
filename: higgs-social_network.bin nVtx: 456626 nonzero: 14855842 AvgTime: 0.098695 
 number-blocks: 32 
vtxsize: 4
edgesize: 4
weightsize: 4
nVtx: 265214
nVtx: 265214
nEdge: 420045
nVtx: 265214, nVtx: 265214, nEdge: 420045
graph read
filename: email-EuAll.bin nVtx: 265214 nonzero: 420045 AvgTime: 0.015857 
 number-blocks: 32 
vtxsize: 4
edgesize: 4
weightsize: 4
nVtx: 36692
nVtx: 36692
nEdge: 367662
nVtx: 36692, nVtx: 36692, nEdge: 367662
graph read
filename: email-Enron.bin nVtx: 36692 nonzero: 367662 AvgTime: 0.007702 
 number-blocks: 32 
vtxsize: 4
edgesize: 4
weightsize: 4
nVtx: 334863
nVtx: 334863
nEdge: 1851744
nVtx: 334863, nVtx: 334863, nEdge: 1851744
graph read
filename: com-amazon.ungraph.bin nVtx: 334863 nonzero: 1851744 AvgTime: 0.022518 
 number-blocks: 32 
vtxsize: 4
edgesize: 4
weightsize: 4
nVtx: 281903
nVtx: 281903
nEdge: 2312497
nVtx: 281903, nVtx: 281903, nEdge: 2312497
graph read
filename: web-Stanford.bin nVtx: 281903 nonzero: 2312497 AvgTime: 0.023501 
 number-blocks: 32 
vtxsize: 4
edgesize: 4
weightsize: 4
nVtx: 81871
nVtx: 81871
nEdge: 545671
nVtx: 81871, nVtx: 81871, nEdge: 545671
graph read
filename: soc-sign-Slashdot090216.bin nVtx: 81871 nonzero: 545671 AvgTime: 0.007729 
 number-blocks: 32 
vtxsize: 4
edgesize: 4
weightsize: 4
nVtx: 34546
nVtx: 34546
nEdge: 421578
nVtx: 34546, nVtx: 34546, nEdge: 421578
graph read
filename: cit-HepPh.bin nVtx: 34546 nonzero: 421578 AvgTime: 0.005773 
 number-blocks: 32 
vtxsize: 4
edgesize: 4
weightsize: 4
nVtx: 400727
nVtx: 400727
nEdge: 3200440
nVtx: 400727, nVtx: 400727, nEdge: 3200440
graph read
filename: amazon0312.bin nVtx: 400727 nonzero: 3200440 AvgTime: 0.030109 
 number-blocks: 32 
vtxsize: 4
edgesize: 4
weightsize: 4
nVtx: 10879
nVtx: 10879
nEdge: 39994
nVtx: 10879, nVtx: 10879, nEdge: 39994
graph read
filename: p2p-Gnutella04.bin nVtx: 10879 nonzero: 39994 AvgTime: 0.003191 
 number-blocks: 32 
vtxsize: 4
edgesize: 4
weightsize: 4
nVtx: 3997962
nVtx: 3997962
nEdge: 69362378
nVtx: 3997962, nVtx: 3997962, nEdge: 69362378
graph read
filename: com-lj.ungraph.bin nVtx: 3997962 nonzero: 69362378 AvgTime: 0.974272 
 number-blocks: 32 
vtxsize: 4
edgesize: 4
weightsize: 4
nVtx: 11492
nVtx: 11492
nEdge: 46818
nVtx: 11492, nVtx: 11492, nEdge: 46818
graph read
filename: Oregon-1.bin nVtx: 11492 nonzero: 46818 AvgTime: 0.012293 
 number-blocks: 32 
vtxsize: 4
edgesize: 4
weightsize: 4
nVtx: 11806
nVtx: 11806
nEdge: 65460
nVtx: 11806, nVtx: 11806, nEdge: 65460
graph read
filename: Oregon-2.bin nVtx: 11806 nonzero: 65460 AvgTime: 0.007972 
 number-blocks: 32 
vtxsize: 4
edgesize: 4
weightsize: 4
nVtx: 916428
nVtx: 916428
nEdge: 5105039
nVtx: 916428, nVtx: 916428, nEdge: 5105039
graph read
filename: web-Google.bin nVtx: 916428 nonzero: 5105039 AvgTime: 0.104208 
 number-blocks: 32 
vtxsize: 4
edgesize: 4
weightsize: 4
nVtx: 1696415
nVtx: 1696415
nEdge: 22190596
nVtx: 1696415, nVtx: 1696415, nEdge: 22190596
graph read
filename: as-Skitter.bin nVtx: 1696415 nonzero: 22190596 AvgTime: 0.206109 
 number-blocks: 32 
vtxsize: 4
edgesize: 4
weightsize: 4
nVtx: 262111
nVtx: 262111
nEdge: 1234877
nVtx: 262111, nVtx: 262111, nEdge: 1234877
graph read
filename: amazon0302.bin nVtx: 262111 nonzero: 1234877 AvgTime: 0.014603 
 number-blocks: 32 
			------- 64 ---------- 
vtxsize: 4
edgesize: 4
weightsize: 4
nVtx: 7716
nVtx: 7716
nEdge: 26467
nVtx: 7716, nVtx: 7716, nEdge: 26467
graph read
filename: as-735.bin nVtx: 7716 nonzero: 26467 AvgTime: 0.008676 
 number-blocks: 64 
vtxsize: 4
edgesize: 4
weightsize: 4
nVtx: 317080
nVtx: 317080
nEdge: 2099732
nVtx: 317080, nVtx: 317080, nEdge: 2099732
graph read
filename: com-dblp.ungraph.bin nVtx: 317080 nonzero: 2099732 AvgTime: 0.021814 
 number-blocks: 64 
vtxsize: 4
edgesize: 4
weightsize: 4
nVtx: 4847571
nVtx: 4847571
nEdge: 68993773
nVtx: 4847571, nVtx: 4847571, nEdge: 68993773
graph read
filename: soc-LiveJournal1.bin nVtx: 4847571 nonzero: 68993773 AvgTime: 1.01007 
 number-blocks: 64 
vtxsize: 4
edgesize: 4
weightsize: 4
nVtx: 1632803
nVtx: 1632803
nEdge: 30622564
nVtx: 1632803, nVtx: 1632803, nEdge: 30622564
graph read
filename: soc-pokec-relationships.bin nVtx: 1632803 nonzero: 30622564 AvgTime: 0.528512 
 number-blocks: 64 
vtxsize: 4
edgesize: 4
weightsize: 4
nVtx: 131828
nVtx: 131828
nEdge: 841372
nVtx: 131828, nVtx: 131828, nEdge: 841372
graph read
filename: soc-sign-epinions.bin nVtx: 131828 nonzero: 841372 AvgTime: 0.014993 
 number-blocks: 64 
vtxsize: 4
edgesize: 4
weightsize: 4
nVtx: 3072441
nVtx: 3072441
nEdge: 234370166
nVtx: 3072441, nVtx: 3072441, nEdge: 234370166
graph read
filename: com-orkut.ungraph.bin nVtx: 3072441 nonzero: 234370166 AvgTime: 3.11462 
 number-blocks: 64 
vtxsize: 4
edgesize: 4
weightsize: 4
nVtx: 1393383
nVtx: 1393383
nEdge: 3843320
nVtx: 1393383, nVtx: 1393383, nEdge: 3843320
graph read
filename: roadNet-TX.bin nVtx: 1393383 nonzero: 3843320 AvgTime: 0.042053 
 number-blocks: 64 
vtxsize: 4
edgesize: 4
weightsize: 4
nVtx: 27770
nVtx: 27770
nEdge: 352807
nVtx: 27770, nVtx: 27770, nEdge: 352807
graph read
filename: cit-HepTh.bin nVtx: 27770 nonzero: 352807 AvgTime: 0.006001 
 number-blocks: 64 
vtxsize: 4
edgesize: 4
weightsize: 4
nVtx: 62586
nVtx: 62586
nEdge: 147892
nVtx: 62586, nVtx: 62586, nEdge: 147892
graph read
filename: p2p-Gnutella31.bin nVtx: 62586 nonzero: 147892 AvgTime: 0.004626 
 number-blocks: 64 
vtxsize: 4
edgesize: 4
weightsize: 4
nVtx: 3774768
nVtx: 3774768
nEdge: 16518948
nVtx: 3774768, nVtx: 3774768, nEdge: 16518948
graph read
filename: cit-Patents.bin nVtx: 3774768 nonzero: 16518948 AvgTime: 0.470425 
 number-blocks: 64 
vtxsize: 4
edgesize: 4
weightsize: 4
nVtx: 77357
nVtx: 77357
nEdge: 516575
nVtx: 77357, nVtx: 77357, nEdge: 516575
graph read
filename: soc-sign-Slashdot081106.bin nVtx: 77357 nonzero: 516575 AvgTime: 0.007225 
 number-blocks: 64 
vtxsize: 4
edgesize: 4
weightsize: 4
nVtx: 36682
nVtx: 36682
nEdge: 88328
nVtx: 36682, nVtx: 36682, nEdge: 88328
graph read
filename: p2p-Gnutella30.bin nVtx: 36682 nonzero: 88328 AvgTime: 0.00371 
 number-blocks: 64 
vtxsize: 4
edgesize: 4
weightsize: 4
nVtx: 8717
nVtx: 8717
nEdge: 31525
nVtx: 8717, nVtx: 8717, nEdge: 31525
graph read
filename: p2p-Gnutella06.bin nVtx: 8717 nonzero: 31525 AvgTime: 0.003276 
 number-blocks: 64 
vtxsize: 4
edgesize: 4
weightsize: 4
nVtx: 5242
nVtx: 5242
nEdge: 28980
nVtx: 5242, nVtx: 5242, nEdge: 28980
graph read
filename: ca-GrQc.bin nVtx: 5242 nonzero: 28980 AvgTime: 0.003027 
 number-blocks: 64 
vtxsize: 4
edgesize: 4
weightsize: 4
nVtx: 6301
nVtx: 6301
nEdge: 20777
nVtx: 6301, nVtx: 6301, nEdge: 20777
graph read
filename: p2p-Gnutella08.bin nVtx: 6301 nonzero: 20777 AvgTime: 0.00299 
 number-blocks: 64 
vtxsize: 4
edgesize: 4
weightsize: 4
nVtx: 26518
nVtx: 26518
nEdge: 65369
nVtx: 26518, nVtx: 26518, nEdge: 65369
graph read
filename: p2p-Gnutella24.bin nVtx: 26518 nonzero: 65369 AvgTime: 0.003531 
 number-blocks: 64 
vtxsize: 4
edgesize: 4
weightsize: 4
nVtx: 31379
nVtx: 31379
nEdge: 106762
nVtx: 31379, nVtx: 31379, nEdge: 106762
graph read
filename: as-caida.bin nVtx: 31379 nonzero: 106762 AvgTime: 0.013422 
 number-blocks: 64 
vtxsize: 4
edgesize: 4
weightsize: 4
nVtx: 82168
nVtx: 82168
nEdge: 948464
nVtx: 82168, nVtx: 82168, nEdge: 948464
graph read
filename: soc-Slashdot0902.bin nVtx: 82168 nonzero: 948464 AvgTime: 0.011557 
 number-blocks: 64 
vtxsize: 4
edgesize: 4
weightsize: 4
nVtx: 23133
nVtx: 23133
nEdge: 186936
nVtx: 23133, nVtx: 23133, nEdge: 186936
graph read
filename: ca-CondMat.bin nVtx: 23133 nonzero: 186936 AvgTime: 0.004359 
 number-blocks: 64 
vtxsize: 4
edgesize: 4
weightsize: 4
nVtx: 325729
nVtx: 325729
nEdge: 1497134
nVtx: 325729, nVtx: 325729, nEdge: 1497134
graph read
filename: web-NotreDame.bin nVtx: 325729 nonzero: 1497134 AvgTime: 0.024138 
 number-blocks: 64 
vtxsize: 4
edgesize: 4
weightsize: 4
nVtx: 82144
nVtx: 82144
nEdge: 549202
nVtx: 82144, nVtx: 82144, nEdge: 549202
graph read
filename: soc-sign-Slashdot090221.bin nVtx: 82144 nonzero: 549202 AvgTime: 0.007603 
 number-blocks: 64 
vtxsize: 4
edgesize: 4
weightsize: 4
nVtx: 8114
nVtx: 8114
nEdge: 26013
nVtx: 8114, nVtx: 8114, nEdge: 26013
graph read
filename: p2p-Gnutella09.bin nVtx: 8114 nonzero: 26013 AvgTime: 0.00305 
 number-blocks: 64 
vtxsize: 4
edgesize: 4
weightsize: 4
nVtx: 75888
nVtx: 75888
nEdge: 508837
nVtx: 75888, nVtx: 75888, nEdge: 508837
graph read
filename: soc-Epinions1.bin nVtx: 75888 nonzero: 508837 AvgTime: 0.009751 
 number-blocks: 64 
vtxsize: 4
edgesize: 4
weightsize: 4
nVtx: 12008
nVtx: 12008
nEdge: 237010
nVtx: 12008, nVtx: 12008, nEdge: 237010
graph read
filename: ca-HepPh.bin nVtx: 12008 nonzero: 237010 AvgTime: 0.00478 
 number-blocks: 64 
vtxsize: 4
edgesize: 4
weightsize: 4
nVtx: 1971281
nVtx: 1971281
nEdge: 5533214
nVtx: 1971281, nVtx: 1971281, nEdge: 5533214
graph read
filename: roadNet-CA.bin nVtx: 1971281 nonzero: 5533214 AvgTime: 0.058565 
 number-blocks: 64 
vtxsize: 4
edgesize: 4
weightsize: 4
nVtx: 8297
nVtx: 8297
nEdge: 103689
nVtx: 8297, nVtx: 8297, nEdge: 103689
graph read
filename: wiki-Vote.bin nVtx: 8297 nonzero: 103689 AvgTime: 0.005084 
 number-blocks: 64 
vtxsize: 4
edgesize: 4
weightsize: 4
nVtx: 403394
nVtx: 403394
nEdge: 3387388
nVtx: 403394, nVtx: 403394, nEdge: 3387388
graph read
filename: amazon0601.bin nVtx: 403394 nonzero: 3387388 AvgTime: 0.031055 
 number-blocks: 64 
vtxsize: 4
edgesize: 4
weightsize: 4
nVtx: 685230
nVtx: 685230
nEdge: 7600595
nVtx: 685230, nVtx: 685230, nEdge: 7600595
graph read
filename: web-BerkStan.bin nVtx: 685230 nonzero: 7600595 AvgTime: 0.046099 
 number-blocks: 64 
vtxsize: 4
edgesize: 4
weightsize: 4
nVtx: 8846
nVtx: 8846
nEdge: 31839
nVtx: 8846, nVtx: 8846, nEdge: 31839
graph read
filename: p2p-Gnutella05.bin nVtx: 8846 nonzero: 31839 AvgTime: 0.003059 
 number-blocks: 64 
vtxsize: 4
edgesize: 4
weightsize: 4
nVtx: 77360
nVtx: 77360
nEdge: 905468
nVtx: 77360, nVtx: 77360, nEdge: 905468
graph read
filename: soc-Slashdot0811.bin nVtx: 77360 nonzero: 905468 AvgTime: 0.011415 
 number-blocks: 64 
vtxsize: 4
edgesize: 4
weightsize: 4
nVtx: 9877
nVtx: 9877
nEdge: 51971
nVtx: 9877, nVtx: 9877, nEdge: 51971
graph read
filename: ca-HepTh.bin nVtx: 9877 nonzero: 51971 AvgTime: 0.003201 
 number-blocks: 64 
vtxsize: 4
edgesize: 4
weightsize: 4
nVtx: 410236
nVtx: 410236
nEdge: 3356824
nVtx: 410236, nVtx: 410236, nEdge: 3356824
graph read
filename: amazon0505.bin nVtx: 410236 nonzero: 3356824 AvgTime: 0.031113 
 number-blocks: 64 
vtxsize: 4
edgesize: 4
weightsize: 4
nVtx: 22687
nVtx: 22687
nEdge: 54705
nVtx: 22687, nVtx: 22687, nEdge: 54705
graph read
filename: p2p-Gnutella25.bin nVtx: 22687 nonzero: 54705 AvgTime: 0.003486 
 number-blocks: 64 
vtxsize: 4
edgesize: 4
weightsize: 4
nVtx: 1134890
nVtx: 1134890
nEdge: 5975248
nVtx: 1134890, nVtx: 1134890, nEdge: 5975248
graph read
filename: com-youtube.ungraph.bin nVtx: 1134890 nonzero: 5975248 AvgTime: 0.119975 
 number-blocks: 64 
vtxsize: 4
edgesize: 4
weightsize: 4
nVtx: 18772
nVtx: 18772
nEdge: 396160
nVtx: 18772, nVtx: 18772, nEdge: 396160
graph read
filename: ca-AstroPh.bin nVtx: 18772 nonzero: 396160 AvgTime: 0.005343 
 number-blocks: 64 
vtxsize: 4
edgesize: 4
weightsize: 4
nVtx: 1090920
nVtx: 1090920
nEdge: 3083796
nVtx: 1090920, nVtx: 1090920, nEdge: 3083796
graph read
filename: roadNet-PA.bin nVtx: 1090920 nonzero: 3083796 AvgTime: 0.034003 
 number-blocks: 64 
vtxsize: 4
edgesize: 4
weightsize: 4
nVtx: 2394385
nVtx: 2394385
nEdge: 5021410
nVtx: 2394385, nVtx: 2394385, nEdge: 5021410
graph read
filename: wiki-Talk.bin nVtx: 2394385 nonzero: 5021410 AvgTime: 1.05561 
 number-blocks: 64 
vtxsize: 4
edgesize: 4
weightsize: 4
nVtx: 456626
nVtx: 456626
nEdge: 14855842
nVtx: 456626, nVtx: 456626, nEdge: 14855842
graph read
filename: higgs-social_network.bin nVtx: 456626 nonzero: 14855842 AvgTime: 0.09874 
 number-blocks: 64 
vtxsize: 4
edgesize: 4
weightsize: 4
nVtx: 265214
nVtx: 265214
nEdge: 420045
nVtx: 265214, nVtx: 265214, nEdge: 420045
graph read
filename: email-EuAll.bin nVtx: 265214 nonzero: 420045 AvgTime: 0.015751 
 number-blocks: 64 
vtxsize: 4
edgesize: 4
weightsize: 4
nVtx: 36692
nVtx: 36692
nEdge: 367662
nVtx: 36692, nVtx: 36692, nEdge: 367662
graph read
filename: email-Enron.bin nVtx: 36692 nonzero: 367662 AvgTime: 0.007612 
 number-blocks: 64 
vtxsize: 4
edgesize: 4
weightsize: 4
nVtx: 334863
nVtx: 334863
nEdge: 1851744
nVtx: 334863, nVtx: 334863, nEdge: 1851744
graph read
filename: com-amazon.ungraph.bin nVtx: 334863 nonzero: 1851744 AvgTime: 0.022502 
 number-blocks: 64 
vtxsize: 4
edgesize: 4
weightsize: 4
nVtx: 281903
nVtx: 281903
nEdge: 2312497
nVtx: 281903, nVtx: 281903, nEdge: 2312497
graph read
filename: web-Stanford.bin nVtx: 281903 nonzero: 2312497 AvgTime: 0.02351 
 number-blocks: 64 
vtxsize: 4
edgesize: 4
weightsize: 4
nVtx: 81871
nVtx: 81871
nEdge: 545671
nVtx: 81871, nVtx: 81871, nEdge: 545671
graph read
filename: soc-sign-Slashdot090216.bin nVtx: 81871 nonzero: 545671 AvgTime: 0.007518 
 number-blocks: 64 
vtxsize: 4
edgesize: 4
weightsize: 4
nVtx: 34546
nVtx: 34546
nEdge: 421578
nVtx: 34546, nVtx: 34546, nEdge: 421578
graph read
filename: cit-HepPh.bin nVtx: 34546 nonzero: 421578 AvgTime: 0.005672 
 number-blocks: 64 
vtxsize: 4
edgesize: 4
weightsize: 4
nVtx: 400727
nVtx: 400727
nEdge: 3200440
nVtx: 400727, nVtx: 400727, nEdge: 3200440
graph read
filename: amazon0312.bin nVtx: 400727 nonzero: 3200440 AvgTime: 0.029829 
 number-blocks: 64 
vtxsize: 4
edgesize: 4
weightsize: 4
nVtx: 10879
nVtx: 10879
nEdge: 39994
nVtx: 10879, nVtx: 10879, nEdge: 39994
graph read
filename: p2p-Gnutella04.bin nVtx: 10879 nonzero: 39994 AvgTime: 0.003194 
 number-blocks: 64 
vtxsize: 4
edgesize: 4
weightsize: 4
nVtx: 3997962
nVtx: 3997962
nEdge: 69362378
nVtx: 3997962, nVtx: 3997962, nEdge: 69362378
graph read
filename: com-lj.ungraph.bin nVtx: 3997962 nonzero: 69362378 AvgTime: 0.974202 
 number-blocks: 64 
vtxsize: 4
edgesize: 4
weightsize: 4
nVtx: 11492
nVtx: 11492
nEdge: 46818
nVtx: 11492, nVtx: 11492, nEdge: 46818
graph read
filename: Oregon-1.bin nVtx: 11492 nonzero: 46818 AvgTime: 0.012293 
 number-blocks: 64 
vtxsize: 4
edgesize: 4
weightsize: 4
nVtx: 11806
nVtx: 11806
nEdge: 65460
nVtx: 11806, nVtx: 11806, nEdge: 65460
graph read
filename: Oregon-2.bin nVtx: 11806 nonzero: 65460 AvgTime: 0.007697 
 number-blocks: 64 
vtxsize: 4
edgesize: 4
weightsize: 4
nVtx: 916428
nVtx: 916428
nEdge: 5105039
nVtx: 916428, nVtx: 916428, nEdge: 5105039
graph read
filename: web-Google.bin nVtx: 916428 nonzero: 5105039 AvgTime: 0.104019 
 number-blocks: 64 
vtxsize: 4
edgesize: 4
weightsize: 4
nVtx: 1696415
nVtx: 1696415
nEdge: 22190596
nVtx: 1696415, nVtx: 1696415, nEdge: 22190596
graph read
filename: as-Skitter.bin nVtx: 1696415 nonzero: 22190596 AvgTime: 0.206081 
 number-blocks: 64 
vtxsize: 4
edgesize: 4
weightsize: 4
nVtx: 262111
nVtx: 262111
nEdge: 1234877
nVtx: 262111, nVtx: 262111, nEdge: 1234877
graph read
filename: amazon0302.bin nVtx: 262111 nonzero: 1234877 AvgTime: 0.017162 
 number-blocks: 64 
