			----------- cuda-lightspmv-pr-2gpus-------------------- 
			------- 4 ---------- 
vtxsize: 4
edgesize: 4
weightsize: 4
nVtx: 7716
nVtx: 7716
nEdge: 26467
nVtx: 7716, nVtx: 7716, nEdge: 26467
graph read
filename: as-735.bin nVtx: 7716 nonzero: 26467 AvgTime: 0.011555 part1V: 2152 part1E: 13244 part2V: 5564 part2E: 13223
 number-blocks: 4 
vtxsize: 4
edgesize: 4
weightsize: 4
nVtx: 317080
nVtx: 317080
nEdge: 2099732
nVtx: 317080, nVtx: 317080, nEdge: 2099732
graph read
filename: com-dblp.ungraph.bin nVtx: 317080 nonzero: 2099732 AvgTime: 0.022963 part1V: 95222 part1E: 1049914 part2V: 221858 part2E: 1049818
 number-blocks: 4 
vtxsize: 4
edgesize: 4
weightsize: 4
nVtx: 4847571
nVtx: 4847571
nEdge: 68993773
nVtx: 4847571, nVtx: 4847571, nEdge: 68993773
graph read
filename: soc-LiveJournal1.bin nVtx: 4847571 nonzero: 68993773 AvgTime: 0.580418 part1V: 836087 part1E: 34496932 part2V: 4011484 part2E: 34496841
 number-blocks: 4 
vtxsize: 4
edgesize: 4
weightsize: 4
nVtx: 1632803
nVtx: 1632803
nEdge: 30622564
nVtx: 1632803, nVtx: 1632803, nEdge: 30622564
graph read
filename: soc-pokec-relationships.bin nVtx: 1632803 nonzero: 30622564 AvgTime: 0.305968 part1V: 403978 part1E: 15311384 part2V: 1228825 part2E: 15311180
 number-blocks: 4 
vtxsize: 4
edgesize: 4
weightsize: 4
nVtx: 131828
nVtx: 131828
nEdge: 841372
nVtx: 131828, nVtx: 131828, nEdge: 841372
graph read
filename: soc-sign-epinions.bin nVtx: 131828 nonzero: 841372 AvgTime: 0.014797 part1V: 18836 part1E: 420736 part2V: 112992 part2E: 420636
 number-blocks: 4 
vtxsize: 4
edgesize: 4
weightsize: 4
nVtx: 3072441
nVtx: 3072441
nEdge: 234370166
nVtx: 3072441, nVtx: 3072441, nEdge: 234370166
graph read
filename: com-orkut.ungraph.bin nVtx: 3072441 nonzero: 234370166 AvgTime: 1.66236 part1V: 1302191 part1E: 117185180 part2V: 1770250 part2E: 117184986
 number-blocks: 4 
vtxsize: 4
edgesize: 4
weightsize: 4
nVtx: 1393383
nVtx: 1393383
nEdge: 3843320
nVtx: 1393383, nVtx: 1393383, nEdge: 3843320
graph read
filename: roadNet-TX.bin nVtx: 1393383 nonzero: 3843320 AvgTime: 0.041374 part1V: 694387 part1E: 1921670 part2V: 698996 part2E: 1921650
 number-blocks: 4 
vtxsize: 4
edgesize: 4
weightsize: 4
nVtx: 27770
nVtx: 27770
nEdge: 352807
nVtx: 27770, nVtx: 27770, nEdge: 352807
graph read
filename: cit-HepTh.bin nVtx: 27770 nonzero: 352807 AvgTime: 0.008596 part1V: 9830 part1E: 176450 part2V: 17940 part2E: 176357
 number-blocks: 4 
vtxsize: 4
edgesize: 4
weightsize: 4
nVtx: 62586
nVtx: 62586
nEdge: 147892
nVtx: 62586, nVtx: 62586, nEdge: 147892
graph read
filename: p2p-Gnutella31.bin nVtx: 62586 nonzero: 147892 AvgTime: 0.00749 part1V: 33503 part1E: 73948 part2V: 29083 part2E: 73944
 number-blocks: 4 
vtxsize: 4
edgesize: 4
weightsize: 4
nVtx: 3774768
nVtx: 3774768
nEdge: 16518948
nVtx: 3774768, nVtx: 3774768, nEdge: 16518948
graph read
filename: cit-Patents.bin nVtx: 3774768 nonzero: 16518948 AvgTime: 0.273161 part1V: 2942619 part1E: 8259495 part2V: 832149 part2E: 8259453
 number-blocks: 4 
vtxsize: 4
edgesize: 4
weightsize: 4
nVtx: 77357
nVtx: 77357
nEdge: 516575
nVtx: 77357, nVtx: 77357, nEdge: 516575
graph read
filename: soc-sign-Slashdot081106.bin nVtx: 77357 nonzero: 516575 AvgTime: 0.008612 part1V: 11702 part1E: 258351 part2V: 65655 part2E: 258224
 number-blocks: 4 
vtxsize: 4
edgesize: 4
weightsize: 4
nVtx: 36682
nVtx: 36682
nEdge: 88328
nVtx: 36682, nVtx: 36682, nEdge: 88328
graph read
filename: p2p-Gnutella30.bin nVtx: 36682 nonzero: 88328 AvgTime: 0.007332 part1V: 17316 part1E: 44176 part2V: 19366 part2E: 44152
 number-blocks: 4 
vtxsize: 4
edgesize: 4
weightsize: 4
nVtx: 8717
nVtx: 8717
nEdge: 31525
nVtx: 8717, nVtx: 8717, nEdge: 31525
graph read
filename: p2p-Gnutella06.bin nVtx: 8717 nonzero: 31525 AvgTime: 0.006616 part1V: 3861 part1E: 15779 part2V: 4856 part2E: 15746
 number-blocks: 4 
vtxsize: 4
edgesize: 4
weightsize: 4
nVtx: 5242
nVtx: 5242
nEdge: 28980
nVtx: 5242, nVtx: 5242, nEdge: 28980
graph read
filename: ca-GrQc.bin nVtx: 5242 nonzero: 28980 AvgTime: 0.006484 part1V: 2613 part1E: 14506 part2V: 2629 part2E: 14474
 number-blocks: 4 
vtxsize: 4
edgesize: 4
weightsize: 4
nVtx: 6301
nVtx: 6301
nEdge: 20777
nVtx: 6301, nVtx: 6301, nEdge: 20777
graph read
filename: p2p-Gnutella08.bin nVtx: 6301 nonzero: 20777 AvgTime: 0.007029 part1V: 2714 part1E: 10398 part2V: 3587 part2E: 10379
 number-blocks: 4 
vtxsize: 4
edgesize: 4
weightsize: 4
nVtx: 26518
nVtx: 26518
nEdge: 65369
nVtx: 26518, nVtx: 26518, nEdge: 65369
graph read
filename: p2p-Gnutella24.bin nVtx: 26518 nonzero: 65369 AvgTime: 0.007253 part1V: 11866 part1E: 32700 part2V: 14652 part2E: 32669
 number-blocks: 4 
vtxsize: 4
edgesize: 4
weightsize: 4
nVtx: 31379
nVtx: 31379
nEdge: 106762
nVtx: 31379, nVtx: 31379, nEdge: 106762
graph read
filename: as-caida.bin nVtx: 31379 nonzero: 106762 AvgTime: 0.008981 part1V: 6353 part1E: 53425 part2V: 25026 part2E: 53337
 number-blocks: 4 
vtxsize: 4
edgesize: 4
weightsize: 4
nVtx: 82168
nVtx: 82168
nEdge: 948464
nVtx: 82168, nVtx: 82168, nEdge: 948464
graph read
filename: soc-Slashdot0902.bin nVtx: 82168 nonzero: 948464 AvgTime: 0.011007 part1V: 10739 part1E: 474277 part2V: 71429 part2E: 474187
 number-blocks: 4 
vtxsize: 4
edgesize: 4
weightsize: 4
nVtx: 23133
nVtx: 23133
nEdge: 186936
nVtx: 23133, nVtx: 23133, nEdge: 186936
graph read
filename: ca-CondMat.bin nVtx: 23133 nonzero: 186936 AvgTime: 0.007249 part1V: 11532 part1E: 93532 part2V: 11601 part2E: 93404
 number-blocks: 4 
vtxsize: 4
edgesize: 4
weightsize: 4
nVtx: 325729
nVtx: 325729
nEdge: 1497134
nVtx: 325729, nVtx: 325729, nEdge: 1497134
graph read
filename: web-NotreDame.bin nVtx: 325729 nonzero: 1497134 AvgTime: 0.020418 part1V: 229190 part1E: 748901 part2V: 96539 part2E: 748233
 number-blocks: 4 
vtxsize: 4
edgesize: 4
weightsize: 4
nVtx: 82144
nVtx: 82144
nEdge: 549202
nVtx: 82144, nVtx: 82144, nEdge: 549202
graph read
filename: soc-sign-Slashdot090221.bin nVtx: 82144 nonzero: 549202 AvgTime: 0.009245 part1V: 12617 part1E: 274889 part2V: 69527 part2E: 274313
 number-blocks: 4 
vtxsize: 4
edgesize: 4
weightsize: 4
nVtx: 8114
nVtx: 8114
nEdge: 26013
nVtx: 8114, nVtx: 8114, nEdge: 26013
graph read
filename: p2p-Gnutella09.bin nVtx: 8114 nonzero: 26013 AvgTime: 0.006689 part1V: 3459 part1E: 13017 part2V: 4655 part2E: 12996
 number-blocks: 4 
vtxsize: 4
edgesize: 4
weightsize: 4
nVtx: 75888
nVtx: 75888
nEdge: 508837
nVtx: 75888, nVtx: 75888, nEdge: 508837
graph read
filename: soc-Epinions1.bin nVtx: 75888 nonzero: 508837 AvgTime: 0.012025 part1V: 5234 part1E: 254759 part2V: 70654 part2E: 254078
 number-blocks: 4 
vtxsize: 4
edgesize: 4
weightsize: 4
nVtx: 12008
nVtx: 12008
nEdge: 237010
nVtx: 12008, nVtx: 12008, nEdge: 237010
graph read
filename: ca-HepPh.bin nVtx: 12008 nonzero: 237010 AvgTime: 0.007325 part1V: 5628 part1E: 118599 part2V: 6380 part2E: 118411
 number-blocks: 4 
vtxsize: 4
edgesize: 4
weightsize: 4
nVtx: 1971281
nVtx: 1971281
nEdge: 5533214
nVtx: 1971281, nVtx: 1971281, nEdge: 5533214
graph read
filename: roadNet-CA.bin nVtx: 1971281 nonzero: 5533214 AvgTime: 0.055794 part1V: 977903 part1E: 2766615 part2V: 993378 part2E: 2766599
 number-blocks: 4 
vtxsize: 4
edgesize: 4
weightsize: 4
nVtx: 8297
nVtx: 8297
nEdge: 103689
nVtx: 8297, nVtx: 8297, nEdge: 103689
graph read
filename: wiki-Vote.bin nVtx: 8297 nonzero: 103689 AvgTime: 0.006905 part1V: 2586 part1E: 51889 part2V: 5711 part2E: 51800
 number-blocks: 4 
vtxsize: 4
edgesize: 4
weightsize: 4
nVtx: 403394
nVtx: 403394
nEdge: 3387388
nVtx: 403394, nVtx: 403394, nEdge: 3387388
graph read
filename: amazon0601.bin nVtx: 403394 nonzero: 3387388 AvgTime: 0.024833 part1V: 184870 part1E: 1693720 part2V: 218524 part2E: 1693668
 number-blocks: 4 
vtxsize: 4
edgesize: 4
weightsize: 4
nVtx: 685230
nVtx: 685230
nEdge: 7600595
nVtx: 685230, nVtx: 685230, nEdge: 7600595
graph read
filename: web-BerkStan.bin nVtx: 685230 nonzero: 7600595 AvgTime: 0.036082 part1V: 339133 part1E: 3800327 part2V: 346097 part2E: 3800268
 number-blocks: 4 
vtxsize: 4
edgesize: 4
weightsize: 4
nVtx: 8846
nVtx: 8846
nEdge: 31839
nVtx: 8846, nVtx: 8846, nEdge: 31839
graph read
filename: p2p-Gnutella05.bin nVtx: 8846 nonzero: 31839 AvgTime: 0.006625 part1V: 3995 part1E: 15931 part2V: 4851 part2E: 15908
 number-blocks: 4 
vtxsize: 4
edgesize: 4
weightsize: 4
nVtx: 77360
nVtx: 77360
nEdge: 905468
nVtx: 77360, nVtx: 77360, nEdge: 905468
graph read
filename: soc-Slashdot0811.bin nVtx: 77360 nonzero: 905468 AvgTime: 0.010825 part1V: 10435 part1E: 452806 part2V: 66925 part2E: 452662
 number-blocks: 4 
vtxsize: 4
edgesize: 4
weightsize: 4
nVtx: 9877
nVtx: 9877
nEdge: 51971
nVtx: 9877, nVtx: 9877, nEdge: 51971
graph read
filename: ca-HepTh.bin nVtx: 9877 nonzero: 51971 AvgTime: 0.007234 part1V: 4857 part1E: 26006 part2V: 5020 part2E: 25965
 number-blocks: 4 
vtxsize: 4
edgesize: 4
weightsize: 4
nVtx: 410236
nVtx: 410236
nEdge: 3356824
nVtx: 410236, nVtx: 410236, nEdge: 3356824
graph read
filename: amazon0505.bin nVtx: 410236 nonzero: 3356824 AvgTime: 0.025188 part1V: 184771 part1E: 1678436 part2V: 225465 part2E: 1678388
 number-blocks: 4 
vtxsize: 4
edgesize: 4
weightsize: 4
nVtx: 22687
nVtx: 22687
nEdge: 54705
nVtx: 22687, nVtx: 22687, nEdge: 54705
graph read
filename: p2p-Gnutella25.bin nVtx: 22687 nonzero: 54705 AvgTime: 0.007395 part1V: 10320 part1E: 27361 part2V: 12367 part2E: 27344
 number-blocks: 4 
vtxsize: 4
edgesize: 4
weightsize: 4
nVtx: 1134890
nVtx: 1134890
nEdge: 5975248
nVtx: 1134890, nVtx: 1134890, nEdge: 5975248
graph read
filename: com-youtube.ungraph.bin nVtx: 1134890 nonzero: 5975248 AvgTime: 0.082995 part1V: 138990 part1E: 2987735 part2V: 995900 part2E: 2987513
 number-blocks: 4 
vtxsize: 4
edgesize: 4
weightsize: 4
nVtx: 18772
nVtx: 18772
nEdge: 396160
nVtx: 18772, nVtx: 18772, nEdge: 396160
graph read
filename: ca-AstroPh.bin nVtx: 18772 nonzero: 396160 AvgTime: 0.007539 part1V: 9391 part1E: 198096 part2V: 9381 part2E: 198064
 number-blocks: 4 
vtxsize: 4
edgesize: 4
weightsize: 4
nVtx: 1090920
nVtx: 1090920
nEdge: 3083796
nVtx: 1090920, nVtx: 1090920, nEdge: 3083796
graph read
filename: roadNet-PA.bin nVtx: 1090920 nonzero: 3083796 AvgTime: 0.03455 part1V: 545364 part1E: 1541906 part2V: 545556 part2E: 1541890
 number-blocks: 4 
vtxsize: 4
edgesize: 4
weightsize: 4
nVtx: 2394385
nVtx: 2394385
nEdge: 5021410
nVtx: 2394385, nVtx: 2394385, nEdge: 5021410
graph read
filename: wiki-Talk.bin nVtx: 2394385 nonzero: 5021410 AvgTime: 0.174655 part1V: 6590 part1E: 2512642 part2V: 2387795 part2E: 2508768
 number-blocks: 4 
vtxsize: 4
edgesize: 4
weightsize: 4
nVtx: 456626
nVtx: 456626
nEdge: 14855842
nVtx: 456626, nVtx: 456626, nEdge: 14855842
graph read
filename: higgs-social_network.bin nVtx: 456626 nonzero: 14855842 AvgTime: 0.0562 part1V: 108934 part1E: 7428571 part2V: 347692 part2E: 7427271
 number-blocks: 4 
vtxsize: 4
edgesize: 4
weightsize: 4
nVtx: 265214
nVtx: 265214
nEdge: 420045
nVtx: 265214, nVtx: 265214, nEdge: 420045
graph read
filename: email-EuAll.bin nVtx: 265214 nonzero: 420045 AvgTime: 0.014639 part1V: 72271 part1E: 210024 part2V: 192943 part2E: 210021
 number-blocks: 4 
vtxsize: 4
edgesize: 4
weightsize: 4
nVtx: 36692
nVtx: 36692
nEdge: 367662
nVtx: 36692, nVtx: 36692, nEdge: 367662
graph read
filename: email-Enron.bin nVtx: 36692 nonzero: 367662 AvgTime: 0.008926 part1V: 3819 part1E: 183845 part2V: 32873 part2E: 183817
 number-blocks: 4 
vtxsize: 4
edgesize: 4
weightsize: 4
nVtx: 334863
nVtx: 334863
nEdge: 1851744
nVtx: 334863, nVtx: 334863, nEdge: 1851744
graph read
filename: com-amazon.ungraph.bin nVtx: 334863 nonzero: 1851744 AvgTime: 0.019282 part1V: 122938 part1E: 925880 part2V: 211925 part2E: 925864
 number-blocks: 4 
vtxsize: 4
edgesize: 4
weightsize: 4
nVtx: 281903
nVtx: 281903
nEdge: 2312497
nVtx: 281903, nVtx: 281903, nEdge: 2312497
graph read
filename: web-Stanford.bin nVtx: 281903 nonzero: 2312497 AvgTime: 0.018995 part1V: 141052 part1E: 1156266 part2V: 140851 part2E: 1156231
 number-blocks: 4 
vtxsize: 4
edgesize: 4
weightsize: 4
nVtx: 81871
nVtx: 81871
nEdge: 545671
nVtx: 81871, nVtx: 81871, nEdge: 545671
graph read
filename: soc-sign-Slashdot090216.bin nVtx: 81871 nonzero: 545671 AvgTime: 0.009156 part1V: 12696 part1E: 272876 part2V: 69175 part2E: 272795
 number-blocks: 4 
vtxsize: 4
edgesize: 4
weightsize: 4
nVtx: 34546
nVtx: 34546
nEdge: 421578
nVtx: 34546, nVtx: 34546, nEdge: 421578
graph read
filename: cit-HepPh.bin nVtx: 34546 nonzero: 421578 AvgTime: 0.007935 part1V: 12313 part1E: 210828 part2V: 22233 part2E: 210750
 number-blocks: 4 
vtxsize: 4
edgesize: 4
weightsize: 4
nVtx: 400727
nVtx: 400727
nEdge: 3200440
nVtx: 400727, nVtx: 400727, nEdge: 3200440
graph read
filename: amazon0312.bin nVtx: 400727 nonzero: 3200440 AvgTime: 0.02419 part1V: 186861 part1E: 1600249 part2V: 213866 part2E: 1600191
 number-blocks: 4 
vtxsize: 4
edgesize: 4
weightsize: 4
nVtx: 10879
nVtx: 10879
nEdge: 39994
nVtx: 10879, nVtx: 10879, nEdge: 39994
graph read
filename: p2p-Gnutella04.bin nVtx: 10879 nonzero: 39994 AvgTime: 0.006682 part1V: 4933 part1E: 19999 part2V: 5946 part2E: 19995
 number-blocks: 4 
vtxsize: 4
edgesize: 4
weightsize: 4
nVtx: 3997962
nVtx: 3997962
nEdge: 69362378
nVtx: 3997962, nVtx: 3997962, nEdge: 69362378
graph read
filename: com-lj.ungraph.bin nVtx: 3997962 nonzero: 69362378 AvgTime: 0.542603 part1V: 655295 part1E: 34681202 part2V: 3342667 part2E: 34681176
 number-blocks: 4 
vtxsize: 4
edgesize: 4
weightsize: 4
nVtx: 11492
nVtx: 11492
nEdge: 46818
nVtx: 11492, nVtx: 11492, nEdge: 46818
graph read
filename: Oregon-1.bin nVtx: 11492 nonzero: 46818 AvgTime: 0.008169 part1V: 2255 part1E: 23417 part2V: 9237 part2E: 23401
 number-blocks: 4 
vtxsize: 4
edgesize: 4
weightsize: 4
nVtx: 11806
nVtx: 11806
nEdge: 65460
nVtx: 11806, nVtx: 11806, nEdge: 65460
graph read
filename: Oregon-2.bin nVtx: 11806 nonzero: 65460 AvgTime: 0.007371 part1V: 2427 part1E: 33066 part2V: 9379 part2E: 32394
 number-blocks: 4 
vtxsize: 4
edgesize: 4
weightsize: 4
nVtx: 916428
nVtx: 916428
nEdge: 5105039
nVtx: 916428, nVtx: 916428, nEdge: 5105039
graph read
filename: web-Google.bin nVtx: 916428 nonzero: 5105039 AvgTime: 0.067352 part1V: 456913 part1E: 2552527 part2V: 459515 part2E: 2552512
 number-blocks: 4 
vtxsize: 4
edgesize: 4
weightsize: 4
nVtx: 1696415
nVtx: 1696415
nEdge: 22190596
nVtx: 1696415, nVtx: 1696415, nEdge: 22190596
graph read
filename: as-Skitter.bin nVtx: 1696415 nonzero: 22190596 AvgTime: 0.129658 part1V: 314081 part1E: 11095324 part2V: 1382334 part2E: 11095272
 number-blocks: 4 
vtxsize: 4
edgesize: 4
weightsize: 4
nVtx: 262111
nVtx: 262111
nEdge: 1234877
nVtx: 262111, nVtx: 262111, nEdge: 1234877
graph read
filename: amazon0302.bin nVtx: 262111 nonzero: 1234877 AvgTime: 0.014187 part1V: 128964 part1E: 617449 part2V: 133147 part2E: 617428
 number-blocks: 4 
			------- 8 ---------- 
vtxsize: 4
edgesize: 4
weightsize: 4
nVtx: 7716
nVtx: 7716
nEdge: 26467
nVtx: 7716, nVtx: 7716, nEdge: 26467
graph read
filename: as-735.bin nVtx: 7716 nonzero: 26467 AvgTime: 0.007574 part1V: 2152 part1E: 13244 part2V: 5564 part2E: 13223
 number-blocks: 8 
vtxsize: 4
edgesize: 4
weightsize: 4
nVtx: 317080
nVtx: 317080
nEdge: 2099732
nVtx: 317080, nVtx: 317080, nEdge: 2099732
graph read
filename: com-dblp.ungraph.bin nVtx: 317080 nonzero: 2099732 AvgTime: 0.018598 part1V: 95222 part1E: 1049914 part2V: 221858 part2E: 1049818
 number-blocks: 8 
vtxsize: 4
edgesize: 4
weightsize: 4
nVtx: 4847571
nVtx: 4847571
nEdge: 68993773
nVtx: 4847571, nVtx: 4847571, nEdge: 68993773
graph read
filename: soc-LiveJournal1.bin nVtx: 4847571 nonzero: 68993773 AvgTime: 0.580394 part1V: 836087 part1E: 34496932 part2V: 4011484 part2E: 34496841
 number-blocks: 8 
vtxsize: 4
edgesize: 4
weightsize: 4
nVtx: 1632803
nVtx: 1632803
nEdge: 30622564
nVtx: 1632803, nVtx: 1632803, nEdge: 30622564
graph read
filename: soc-pokec-relationships.bin nVtx: 1632803 nonzero: 30622564 AvgTime: 0.305831 part1V: 403978 part1E: 15311384 part2V: 1228825 part2E: 15311180
 number-blocks: 8 
vtxsize: 4
edgesize: 4
weightsize: 4
nVtx: 131828
nVtx: 131828
nEdge: 841372
nVtx: 131828, nVtx: 131828, nEdge: 841372
graph read
filename: soc-sign-epinions.bin nVtx: 131828 nonzero: 841372 AvgTime: 0.014877 part1V: 18836 part1E: 420736 part2V: 112992 part2E: 420636
 number-blocks: 8 
vtxsize: 4
edgesize: 4
weightsize: 4
nVtx: 3072441
nVtx: 3072441
nEdge: 234370166
nVtx: 3072441, nVtx: 3072441, nEdge: 234370166
graph read
filename: com-orkut.ungraph.bin nVtx: 3072441 nonzero: 234370166 AvgTime: 1.66161 part1V: 1302191 part1E: 117185180 part2V: 1770250 part2E: 117184986
 number-blocks: 8 
vtxsize: 4
edgesize: 4
weightsize: 4
nVtx: 1393383
nVtx: 1393383
nEdge: 3843320
nVtx: 1393383, nVtx: 1393383, nEdge: 3843320
graph read
filename: roadNet-TX.bin nVtx: 1393383 nonzero: 3843320 AvgTime: 0.041242 part1V: 694387 part1E: 1921670 part2V: 698996 part2E: 1921650
 number-blocks: 8 
vtxsize: 4
edgesize: 4
weightsize: 4
nVtx: 27770
nVtx: 27770
nEdge: 352807
nVtx: 27770, nVtx: 27770, nEdge: 352807
graph read
filename: cit-HepTh.bin nVtx: 27770 nonzero: 352807 AvgTime: 0.007984 part1V: 9830 part1E: 176450 part2V: 17940 part2E: 176357
 number-blocks: 8 
vtxsize: 4
edgesize: 4
weightsize: 4
nVtx: 62586
nVtx: 62586
nEdge: 147892
nVtx: 62586, nVtx: 62586, nEdge: 147892
graph read
filename: p2p-Gnutella31.bin nVtx: 62586 nonzero: 147892 AvgTime: 0.007782 part1V: 33503 part1E: 73948 part2V: 29083 part2E: 73944
 number-blocks: 8 
vtxsize: 4
edgesize: 4
weightsize: 4
nVtx: 3774768
nVtx: 3774768
nEdge: 16518948
nVtx: 3774768, nVtx: 3774768, nEdge: 16518948
graph read
filename: cit-Patents.bin nVtx: 3774768 nonzero: 16518948 AvgTime: 0.272779 part1V: 2942619 part1E: 8259495 part2V: 832149 part2E: 8259453
 number-blocks: 8 
vtxsize: 4
edgesize: 4
weightsize: 4
nVtx: 77357
nVtx: 77357
nEdge: 516575
nVtx: 77357, nVtx: 77357, nEdge: 516575
graph read
filename: soc-sign-Slashdot081106.bin nVtx: 77357 nonzero: 516575 AvgTime: 0.008788 part1V: 11702 part1E: 258351 part2V: 65655 part2E: 258224
 number-blocks: 8 
vtxsize: 4
edgesize: 4
weightsize: 4
nVtx: 36682
nVtx: 36682
nEdge: 88328
nVtx: 36682, nVtx: 36682, nEdge: 88328
graph read
filename: p2p-Gnutella30.bin nVtx: 36682 nonzero: 88328 AvgTime: 0.006811 part1V: 17316 part1E: 44176 part2V: 19366 part2E: 44152
 number-blocks: 8 
vtxsize: 4
edgesize: 4
weightsize: 4
nVtx: 8717
nVtx: 8717
nEdge: 31525
nVtx: 8717, nVtx: 8717, nEdge: 31525
graph read
filename: p2p-Gnutella06.bin nVtx: 8717 nonzero: 31525 AvgTime: 0.006572 part1V: 3861 part1E: 15779 part2V: 4856 part2E: 15746
 number-blocks: 8 
vtxsize: 4
edgesize: 4
weightsize: 4
nVtx: 5242
nVtx: 5242
nEdge: 28980
nVtx: 5242, nVtx: 5242, nEdge: 28980
graph read
filename: ca-GrQc.bin nVtx: 5242 nonzero: 28980 AvgTime: 0.006438 part1V: 2613 part1E: 14506 part2V: 2629 part2E: 14474
 number-blocks: 8 
vtxsize: 4
edgesize: 4
weightsize: 4
nVtx: 6301
nVtx: 6301
nEdge: 20777
nVtx: 6301, nVtx: 6301, nEdge: 20777
graph read
filename: p2p-Gnutella08.bin nVtx: 6301 nonzero: 20777 AvgTime: 0.006085 part1V: 2714 part1E: 10398 part2V: 3587 part2E: 10379
 number-blocks: 8 
vtxsize: 4
edgesize: 4
weightsize: 4
nVtx: 26518
nVtx: 26518
nEdge: 65369
nVtx: 26518, nVtx: 26518, nEdge: 65369
graph read
filename: p2p-Gnutella24.bin nVtx: 26518 nonzero: 65369 AvgTime: 0.006345 part1V: 11866 part1E: 32700 part2V: 14652 part2E: 32669
 number-blocks: 8 
vtxsize: 4
edgesize: 4
weightsize: 4
nVtx: 31379
nVtx: 31379
nEdge: 106762
nVtx: 31379, nVtx: 31379, nEdge: 106762
graph read
filename: as-caida.bin nVtx: 31379 nonzero: 106762 AvgTime: 0.008385 part1V: 6353 part1E: 53425 part2V: 25026 part2E: 53337
 number-blocks: 8 
vtxsize: 4
edgesize: 4
weightsize: 4
nVtx: 82168
nVtx: 82168
nEdge: 948464
nVtx: 82168, nVtx: 82168, nEdge: 948464
graph read
filename: soc-Slashdot0902.bin nVtx: 82168 nonzero: 948464 AvgTime: 0.010692 part1V: 10739 part1E: 474277 part2V: 71429 part2E: 474187
 number-blocks: 8 
vtxsize: 4
edgesize: 4
weightsize: 4
nVtx: 23133
nVtx: 23133
nEdge: 186936
nVtx: 23133, nVtx: 23133, nEdge: 186936
graph read
filename: ca-CondMat.bin nVtx: 23133 nonzero: 186936 AvgTime: 0.006703 part1V: 11532 part1E: 93532 part2V: 11601 part2E: 93404
 number-blocks: 8 
vtxsize: 4
edgesize: 4
weightsize: 4
nVtx: 325729
nVtx: 325729
nEdge: 1497134
nVtx: 325729, nVtx: 325729, nEdge: 1497134
graph read
filename: web-NotreDame.bin nVtx: 325729 nonzero: 1497134 AvgTime: 0.020124 part1V: 229190 part1E: 748901 part2V: 96539 part2E: 748233
 number-blocks: 8 
vtxsize: 4
edgesize: 4
weightsize: 4
nVtx: 82144
nVtx: 82144
nEdge: 549202
nVtx: 82144, nVtx: 82144, nEdge: 549202
graph read
filename: soc-sign-Slashdot090221.bin nVtx: 82144 nonzero: 549202 AvgTime: 0.008749 part1V: 12617 part1E: 274889 part2V: 69527 part2E: 274313
 number-blocks: 8 
vtxsize: 4
edgesize: 4
weightsize: 4
nVtx: 8114
nVtx: 8114
nEdge: 26013
nVtx: 8114, nVtx: 8114, nEdge: 26013
graph read
filename: p2p-Gnutella09.bin nVtx: 8114 nonzero: 26013 AvgTime: 0.00703 part1V: 3459 part1E: 13017 part2V: 4655 part2E: 12996
 number-blocks: 8 
vtxsize: 4
edgesize: 4
weightsize: 4
nVtx: 75888
nVtx: 75888
nEdge: 508837
nVtx: 75888, nVtx: 75888, nEdge: 508837
graph read
filename: soc-Epinions1.bin nVtx: 75888 nonzero: 508837 AvgTime: 0.011304 part1V: 5234 part1E: 254759 part2V: 70654 part2E: 254078
 number-blocks: 8 
vtxsize: 4
edgesize: 4
weightsize: 4
nVtx: 12008
nVtx: 12008
nEdge: 237010
nVtx: 12008, nVtx: 12008, nEdge: 237010
graph read
filename: ca-HepPh.bin nVtx: 12008 nonzero: 237010 AvgTime: 0.00714 part1V: 5628 part1E: 118599 part2V: 6380 part2E: 118411
 number-blocks: 8 
vtxsize: 4
edgesize: 4
weightsize: 4
nVtx: 1971281
nVtx: 1971281
nEdge: 5533214
nVtx: 1971281, nVtx: 1971281, nEdge: 5533214
graph read
filename: roadNet-CA.bin nVtx: 1971281 nonzero: 5533214 AvgTime: 0.055377 part1V: 977903 part1E: 2766615 part2V: 993378 part2E: 2766599
 number-blocks: 8 
vtxsize: 4
edgesize: 4
weightsize: 4
nVtx: 8297
nVtx: 8297
nEdge: 103689
nVtx: 8297, nVtx: 8297, nEdge: 103689
graph read
filename: wiki-Vote.bin nVtx: 8297 nonzero: 103689 AvgTime: 0.006735 part1V: 2586 part1E: 51889 part2V: 5711 part2E: 51800
 number-blocks: 8 
vtxsize: 4
edgesize: 4
weightsize: 4
nVtx: 403394
nVtx: 403394
nEdge: 3387388
nVtx: 403394, nVtx: 403394, nEdge: 3387388
graph read
filename: amazon0601.bin nVtx: 403394 nonzero: 3387388 AvgTime: 0.024734 part1V: 184870 part1E: 1693720 part2V: 218524 part2E: 1693668
 number-blocks: 8 
vtxsize: 4
edgesize: 4
weightsize: 4
nVtx: 685230
nVtx: 685230
nEdge: 7600595
nVtx: 685230, nVtx: 685230, nEdge: 7600595
graph read
filename: web-BerkStan.bin nVtx: 685230 nonzero: 7600595 AvgTime: 0.035666 part1V: 339133 part1E: 3800327 part2V: 346097 part2E: 3800268
 number-blocks: 8 
vtxsize: 4
edgesize: 4
weightsize: 4
nVtx: 8846
nVtx: 8846
nEdge: 31839
nVtx: 8846, nVtx: 8846, nEdge: 31839
graph read
filename: p2p-Gnutella05.bin nVtx: 8846 nonzero: 31839 AvgTime: 0.006451 part1V: 3995 part1E: 15931 part2V: 4851 part2E: 15908
 number-blocks: 8 
vtxsize: 4
edgesize: 4
weightsize: 4
nVtx: 77360
nVtx: 77360
nEdge: 905468
nVtx: 77360, nVtx: 77360, nEdge: 905468
graph read
filename: soc-Slashdot0811.bin nVtx: 77360 nonzero: 905468 AvgTime: 0.010704 part1V: 10435 part1E: 452806 part2V: 66925 part2E: 452662
 number-blocks: 8 
vtxsize: 4
edgesize: 4
weightsize: 4
nVtx: 9877
nVtx: 9877
nEdge: 51971
nVtx: 9877, nVtx: 9877, nEdge: 51971
graph read
filename: ca-HepTh.bin nVtx: 9877 nonzero: 51971 AvgTime: 0.006588 part1V: 4857 part1E: 26006 part2V: 5020 part2E: 25965
 number-blocks: 8 
vtxsize: 4
edgesize: 4
weightsize: 4
nVtx: 410236
nVtx: 410236
nEdge: 3356824
nVtx: 410236, nVtx: 410236, nEdge: 3356824
graph read
filename: amazon0505.bin nVtx: 410236 nonzero: 3356824 AvgTime: 0.024949 part1V: 184771 part1E: 1678436 part2V: 225465 part2E: 1678388
 number-blocks: 8 
vtxsize: 4
edgesize: 4
weightsize: 4
nVtx: 22687
nVtx: 22687
nEdge: 54705
nVtx: 22687, nVtx: 22687, nEdge: 54705
graph read
filename: p2p-Gnutella25.bin nVtx: 22687 nonzero: 54705 AvgTime: 0.006718 part1V: 10320 part1E: 27361 part2V: 12367 part2E: 27344
 number-blocks: 8 
vtxsize: 4
edgesize: 4
weightsize: 4
nVtx: 1134890
nVtx: 1134890
nEdge: 5975248
nVtx: 1134890, nVtx: 1134890, nEdge: 5975248
graph read
filename: com-youtube.ungraph.bin nVtx: 1134890 nonzero: 5975248 AvgTime: 0.082812 part1V: 138990 part1E: 2987735 part2V: 995900 part2E: 2987513
 number-blocks: 8 
vtxsize: 4
edgesize: 4
weightsize: 4
nVtx: 18772
nVtx: 18772
nEdge: 396160
nVtx: 18772, nVtx: 18772, nEdge: 396160
graph read
filename: ca-AstroPh.bin nVtx: 18772 nonzero: 396160 AvgTime: 0.007872 part1V: 9391 part1E: 198096 part2V: 9381 part2E: 198064
 number-blocks: 8 
vtxsize: 4
edgesize: 4
weightsize: 4
nVtx: 1090920
nVtx: 1090920
nEdge: 3083796
nVtx: 1090920, nVtx: 1090920, nEdge: 3083796
graph read
filename: roadNet-PA.bin nVtx: 1090920 nonzero: 3083796 AvgTime: 0.034226 part1V: 545364 part1E: 1541906 part2V: 545556 part2E: 1541890
 number-blocks: 8 
vtxsize: 4
edgesize: 4
weightsize: 4
nVtx: 2394385
nVtx: 2394385
nEdge: 5021410
nVtx: 2394385, nVtx: 2394385, nEdge: 5021410
graph read
filename: wiki-Talk.bin nVtx: 2394385 nonzero: 5021410 AvgTime: 0.17465 part1V: 6590 part1E: 2512642 part2V: 2387795 part2E: 2508768
 number-blocks: 8 
vtxsize: 4
edgesize: 4
weightsize: 4
nVtx: 456626
nVtx: 456626
nEdge: 14855842
nVtx: 456626, nVtx: 456626, nEdge: 14855842
graph read
filename: higgs-social_network.bin nVtx: 456626 nonzero: 14855842 AvgTime: 0.056061 part1V: 108934 part1E: 7428571 part2V: 347692 part2E: 7427271
 number-blocks: 8 
vtxsize: 4
edgesize: 4
weightsize: 4
nVtx: 265214
nVtx: 265214
nEdge: 420045
nVtx: 265214, nVtx: 265214, nEdge: 420045
graph read
filename: email-EuAll.bin nVtx: 265214 nonzero: 420045 AvgTime: 0.014722 part1V: 72271 part1E: 210024 part2V: 192943 part2E: 210021
 number-blocks: 8 
vtxsize: 4
edgesize: 4
weightsize: 4
nVtx: 36692
nVtx: 36692
nEdge: 367662
nVtx: 36692, nVtx: 36692, nEdge: 367662
graph read
filename: email-Enron.bin nVtx: 36692 nonzero: 367662 AvgTime: 0.008725 part1V: 3819 part1E: 183845 part2V: 32873 part2E: 183817
 number-blocks: 8 
vtxsize: 4
edgesize: 4
weightsize: 4
nVtx: 334863
nVtx: 334863
nEdge: 1851744
nVtx: 334863, nVtx: 334863, nEdge: 1851744
graph read
filename: com-amazon.ungraph.bin nVtx: 334863 nonzero: 1851744 AvgTime: 0.019176 part1V: 122938 part1E: 925880 part2V: 211925 part2E: 925864
 number-blocks: 8 
vtxsize: 4
edgesize: 4
weightsize: 4
nVtx: 281903
nVtx: 281903
nEdge: 2312497
nVtx: 281903, nVtx: 281903, nEdge: 2312497
graph read
filename: web-Stanford.bin nVtx: 281903 nonzero: 2312497 AvgTime: 0.01877 part1V: 141052 part1E: 1156266 part2V: 140851 part2E: 1156231
 number-blocks: 8 
vtxsize: 4
edgesize: 4
weightsize: 4
nVtx: 81871
nVtx: 81871
nEdge: 545671
nVtx: 81871, nVtx: 81871, nEdge: 545671
graph read
filename: soc-sign-Slashdot090216.bin nVtx: 81871 nonzero: 545671 AvgTime: 0.009036 part1V: 12696 part1E: 272876 part2V: 69175 part2E: 272795
 number-blocks: 8 
vtxsize: 4
edgesize: 4
weightsize: 4
nVtx: 34546
nVtx: 34546
nEdge: 421578
nVtx: 34546, nVtx: 34546, nEdge: 421578
graph read
filename: cit-HepPh.bin nVtx: 34546 nonzero: 421578 AvgTime: 0.007805 part1V: 12313 part1E: 210828 part2V: 22233 part2E: 210750
 number-blocks: 8 
vtxsize: 4
edgesize: 4
weightsize: 4
nVtx: 400727
nVtx: 400727
nEdge: 3200440
nVtx: 400727, nVtx: 400727, nEdge: 3200440
graph read
filename: amazon0312.bin nVtx: 400727 nonzero: 3200440 AvgTime: 0.024017 part1V: 186861 part1E: 1600249 part2V: 213866 part2E: 1600191
 number-blocks: 8 
vtxsize: 4
edgesize: 4
weightsize: 4
nVtx: 10879
nVtx: 10879
nEdge: 39994
nVtx: 10879, nVtx: 10879, nEdge: 39994
graph read
filename: p2p-Gnutella04.bin nVtx: 10879 nonzero: 39994 AvgTime: 0.006503 part1V: 4933 part1E: 19999 part2V: 5946 part2E: 19995
 number-blocks: 8 
vtxsize: 4
edgesize: 4
weightsize: 4
nVtx: 3997962
nVtx: 3997962
nEdge: 69362378
nVtx: 3997962, nVtx: 3997962, nEdge: 69362378
graph read
filename: com-lj.ungraph.bin nVtx: 3997962 nonzero: 69362378 AvgTime: 0.541455 part1V: 655295 part1E: 34681202 part2V: 3342667 part2E: 34681176
 number-blocks: 8 
vtxsize: 4
edgesize: 4
weightsize: 4
nVtx: 11492
nVtx: 11492
nEdge: 46818
nVtx: 11492, nVtx: 11492, nEdge: 46818
graph read
filename: Oregon-1.bin nVtx: 11492 nonzero: 46818 AvgTime: 0.008125 part1V: 2255 part1E: 23417 part2V: 9237 part2E: 23401
 number-blocks: 8 
vtxsize: 4
edgesize: 4
weightsize: 4
nVtx: 11806
nVtx: 11806
nEdge: 65460
nVtx: 11806, nVtx: 11806, nEdge: 65460
graph read
filename: Oregon-2.bin nVtx: 11806 nonzero: 65460 AvgTime: 0.006951 part1V: 2427 part1E: 33066 part2V: 9379 part2E: 32394
 number-blocks: 8 
vtxsize: 4
edgesize: 4
weightsize: 4
nVtx: 916428
nVtx: 916428
nEdge: 5105039
nVtx: 916428, nVtx: 916428, nEdge: 5105039
graph read
filename: web-Google.bin nVtx: 916428 nonzero: 5105039 AvgTime: 0.066907 part1V: 456913 part1E: 2552527 part2V: 459515 part2E: 2552512
 number-blocks: 8 
vtxsize: 4
edgesize: 4
weightsize: 4
nVtx: 1696415
nVtx: 1696415
nEdge: 22190596
nVtx: 1696415, nVtx: 1696415, nEdge: 22190596
graph read
filename: as-Skitter.bin nVtx: 1696415 nonzero: 22190596 AvgTime: 0.129675 part1V: 314081 part1E: 11095324 part2V: 1382334 part2E: 11095272
 number-blocks: 8 
vtxsize: 4
edgesize: 4
weightsize: 4
nVtx: 262111
nVtx: 262111
nEdge: 1234877
nVtx: 262111, nVtx: 262111, nEdge: 1234877
graph read
filename: amazon0302.bin nVtx: 262111 nonzero: 1234877 AvgTime: 0.014222 part1V: 128964 part1E: 617449 part2V: 133147 part2E: 617428
 number-blocks: 8 
			------- 16 ---------- 
vtxsize: 4
edgesize: 4
weightsize: 4
nVtx: 7716
nVtx: 7716
nEdge: 26467
nVtx: 7716, nVtx: 7716, nEdge: 26467
graph read
filename: as-735.bin nVtx: 7716 nonzero: 26467 AvgTime: 0.007859 part1V: 2152 part1E: 13244 part2V: 5564 part2E: 13223
 number-blocks: 16 
vtxsize: 4
edgesize: 4
weightsize: 4
nVtx: 317080
nVtx: 317080
nEdge: 2099732
nVtx: 317080, nVtx: 317080, nEdge: 2099732
graph read
filename: com-dblp.ungraph.bin nVtx: 317080 nonzero: 2099732 AvgTime: 0.018737 part1V: 95222 part1E: 1049914 part2V: 221858 part2E: 1049818
 number-blocks: 16 
vtxsize: 4
edgesize: 4
weightsize: 4
nVtx: 4847571
nVtx: 4847571
nEdge: 68993773
nVtx: 4847571, nVtx: 4847571, nEdge: 68993773
graph read
filename: soc-LiveJournal1.bin nVtx: 4847571 nonzero: 68993773 AvgTime: 0.580172 part1V: 836087 part1E: 34496932 part2V: 4011484 part2E: 34496841
 number-blocks: 16 
vtxsize: 4
edgesize: 4
weightsize: 4
nVtx: 1632803
nVtx: 1632803
nEdge: 30622564
nVtx: 1632803, nVtx: 1632803, nEdge: 30622564
graph read
filename: soc-pokec-relationships.bin nVtx: 1632803 nonzero: 30622564 AvgTime: 0.305819 part1V: 403978 part1E: 15311384 part2V: 1228825 part2E: 15311180
 number-blocks: 16 
vtxsize: 4
edgesize: 4
weightsize: 4
nVtx: 131828
nVtx: 131828
nEdge: 841372
nVtx: 131828, nVtx: 131828, nEdge: 841372
graph read
filename: soc-sign-epinions.bin nVtx: 131828 nonzero: 841372 AvgTime: 0.015138 part1V: 18836 part1E: 420736 part2V: 112992 part2E: 420636
 number-blocks: 16 
vtxsize: 4
edgesize: 4
weightsize: 4
nVtx: 3072441
nVtx: 3072441
nEdge: 234370166
nVtx: 3072441, nVtx: 3072441, nEdge: 234370166
graph read
filename: com-orkut.ungraph.bin nVtx: 3072441 nonzero: 234370166 AvgTime: 1.6616 part1V: 1302191 part1E: 117185180 part2V: 1770250 part2E: 117184986
 number-blocks: 16 
vtxsize: 4
edgesize: 4
weightsize: 4
nVtx: 1393383
nVtx: 1393383
nEdge: 3843320
nVtx: 1393383, nVtx: 1393383, nEdge: 3843320
graph read
filename: roadNet-TX.bin nVtx: 1393383 nonzero: 3843320 AvgTime: 0.040922 part1V: 694387 part1E: 1921670 part2V: 698996 part2E: 1921650
 number-blocks: 16 
vtxsize: 4
edgesize: 4
weightsize: 4
nVtx: 27770
nVtx: 27770
nEdge: 352807
nVtx: 27770, nVtx: 27770, nEdge: 352807
graph read
filename: cit-HepTh.bin nVtx: 27770 nonzero: 352807 AvgTime: 0.007629 part1V: 9830 part1E: 176450 part2V: 17940 part2E: 176357
 number-blocks: 16 
vtxsize: 4
edgesize: 4
weightsize: 4
nVtx: 62586
nVtx: 62586
nEdge: 147892
nVtx: 62586, nVtx: 62586, nEdge: 147892
graph read
filename: p2p-Gnutella31.bin nVtx: 62586 nonzero: 147892 AvgTime: 0.006831 part1V: 33503 part1E: 73948 part2V: 29083 part2E: 73944
 number-blocks: 16 
vtxsize: 4
edgesize: 4
weightsize: 4
nVtx: 3774768
nVtx: 3774768
nEdge: 16518948
nVtx: 3774768, nVtx: 3774768, nEdge: 16518948
graph read
filename: cit-Patents.bin nVtx: 3774768 nonzero: 16518948 AvgTime: 0.27296 part1V: 2942619 part1E: 8259495 part2V: 832149 part2E: 8259453
 number-blocks: 16 
vtxsize: 4
edgesize: 4
weightsize: 4
nVtx: 77357
nVtx: 77357
nEdge: 516575
nVtx: 77357, nVtx: 77357, nEdge: 516575
graph read
filename: soc-sign-Slashdot081106.bin nVtx: 77357 nonzero: 516575 AvgTime: 0.008799 part1V: 11702 part1E: 258351 part2V: 65655 part2E: 258224
 number-blocks: 16 
vtxsize: 4
edgesize: 4
weightsize: 4
nVtx: 36682
nVtx: 36682
nEdge: 88328
nVtx: 36682, nVtx: 36682, nEdge: 88328
graph read
filename: p2p-Gnutella30.bin nVtx: 36682 nonzero: 88328 AvgTime: 0.00681 part1V: 17316 part1E: 44176 part2V: 19366 part2E: 44152
 number-blocks: 16 
vtxsize: 4
edgesize: 4
weightsize: 4
nVtx: 8717
nVtx: 8717
nEdge: 31525
nVtx: 8717, nVtx: 8717, nEdge: 31525
graph read
filename: p2p-Gnutella06.bin nVtx: 8717 nonzero: 31525 AvgTime: 0.006578 part1V: 3861 part1E: 15779 part2V: 4856 part2E: 15746
 number-blocks: 16 
vtxsize: 4
edgesize: 4
weightsize: 4
nVtx: 5242
nVtx: 5242
nEdge: 28980
nVtx: 5242, nVtx: 5242, nEdge: 28980
graph read
filename: ca-GrQc.bin nVtx: 5242 nonzero: 28980 AvgTime: 0.006488 part1V: 2613 part1E: 14506 part2V: 2629 part2E: 14474
 number-blocks: 16 
vtxsize: 4
edgesize: 4
weightsize: 4
nVtx: 6301
nVtx: 6301
nEdge: 20777
nVtx: 6301, nVtx: 6301, nEdge: 20777
graph read
filename: p2p-Gnutella08.bin nVtx: 6301 nonzero: 20777 AvgTime: 0.006449 part1V: 2714 part1E: 10398 part2V: 3587 part2E: 10379
 number-blocks: 16 
vtxsize: 4
edgesize: 4
weightsize: 4
nVtx: 26518
nVtx: 26518
nEdge: 65369
nVtx: 26518, nVtx: 26518, nEdge: 65369
graph read
filename: p2p-Gnutella24.bin nVtx: 26518 nonzero: 65369 AvgTime: 0.007302 part1V: 11866 part1E: 32700 part2V: 14652 part2E: 32669
 number-blocks: 16 
vtxsize: 4
edgesize: 4
weightsize: 4
nVtx: 31379
nVtx: 31379
nEdge: 106762
nVtx: 31379, nVtx: 31379, nEdge: 106762
graph read
filename: as-caida.bin nVtx: 31379 nonzero: 106762 AvgTime: 0.009877 part1V: 6353 part1E: 53425 part2V: 25026 part2E: 53337
 number-blocks: 16 
vtxsize: 4
edgesize: 4
weightsize: 4
nVtx: 82168
nVtx: 82168
nEdge: 948464
nVtx: 82168, nVtx: 82168, nEdge: 948464
graph read
filename: soc-Slashdot0902.bin nVtx: 82168 nonzero: 948464 AvgTime: 0.010909 part1V: 10739 part1E: 474277 part2V: 71429 part2E: 474187
 number-blocks: 16 
vtxsize: 4
edgesize: 4
weightsize: 4
nVtx: 23133
nVtx: 23133
nEdge: 186936
nVtx: 23133, nVtx: 23133, nEdge: 186936
graph read
filename: ca-CondMat.bin nVtx: 23133 nonzero: 186936 AvgTime: 0.007017 part1V: 11532 part1E: 93532 part2V: 11601 part2E: 93404
 number-blocks: 16 
vtxsize: 4
edgesize: 4
weightsize: 4
nVtx: 325729
nVtx: 325729
nEdge: 1497134
nVtx: 325729, nVtx: 325729, nEdge: 1497134
graph read
filename: web-NotreDame.bin nVtx: 325729 nonzero: 1497134 AvgTime: 0.020212 part1V: 229190 part1E: 748901 part2V: 96539 part2E: 748233
 number-blocks: 16 
vtxsize: 4
edgesize: 4
weightsize: 4
nVtx: 82144
nVtx: 82144
nEdge: 549202
nVtx: 82144, nVtx: 82144, nEdge: 549202
graph read
filename: soc-sign-Slashdot090221.bin nVtx: 82144 nonzero: 549202 AvgTime: 0.008713 part1V: 12617 part1E: 274889 part2V: 69527 part2E: 274313
 number-blocks: 16 
vtxsize: 4
edgesize: 4
weightsize: 4
nVtx: 8114
nVtx: 8114
nEdge: 26013
nVtx: 8114, nVtx: 8114, nEdge: 26013
graph read
filename: p2p-Gnutella09.bin nVtx: 8114 nonzero: 26013 AvgTime: 0.006505 part1V: 3459 part1E: 13017 part2V: 4655 part2E: 12996
 number-blocks: 16 
vtxsize: 4
edgesize: 4
weightsize: 4
nVtx: 75888
nVtx: 75888
nEdge: 508837
nVtx: 75888, nVtx: 75888, nEdge: 508837
graph read
filename: soc-Epinions1.bin nVtx: 75888 nonzero: 508837 AvgTime: 0.011351 part1V: 5234 part1E: 254759 part2V: 70654 part2E: 254078
 number-blocks: 16 
vtxsize: 4
edgesize: 4
weightsize: 4
nVtx: 12008
nVtx: 12008
nEdge: 237010
nVtx: 12008, nVtx: 12008, nEdge: 237010
graph read
filename: ca-HepPh.bin nVtx: 12008 nonzero: 237010 AvgTime: 0.007094 part1V: 5628 part1E: 118599 part2V: 6380 part2E: 118411
 number-blocks: 16 
vtxsize: 4
edgesize: 4
weightsize: 4
nVtx: 1971281
nVtx: 1971281
nEdge: 5533214
nVtx: 1971281, nVtx: 1971281, nEdge: 5533214
graph read
filename: roadNet-CA.bin nVtx: 1971281 nonzero: 5533214 AvgTime: 0.055073 part1V: 977903 part1E: 2766615 part2V: 993378 part2E: 2766599
 number-blocks: 16 
vtxsize: 4
edgesize: 4
weightsize: 4
nVtx: 8297
nVtx: 8297
nEdge: 103689
nVtx: 8297, nVtx: 8297, nEdge: 103689
graph read
filename: wiki-Vote.bin nVtx: 8297 nonzero: 103689 AvgTime: 0.006668 part1V: 2586 part1E: 51889 part2V: 5711 part2E: 51800
 number-blocks: 16 
vtxsize: 4
edgesize: 4
weightsize: 4
nVtx: 403394
nVtx: 403394
nEdge: 3387388
nVtx: 403394, nVtx: 403394, nEdge: 3387388
graph read
filename: amazon0601.bin nVtx: 403394 nonzero: 3387388 AvgTime: 0.02466 part1V: 184870 part1E: 1693720 part2V: 218524 part2E: 1693668
 number-blocks: 16 
vtxsize: 4
edgesize: 4
weightsize: 4
nVtx: 685230
nVtx: 685230
nEdge: 7600595
nVtx: 685230, nVtx: 685230, nEdge: 7600595
graph read
filename: web-BerkStan.bin nVtx: 685230 nonzero: 7600595 AvgTime: 0.035686 part1V: 339133 part1E: 3800327 part2V: 346097 part2E: 3800268
 number-blocks: 16 
vtxsize: 4
edgesize: 4
weightsize: 4
nVtx: 8846
nVtx: 8846
nEdge: 31839
nVtx: 8846, nVtx: 8846, nEdge: 31839
graph read
filename: p2p-Gnutella05.bin nVtx: 8846 nonzero: 31839 AvgTime: 0.00608 part1V: 3995 part1E: 15931 part2V: 4851 part2E: 15908
 number-blocks: 16 
vtxsize: 4
edgesize: 4
weightsize: 4
nVtx: 77360
nVtx: 77360
nEdge: 905468
nVtx: 77360, nVtx: 77360, nEdge: 905468
graph read
filename: soc-Slashdot0811.bin nVtx: 77360 nonzero: 905468 AvgTime: 0.010411 part1V: 10435 part1E: 452806 part2V: 66925 part2E: 452662
 number-blocks: 16 
vtxsize: 4
edgesize: 4
weightsize: 4
nVtx: 9877
nVtx: 9877
nEdge: 51971
nVtx: 9877, nVtx: 9877, nEdge: 51971
graph read
filename: ca-HepTh.bin nVtx: 9877 nonzero: 51971 AvgTime: 0.006147 part1V: 4857 part1E: 26006 part2V: 5020 part2E: 25965
 number-blocks: 16 
vtxsize: 4
edgesize: 4
weightsize: 4
nVtx: 410236
nVtx: 410236
nEdge: 3356824
nVtx: 410236, nVtx: 410236, nEdge: 3356824
graph read
filename: amazon0505.bin nVtx: 410236 nonzero: 3356824 AvgTime: 0.024942 part1V: 184771 part1E: 1678436 part2V: 225465 part2E: 1678388
 number-blocks: 16 
vtxsize: 4
edgesize: 4
weightsize: 4
nVtx: 22687
nVtx: 22687
nEdge: 54705
nVtx: 22687, nVtx: 22687, nEdge: 54705
graph read
filename: p2p-Gnutella25.bin nVtx: 22687 nonzero: 54705 AvgTime: 0.006715 part1V: 10320 part1E: 27361 part2V: 12367 part2E: 27344
 number-blocks: 16 
vtxsize: 4
edgesize: 4
weightsize: 4
nVtx: 1134890
nVtx: 1134890
nEdge: 5975248
nVtx: 1134890, nVtx: 1134890, nEdge: 5975248
graph read
filename: com-youtube.ungraph.bin nVtx: 1134890 nonzero: 5975248 AvgTime: 0.082737 part1V: 138990 part1E: 2987735 part2V: 995900 part2E: 2987513
 number-blocks: 16 
vtxsize: 4
edgesize: 4
weightsize: 4
nVtx: 18772
nVtx: 18772
nEdge: 396160
nVtx: 18772, nVtx: 18772, nEdge: 396160
graph read
filename: ca-AstroPh.bin nVtx: 18772 nonzero: 396160 AvgTime: 0.00717 part1V: 9391 part1E: 198096 part2V: 9381 part2E: 198064
 number-blocks: 16 
vtxsize: 4
edgesize: 4
weightsize: 4
nVtx: 1090920
nVtx: 1090920
nEdge: 3083796
nVtx: 1090920, nVtx: 1090920, nEdge: 3083796
graph read
filename: roadNet-PA.bin nVtx: 1090920 nonzero: 3083796 AvgTime: 0.034358 part1V: 545364 part1E: 1541906 part2V: 545556 part2E: 1541890
 number-blocks: 16 
vtxsize: 4
edgesize: 4
weightsize: 4
nVtx: 2394385
nVtx: 2394385
nEdge: 5021410
nVtx: 2394385, nVtx: 2394385, nEdge: 5021410
graph read
filename: wiki-Talk.bin nVtx: 2394385 nonzero: 5021410 AvgTime: 0.174596 part1V: 6590 part1E: 2512642 part2V: 2387795 part2E: 2508768
 number-blocks: 16 
vtxsize: 4
edgesize: 4
weightsize: 4
nVtx: 456626
nVtx: 456626
nEdge: 14855842
nVtx: 456626, nVtx: 456626, nEdge: 14855842
graph read
filename: higgs-social_network.bin nVtx: 456626 nonzero: 14855842 AvgTime: 0.056036 part1V: 108934 part1E: 7428571 part2V: 347692 part2E: 7427271
 number-blocks: 16 
vtxsize: 4
edgesize: 4
weightsize: 4
nVtx: 265214
nVtx: 265214
nEdge: 420045
nVtx: 265214, nVtx: 265214, nEdge: 420045
graph read
filename: email-EuAll.bin nVtx: 265214 nonzero: 420045 AvgTime: 0.014556 part1V: 72271 part1E: 210024 part2V: 192943 part2E: 210021
 number-blocks: 16 
vtxsize: 4
edgesize: 4
weightsize: 4
nVtx: 36692
nVtx: 36692
nEdge: 367662
nVtx: 36692, nVtx: 36692, nEdge: 367662
graph read
filename: email-Enron.bin nVtx: 36692 nonzero: 367662 AvgTime: 0.008695 part1V: 3819 part1E: 183845 part2V: 32873 part2E: 183817
 number-blocks: 16 
vtxsize: 4
edgesize: 4
weightsize: 4
nVtx: 334863
nVtx: 334863
nEdge: 1851744
nVtx: 334863, nVtx: 334863, nEdge: 1851744
graph read
filename: com-amazon.ungraph.bin nVtx: 334863 nonzero: 1851744 AvgTime: 0.019211 part1V: 122938 part1E: 925880 part2V: 211925 part2E: 925864
 number-blocks: 16 
vtxsize: 4
edgesize: 4
weightsize: 4
nVtx: 281903
nVtx: 281903
nEdge: 2312497
nVtx: 281903, nVtx: 281903, nEdge: 2312497
graph read
filename: web-Stanford.bin nVtx: 281903 nonzero: 2312497 AvgTime: 0.018947 part1V: 141052 part1E: 1156266 part2V: 140851 part2E: 1156231
 number-blocks: 16 
vtxsize: 4
edgesize: 4
weightsize: 4
nVtx: 81871
nVtx: 81871
nEdge: 545671
nVtx: 81871, nVtx: 81871, nEdge: 545671
graph read
filename: soc-sign-Slashdot090216.bin nVtx: 81871 nonzero: 545671 AvgTime: 0.008807 part1V: 12696 part1E: 272876 part2V: 69175 part2E: 272795
 number-blocks: 16 
vtxsize: 4
edgesize: 4
weightsize: 4
nVtx: 34546
nVtx: 34546
nEdge: 421578
nVtx: 34546, nVtx: 34546, nEdge: 421578
graph read
filename: cit-HepPh.bin nVtx: 34546 nonzero: 421578 AvgTime: 0.007459 part1V: 12313 part1E: 210828 part2V: 22233 part2E: 210750
 number-blocks: 16 
vtxsize: 4
edgesize: 4
weightsize: 4
nVtx: 400727
nVtx: 400727
nEdge: 3200440
nVtx: 400727, nVtx: 400727, nEdge: 3200440
graph read
filename: amazon0312.bin nVtx: 400727 nonzero: 3200440 AvgTime: 0.02404 part1V: 186861 part1E: 1600249 part2V: 213866 part2E: 1600191
 number-blocks: 16 
vtxsize: 4
edgesize: 4
weightsize: 4
nVtx: 10879
nVtx: 10879
nEdge: 39994
nVtx: 10879, nVtx: 10879, nEdge: 39994
graph read
filename: p2p-Gnutella04.bin nVtx: 10879 nonzero: 39994 AvgTime: 0.006122 part1V: 4933 part1E: 19999 part2V: 5946 part2E: 19995
 number-blocks: 16 
vtxsize: 4
edgesize: 4
weightsize: 4
nVtx: 3997962
nVtx: 3997962
nEdge: 69362378
nVtx: 3997962, nVtx: 3997962, nEdge: 69362378
graph read
filename: com-lj.ungraph.bin nVtx: 3997962 nonzero: 69362378 AvgTime: 0.541354 part1V: 655295 part1E: 34681202 part2V: 3342667 part2E: 34681176
 number-blocks: 16 
vtxsize: 4
edgesize: 4
weightsize: 4
nVtx: 11492
nVtx: 11492
nEdge: 46818
nVtx: 11492, nVtx: 11492, nEdge: 46818
graph read
filename: Oregon-1.bin nVtx: 11492 nonzero: 46818 AvgTime: 0.008137 part1V: 2255 part1E: 23417 part2V: 9237 part2E: 23401
 number-blocks: 16 
vtxsize: 4
edgesize: 4
weightsize: 4
nVtx: 11806
nVtx: 11806
nEdge: 65460
nVtx: 11806, nVtx: 11806, nEdge: 65460
graph read
filename: Oregon-2.bin nVtx: 11806 nonzero: 65460 AvgTime: 0.006885 part1V: 2427 part1E: 33066 part2V: 9379 part2E: 32394
 number-blocks: 16 
vtxsize: 4
edgesize: 4
weightsize: 4
nVtx: 916428
nVtx: 916428
nEdge: 5105039
nVtx: 916428, nVtx: 916428, nEdge: 5105039
graph read
filename: web-Google.bin nVtx: 916428 nonzero: 5105039 AvgTime: 0.066828 part1V: 456913 part1E: 2552527 part2V: 459515 part2E: 2552512
 number-blocks: 16 
vtxsize: 4
edgesize: 4
weightsize: 4
nVtx: 1696415
nVtx: 1696415
nEdge: 22190596
nVtx: 1696415, nVtx: 1696415, nEdge: 22190596
graph read
filename: as-Skitter.bin nVtx: 1696415 nonzero: 22190596 AvgTime: 0.129664 part1V: 314081 part1E: 11095324 part2V: 1382334 part2E: 11095272
 number-blocks: 16 
vtxsize: 4
edgesize: 4
weightsize: 4
nVtx: 262111
nVtx: 262111
nEdge: 1234877
nVtx: 262111, nVtx: 262111, nEdge: 1234877
graph read
filename: amazon0302.bin nVtx: 262111 nonzero: 1234877 AvgTime: 0.014304 part1V: 128964 part1E: 617449 part2V: 133147 part2E: 617428
 number-blocks: 16 
			------- 32 ---------- 
vtxsize: 4
edgesize: 4
weightsize: 4
nVtx: 7716
nVtx: 7716
nEdge: 26467
nVtx: 7716, nVtx: 7716, nEdge: 26467
graph read
filename: as-735.bin nVtx: 7716 nonzero: 26467 AvgTime: 0.007881 part1V: 2152 part1E: 13244 part2V: 5564 part2E: 13223
 number-blocks: 32 
vtxsize: 4
edgesize: 4
weightsize: 4
nVtx: 317080
nVtx: 317080
nEdge: 2099732
nVtx: 317080, nVtx: 317080, nEdge: 2099732
graph read
filename: com-dblp.ungraph.bin nVtx: 317080 nonzero: 2099732 AvgTime: 0.019129 part1V: 95222 part1E: 1049914 part2V: 221858 part2E: 1049818
 number-blocks: 32 
vtxsize: 4
edgesize: 4
weightsize: 4
nVtx: 4847571
nVtx: 4847571
nEdge: 68993773
nVtx: 4847571, nVtx: 4847571, nEdge: 68993773
graph read
filename: soc-LiveJournal1.bin nVtx: 4847571 nonzero: 68993773 AvgTime: 0.580154 part1V: 836087 part1E: 34496932 part2V: 4011484 part2E: 34496841
 number-blocks: 32 
vtxsize: 4
edgesize: 4
weightsize: 4
nVtx: 1632803
nVtx: 1632803
nEdge: 30622564
nVtx: 1632803, nVtx: 1632803, nEdge: 30622564
graph read
filename: soc-pokec-relationships.bin nVtx: 1632803 nonzero: 30622564 AvgTime: 0.305802 part1V: 403978 part1E: 15311384 part2V: 1228825 part2E: 15311180
 number-blocks: 32 
vtxsize: 4
edgesize: 4
weightsize: 4
nVtx: 131828
nVtx: 131828
nEdge: 841372
nVtx: 131828, nVtx: 131828, nEdge: 841372
graph read
filename: soc-sign-epinions.bin nVtx: 131828 nonzero: 841372 AvgTime: 0.014838 part1V: 18836 part1E: 420736 part2V: 112992 part2E: 420636
 number-blocks: 32 
vtxsize: 4
edgesize: 4
weightsize: 4
nVtx: 3072441
nVtx: 3072441
nEdge: 234370166
nVtx: 3072441, nVtx: 3072441, nEdge: 234370166
graph read
filename: com-orkut.ungraph.bin nVtx: 3072441 nonzero: 234370166 AvgTime: 1.66155 part1V: 1302191 part1E: 117185180 part2V: 1770250 part2E: 117184986
 number-blocks: 32 
vtxsize: 4
edgesize: 4
weightsize: 4
nVtx: 1393383
nVtx: 1393383
nEdge: 3843320
nVtx: 1393383, nVtx: 1393383, nEdge: 3843320
graph read
filename: roadNet-TX.bin nVtx: 1393383 nonzero: 3843320 AvgTime: 0.040886 part1V: 694387 part1E: 1921670 part2V: 698996 part2E: 1921650
 number-blocks: 32 
vtxsize: 4
edgesize: 4
weightsize: 4
nVtx: 27770
nVtx: 27770
nEdge: 352807
nVtx: 27770, nVtx: 27770, nEdge: 352807
graph read
filename: cit-HepTh.bin nVtx: 27770 nonzero: 352807 AvgTime: 0.007585 part1V: 9830 part1E: 176450 part2V: 17940 part2E: 176357
 number-blocks: 32 
vtxsize: 4
edgesize: 4
weightsize: 4
nVtx: 62586
nVtx: 62586
nEdge: 147892
nVtx: 62586, nVtx: 62586, nEdge: 147892
graph read
filename: p2p-Gnutella31.bin nVtx: 62586 nonzero: 147892 AvgTime: 0.007015 part1V: 33503 part1E: 73948 part2V: 29083 part2E: 73944
 number-blocks: 32 
vtxsize: 4
edgesize: 4
weightsize: 4
nVtx: 3774768
nVtx: 3774768
nEdge: 16518948
nVtx: 3774768, nVtx: 3774768, nEdge: 16518948
graph read
filename: cit-Patents.bin nVtx: 3774768 nonzero: 16518948 AvgTime: 0.272829 part1V: 2942619 part1E: 8259495 part2V: 832149 part2E: 8259453
 number-blocks: 32 
vtxsize: 4
edgesize: 4
weightsize: 4
nVtx: 77357
nVtx: 77357
nEdge: 516575
nVtx: 77357, nVtx: 77357, nEdge: 516575
graph read
filename: soc-sign-Slashdot081106.bin nVtx: 77357 nonzero: 516575 AvgTime: 0.008504 part1V: 11702 part1E: 258351 part2V: 65655 part2E: 258224
 number-blocks: 32 
vtxsize: 4
edgesize: 4
weightsize: 4
nVtx: 36682
nVtx: 36682
nEdge: 88328
nVtx: 36682, nVtx: 36682, nEdge: 88328
graph read
filename: p2p-Gnutella30.bin nVtx: 36682 nonzero: 88328 AvgTime: 0.006369 part1V: 17316 part1E: 44176 part2V: 19366 part2E: 44152
 number-blocks: 32 
vtxsize: 4
edgesize: 4
weightsize: 4
nVtx: 8717
nVtx: 8717
nEdge: 31525
nVtx: 8717, nVtx: 8717, nEdge: 31525
graph read
filename: p2p-Gnutella06.bin nVtx: 8717 nonzero: 31525 AvgTime: 0.006229 part1V: 3861 part1E: 15779 part2V: 4856 part2E: 15746
 number-blocks: 32 
vtxsize: 4
edgesize: 4
weightsize: 4
nVtx: 5242
nVtx: 5242
nEdge: 28980
nVtx: 5242, nVtx: 5242, nEdge: 28980
graph read
filename: ca-GrQc.bin nVtx: 5242 nonzero: 28980 AvgTime: 0.006032 part1V: 2613 part1E: 14506 part2V: 2629 part2E: 14474
 number-blocks: 32 
vtxsize: 4
edgesize: 4
weightsize: 4
nVtx: 6301
nVtx: 6301
nEdge: 20777
nVtx: 6301, nVtx: 6301, nEdge: 20777
graph read
filename: p2p-Gnutella08.bin nVtx: 6301 nonzero: 20777 AvgTime: 0.011226 part1V: 2714 part1E: 10398 part2V: 3587 part2E: 10379
 number-blocks: 32 
vtxsize: 4
edgesize: 4
weightsize: 4
nVtx: 26518
nVtx: 26518
nEdge: 65369
nVtx: 26518, nVtx: 26518, nEdge: 65369
graph read
filename: p2p-Gnutella24.bin nVtx: 26518 nonzero: 65369 AvgTime: 0.006739 part1V: 11866 part1E: 32700 part2V: 14652 part2E: 32669
 number-blocks: 32 
vtxsize: 4
edgesize: 4
weightsize: 4
nVtx: 31379
nVtx: 31379
nEdge: 106762
nVtx: 31379, nVtx: 31379, nEdge: 106762
graph read
filename: as-caida.bin nVtx: 31379 nonzero: 106762 AvgTime: 0.008859 part1V: 6353 part1E: 53425 part2V: 25026 part2E: 53337
 number-blocks: 32 
vtxsize: 4
edgesize: 4
weightsize: 4
nVtx: 82168
nVtx: 82168
nEdge: 948464
nVtx: 82168, nVtx: 82168, nEdge: 948464
graph read
filename: soc-Slashdot0902.bin nVtx: 82168 nonzero: 948464 AvgTime: 0.01094 part1V: 10739 part1E: 474277 part2V: 71429 part2E: 474187
 number-blocks: 32 
vtxsize: 4
edgesize: 4
weightsize: 4
nVtx: 23133
nVtx: 23133
nEdge: 186936
nVtx: 23133, nVtx: 23133, nEdge: 186936
graph read
filename: ca-CondMat.bin nVtx: 23133 nonzero: 186936 AvgTime: 0.007121 part1V: 11532 part1E: 93532 part2V: 11601 part2E: 93404
 number-blocks: 32 
vtxsize: 4
edgesize: 4
weightsize: 4
nVtx: 325729
nVtx: 325729
nEdge: 1497134
nVtx: 325729, nVtx: 325729, nEdge: 1497134
graph read
filename: web-NotreDame.bin nVtx: 325729 nonzero: 1497134 AvgTime: 0.020208 part1V: 229190 part1E: 748901 part2V: 96539 part2E: 748233
 number-blocks: 32 
vtxsize: 4
edgesize: 4
weightsize: 4
nVtx: 82144
nVtx: 82144
nEdge: 549202
nVtx: 82144, nVtx: 82144, nEdge: 549202
graph read
filename: soc-sign-Slashdot090221.bin nVtx: 82144 nonzero: 549202 AvgTime: 0.008881 part1V: 12617 part1E: 274889 part2V: 69527 part2E: 274313
 number-blocks: 32 
vtxsize: 4
edgesize: 4
weightsize: 4
nVtx: 8114
nVtx: 8114
nEdge: 26013
nVtx: 8114, nVtx: 8114, nEdge: 26013
graph read
filename: p2p-Gnutella09.bin nVtx: 8114 nonzero: 26013 AvgTime: 0.006435 part1V: 3459 part1E: 13017 part2V: 4655 part2E: 12996
 number-blocks: 32 
vtxsize: 4
edgesize: 4
weightsize: 4
nVtx: 75888
nVtx: 75888
nEdge: 508837
nVtx: 75888, nVtx: 75888, nEdge: 508837
graph read
filename: soc-Epinions1.bin nVtx: 75888 nonzero: 508837 AvgTime: 0.011291 part1V: 5234 part1E: 254759 part2V: 70654 part2E: 254078
 number-blocks: 32 
vtxsize: 4
edgesize: 4
weightsize: 4
nVtx: 12008
nVtx: 12008
nEdge: 237010
nVtx: 12008, nVtx: 12008, nEdge: 237010
graph read
filename: ca-HepPh.bin nVtx: 12008 nonzero: 237010 AvgTime: 0.007087 part1V: 5628 part1E: 118599 part2V: 6380 part2E: 118411
 number-blocks: 32 
vtxsize: 4
edgesize: 4
weightsize: 4
nVtx: 1971281
nVtx: 1971281
nEdge: 5533214
nVtx: 1971281, nVtx: 1971281, nEdge: 5533214
graph read
filename: roadNet-CA.bin nVtx: 1971281 nonzero: 5533214 AvgTime: 0.055028 part1V: 977903 part1E: 2766615 part2V: 993378 part2E: 2766599
 number-blocks: 32 
vtxsize: 4
edgesize: 4
weightsize: 4
nVtx: 8297
nVtx: 8297
nEdge: 103689
nVtx: 8297, nVtx: 8297, nEdge: 103689
graph read
filename: wiki-Vote.bin nVtx: 8297 nonzero: 103689 AvgTime: 0.006714 part1V: 2586 part1E: 51889 part2V: 5711 part2E: 51800
 number-blocks: 32 
vtxsize: 4
edgesize: 4
weightsize: 4
nVtx: 403394
nVtx: 403394
nEdge: 3387388
nVtx: 403394, nVtx: 403394, nEdge: 3387388
graph read
filename: amazon0601.bin nVtx: 403394 nonzero: 3387388 AvgTime: 0.024691 part1V: 184870 part1E: 1693720 part2V: 218524 part2E: 1693668
 number-blocks: 32 
vtxsize: 4
edgesize: 4
weightsize: 4
nVtx: 685230
nVtx: 685230
nEdge: 7600595
nVtx: 685230, nVtx: 685230, nEdge: 7600595
graph read
filename: web-BerkStan.bin nVtx: 685230 nonzero: 7600595 AvgTime: 0.035642 part1V: 339133 part1E: 3800327 part2V: 346097 part2E: 3800268
 number-blocks: 32 
vtxsize: 4
edgesize: 4
weightsize: 4
nVtx: 8846
nVtx: 8846
nEdge: 31839
nVtx: 8846, nVtx: 8846, nEdge: 31839
graph read
filename: p2p-Gnutella05.bin nVtx: 8846 nonzero: 31839 AvgTime: 0.006076 part1V: 3995 part1E: 15931 part2V: 4851 part2E: 15908
 number-blocks: 32 
vtxsize: 4
edgesize: 4
weightsize: 4
nVtx: 77360
nVtx: 77360
nEdge: 905468
nVtx: 77360, nVtx: 77360, nEdge: 905468
graph read
filename: soc-Slashdot0811.bin nVtx: 77360 nonzero: 905468 AvgTime: 0.010384 part1V: 10435 part1E: 452806 part2V: 66925 part2E: 452662
 number-blocks: 32 
vtxsize: 4
edgesize: 4
weightsize: 4
nVtx: 9877
nVtx: 9877
nEdge: 51971
nVtx: 9877, nVtx: 9877, nEdge: 51971
graph read
filename: ca-HepTh.bin nVtx: 9877 nonzero: 51971 AvgTime: 0.006532 part1V: 4857 part1E: 26006 part2V: 5020 part2E: 25965
 number-blocks: 32 
vtxsize: 4
edgesize: 4
weightsize: 4
nVtx: 410236
nVtx: 410236
nEdge: 3356824
nVtx: 410236, nVtx: 410236, nEdge: 3356824
graph read
filename: amazon0505.bin nVtx: 410236 nonzero: 3356824 AvgTime: 0.024915 part1V: 184771 part1E: 1678436 part2V: 225465 part2E: 1678388
 number-blocks: 32 
vtxsize: 4
edgesize: 4
weightsize: 4
nVtx: 22687
nVtx: 22687
nEdge: 54705
nVtx: 22687, nVtx: 22687, nEdge: 54705
graph read
filename: p2p-Gnutella25.bin nVtx: 22687 nonzero: 54705 AvgTime: 0.006728 part1V: 10320 part1E: 27361 part2V: 12367 part2E: 27344
 number-blocks: 32 
vtxsize: 4
edgesize: 4
weightsize: 4
nVtx: 1134890
nVtx: 1134890
nEdge: 5975248
nVtx: 1134890, nVtx: 1134890, nEdge: 5975248
graph read
filename: com-youtube.ungraph.bin nVtx: 1134890 nonzero: 5975248 AvgTime: 0.085015 part1V: 138990 part1E: 2987735 part2V: 995900 part2E: 2987513
 number-blocks: 32 
vtxsize: 4
edgesize: 4
weightsize: 4
nVtx: 18772
nVtx: 18772
nEdge: 396160
nVtx: 18772, nVtx: 18772, nEdge: 396160
graph read
filename: ca-AstroPh.bin nVtx: 18772 nonzero: 396160 AvgTime: 0.007536 part1V: 9391 part1E: 198096 part2V: 9381 part2E: 198064
 number-blocks: 32 
vtxsize: 4
edgesize: 4
weightsize: 4
nVtx: 1090920
nVtx: 1090920
nEdge: 3083796
nVtx: 1090920, nVtx: 1090920, nEdge: 3083796
graph read
filename: roadNet-PA.bin nVtx: 1090920 nonzero: 3083796 AvgTime: 0.034497 part1V: 545364 part1E: 1541906 part2V: 545556 part2E: 1541890
 number-blocks: 32 
vtxsize: 4
edgesize: 4
weightsize: 4
nVtx: 2394385
nVtx: 2394385
nEdge: 5021410
nVtx: 2394385, nVtx: 2394385, nEdge: 5021410
graph read
filename: wiki-Talk.bin nVtx: 2394385 nonzero: 5021410 AvgTime: 0.174687 part1V: 6590 part1E: 2512642 part2V: 2387795 part2E: 2508768
 number-blocks: 32 
vtxsize: 4
edgesize: 4
weightsize: 4
nVtx: 456626
nVtx: 456626
nEdge: 14855842
nVtx: 456626, nVtx: 456626, nEdge: 14855842
graph read
filename: higgs-social_network.bin nVtx: 456626 nonzero: 14855842 AvgTime: 0.055993 part1V: 108934 part1E: 7428571 part2V: 347692 part2E: 7427271
 number-blocks: 32 
vtxsize: 4
edgesize: 4
weightsize: 4
nVtx: 265214
nVtx: 265214
nEdge: 420045
nVtx: 265214, nVtx: 265214, nEdge: 420045
graph read
filename: email-EuAll.bin nVtx: 265214 nonzero: 420045 AvgTime: 0.014571 part1V: 72271 part1E: 210024 part2V: 192943 part2E: 210021
 number-blocks: 32 
vtxsize: 4
edgesize: 4
weightsize: 4
nVtx: 36692
nVtx: 36692
nEdge: 367662
nVtx: 36692, nVtx: 36692, nEdge: 367662
graph read
filename: email-Enron.bin nVtx: 36692 nonzero: 367662 AvgTime: 0.008689 part1V: 3819 part1E: 183845 part2V: 32873 part2E: 183817
 number-blocks: 32 
vtxsize: 4
edgesize: 4
weightsize: 4
nVtx: 334863
nVtx: 334863
nEdge: 1851744
nVtx: 334863, nVtx: 334863, nEdge: 1851744
graph read
filename: com-amazon.ungraph.bin nVtx: 334863 nonzero: 1851744 AvgTime: 0.019206 part1V: 122938 part1E: 925880 part2V: 211925 part2E: 925864
 number-blocks: 32 
vtxsize: 4
edgesize: 4
weightsize: 4
nVtx: 281903
nVtx: 281903
nEdge: 2312497
nVtx: 281903, nVtx: 281903, nEdge: 2312497
graph read
filename: web-Stanford.bin nVtx: 281903 nonzero: 2312497 AvgTime: 0.01892 part1V: 141052 part1E: 1156266 part2V: 140851 part2E: 1156231
 number-blocks: 32 
vtxsize: 4
edgesize: 4
weightsize: 4
nVtx: 81871
nVtx: 81871
nEdge: 545671
nVtx: 81871, nVtx: 81871, nEdge: 545671
graph read
filename: soc-sign-Slashdot090216.bin nVtx: 81871 nonzero: 545671 AvgTime: 0.008756 part1V: 12696 part1E: 272876 part2V: 69175 part2E: 272795
 number-blocks: 32 
vtxsize: 4
edgesize: 4
weightsize: 4
nVtx: 34546
nVtx: 34546
nEdge: 421578
nVtx: 34546, nVtx: 34546, nEdge: 421578
graph read
filename: cit-HepPh.bin nVtx: 34546 nonzero: 421578 AvgTime: 0.007844 part1V: 12313 part1E: 210828 part2V: 22233 part2E: 210750
 number-blocks: 32 
vtxsize: 4
edgesize: 4
weightsize: 4
nVtx: 400727
nVtx: 400727
nEdge: 3200440
nVtx: 400727, nVtx: 400727, nEdge: 3200440
graph read
filename: amazon0312.bin nVtx: 400727 nonzero: 3200440 AvgTime: 0.024071 part1V: 186861 part1E: 1600249 part2V: 213866 part2E: 1600191
 number-blocks: 32 
vtxsize: 4
edgesize: 4
weightsize: 4
nVtx: 10879
nVtx: 10879
nEdge: 39994
nVtx: 10879, nVtx: 10879, nEdge: 39994
graph read
filename: p2p-Gnutella04.bin nVtx: 10879 nonzero: 39994 AvgTime: 0.006259 part1V: 4933 part1E: 19999 part2V: 5946 part2E: 19995
 number-blocks: 32 
vtxsize: 4
edgesize: 4
weightsize: 4
nVtx: 3997962
nVtx: 3997962
nEdge: 69362378
nVtx: 3997962, nVtx: 3997962, nEdge: 69362378
graph read
filename: com-lj.ungraph.bin nVtx: 3997962 nonzero: 69362378 AvgTime: 0.541439 part1V: 655295 part1E: 34681202 part2V: 3342667 part2E: 34681176
 number-blocks: 32 
vtxsize: 4
edgesize: 4
weightsize: 4
nVtx: 11492
nVtx: 11492
nEdge: 46818
nVtx: 11492, nVtx: 11492, nEdge: 46818
graph read
filename: Oregon-1.bin nVtx: 11492 nonzero: 46818 AvgTime: 0.008165 part1V: 2255 part1E: 23417 part2V: 9237 part2E: 23401
 number-blocks: 32 
vtxsize: 4
edgesize: 4
weightsize: 4
nVtx: 11806
nVtx: 11806
nEdge: 65460
nVtx: 11806, nVtx: 11806, nEdge: 65460
graph read
filename: Oregon-2.bin nVtx: 11806 nonzero: 65460 AvgTime: 0.006889 part1V: 2427 part1E: 33066 part2V: 9379 part2E: 32394
 number-blocks: 32 
vtxsize: 4
edgesize: 4
weightsize: 4
nVtx: 916428
nVtx: 916428
nEdge: 5105039
nVtx: 916428, nVtx: 916428, nEdge: 5105039
graph read
filename: web-Google.bin nVtx: 916428 nonzero: 5105039 AvgTime: 0.066884 part1V: 456913 part1E: 2552527 part2V: 459515 part2E: 2552512
 number-blocks: 32 
vtxsize: 4
edgesize: 4
weightsize: 4
nVtx: 1696415
nVtx: 1696415
nEdge: 22190596
nVtx: 1696415, nVtx: 1696415, nEdge: 22190596
graph read
filename: as-Skitter.bin nVtx: 1696415 nonzero: 22190596 AvgTime: 0.129635 part1V: 314081 part1E: 11095324 part2V: 1382334 part2E: 11095272
 number-blocks: 32 
vtxsize: 4
edgesize: 4
weightsize: 4
nVtx: 262111
nVtx: 262111
nEdge: 1234877
nVtx: 262111, nVtx: 262111, nEdge: 1234877
graph read
filename: amazon0302.bin nVtx: 262111 nonzero: 1234877 AvgTime: 0.014203 part1V: 128964 part1E: 617449 part2V: 133147 part2E: 617428
 number-blocks: 32 
			------- 64 ---------- 
vtxsize: 4
edgesize: 4
weightsize: 4
nVtx: 7716
nVtx: 7716
nEdge: 26467
nVtx: 7716, nVtx: 7716, nEdge: 26467
graph read
filename: as-735.bin nVtx: 7716 nonzero: 26467 AvgTime: 0.007544 part1V: 2152 part1E: 13244 part2V: 5564 part2E: 13223
 number-blocks: 64 
vtxsize: 4
edgesize: 4
weightsize: 4
nVtx: 317080
nVtx: 317080
nEdge: 2099732
nVtx: 317080, nVtx: 317080, nEdge: 2099732
graph read
filename: com-dblp.ungraph.bin nVtx: 317080 nonzero: 2099732 AvgTime: 0.018718 part1V: 95222 part1E: 1049914 part2V: 221858 part2E: 1049818
 number-blocks: 64 
vtxsize: 4
edgesize: 4
weightsize: 4
nVtx: 4847571
nVtx: 4847571
nEdge: 68993773
nVtx: 4847571, nVtx: 4847571, nEdge: 68993773
graph read
filename: soc-LiveJournal1.bin nVtx: 4847571 nonzero: 68993773 AvgTime: 0.580411 part1V: 836087 part1E: 34496932 part2V: 4011484 part2E: 34496841
 number-blocks: 64 
vtxsize: 4
edgesize: 4
weightsize: 4
nVtx: 1632803
nVtx: 1632803
nEdge: 30622564
nVtx: 1632803, nVtx: 1632803, nEdge: 30622564
graph read
filename: soc-pokec-relationships.bin nVtx: 1632803 nonzero: 30622564 AvgTime: 0.305861 part1V: 403978 part1E: 15311384 part2V: 1228825 part2E: 15311180
 number-blocks: 64 
vtxsize: 4
edgesize: 4
weightsize: 4
nVtx: 131828
nVtx: 131828
nEdge: 841372
nVtx: 131828, nVtx: 131828, nEdge: 841372
graph read
filename: soc-sign-epinions.bin nVtx: 131828 nonzero: 841372 AvgTime: 0.014847 part1V: 18836 part1E: 420736 part2V: 112992 part2E: 420636
 number-blocks: 64 
vtxsize: 4
edgesize: 4
weightsize: 4
nVtx: 3072441
nVtx: 3072441
nEdge: 234370166
nVtx: 3072441, nVtx: 3072441, nEdge: 234370166
graph read
filename: com-orkut.ungraph.bin nVtx: 3072441 nonzero: 234370166 AvgTime: 1.66165 part1V: 1302191 part1E: 117185180 part2V: 1770250 part2E: 117184986
 number-blocks: 64 
vtxsize: 4
edgesize: 4
weightsize: 4
nVtx: 1393383
nVtx: 1393383
nEdge: 3843320
nVtx: 1393383, nVtx: 1393383, nEdge: 3843320
graph read
filename: roadNet-TX.bin nVtx: 1393383 nonzero: 3843320 AvgTime: 0.040914 part1V: 694387 part1E: 1921670 part2V: 698996 part2E: 1921650
 number-blocks: 64 
vtxsize: 4
edgesize: 4
weightsize: 4
nVtx: 27770
nVtx: 27770
nEdge: 352807
nVtx: 27770, nVtx: 27770, nEdge: 352807
graph read
filename: cit-HepTh.bin nVtx: 27770 nonzero: 352807 AvgTime: 0.008524 part1V: 9830 part1E: 176450 part2V: 17940 part2E: 176357
 number-blocks: 64 
vtxsize: 4
edgesize: 4
weightsize: 4
nVtx: 62586
nVtx: 62586
nEdge: 147892
nVtx: 62586, nVtx: 62586, nEdge: 147892
graph read
filename: p2p-Gnutella31.bin nVtx: 62586 nonzero: 147892 AvgTime: 0.007169 part1V: 33503 part1E: 73948 part2V: 29083 part2E: 73944
 number-blocks: 64 
vtxsize: 4
edgesize: 4
weightsize: 4
nVtx: 3774768
nVtx: 3774768
nEdge: 16518948
nVtx: 3774768, nVtx: 3774768, nEdge: 16518948
graph read
filename: cit-Patents.bin nVtx: 3774768 nonzero: 16518948 AvgTime: 0.272875 part1V: 2942619 part1E: 8259495 part2V: 832149 part2E: 8259453
 number-blocks: 64 
vtxsize: 4
edgesize: 4
weightsize: 4
nVtx: 77357
nVtx: 77357
nEdge: 516575
nVtx: 77357, nVtx: 77357, nEdge: 516575
graph read
filename: soc-sign-Slashdot081106.bin nVtx: 77357 nonzero: 516575 AvgTime: 0.008554 part1V: 11702 part1E: 258351 part2V: 65655 part2E: 258224
 number-blocks: 64 
vtxsize: 4
edgesize: 4
weightsize: 4
nVtx: 36682
nVtx: 36682
nEdge: 88328
nVtx: 36682, nVtx: 36682, nEdge: 88328
graph read
filename: p2p-Gnutella30.bin nVtx: 36682 nonzero: 88328 AvgTime: 0.006444 part1V: 17316 part1E: 44176 part2V: 19366 part2E: 44152
 number-blocks: 64 
vtxsize: 4
edgesize: 4
weightsize: 4
nVtx: 8717
nVtx: 8717
nEdge: 31525
nVtx: 8717, nVtx: 8717, nEdge: 31525
graph read
filename: p2p-Gnutella06.bin nVtx: 8717 nonzero: 31525 AvgTime: 0.006221 part1V: 3861 part1E: 15779 part2V: 4856 part2E: 15746
 number-blocks: 64 
vtxsize: 4
edgesize: 4
weightsize: 4
nVtx: 5242
nVtx: 5242
nEdge: 28980
nVtx: 5242, nVtx: 5242, nEdge: 28980
graph read
filename: ca-GrQc.bin nVtx: 5242 nonzero: 28980 AvgTime: 0.006116 part1V: 2613 part1E: 14506 part2V: 2629 part2E: 14474
 number-blocks: 64 
vtxsize: 4
edgesize: 4
weightsize: 4
nVtx: 6301
nVtx: 6301
nEdge: 20777
nVtx: 6301, nVtx: 6301, nEdge: 20777
graph read
filename: p2p-Gnutella08.bin nVtx: 6301 nonzero: 20777 AvgTime: 0.006086 part1V: 2714 part1E: 10398 part2V: 3587 part2E: 10379
 number-blocks: 64 
vtxsize: 4
edgesize: 4
weightsize: 4
nVtx: 26518
nVtx: 26518
nEdge: 65369
nVtx: 26518, nVtx: 26518, nEdge: 65369
graph read
filename: p2p-Gnutella24.bin nVtx: 26518 nonzero: 65369 AvgTime: 0.006349 part1V: 11866 part1E: 32700 part2V: 14652 part2E: 32669
 number-blocks: 64 
vtxsize: 4
edgesize: 4
weightsize: 4
nVtx: 31379
nVtx: 31379
nEdge: 106762
nVtx: 31379, nVtx: 31379, nEdge: 106762
graph read
filename: as-caida.bin nVtx: 31379 nonzero: 106762 AvgTime: 0.008447 part1V: 6353 part1E: 53425 part2V: 25026 part2E: 53337
 number-blocks: 64 
vtxsize: 4
edgesize: 4
weightsize: 4
nVtx: 82168
nVtx: 82168
nEdge: 948464
nVtx: 82168, nVtx: 82168, nEdge: 948464
graph read
filename: soc-Slashdot0902.bin nVtx: 82168 nonzero: 948464 AvgTime: 0.010708 part1V: 10739 part1E: 474277 part2V: 71429 part2E: 474187
 number-blocks: 64 
vtxsize: 4
edgesize: 4
weightsize: 4
nVtx: 23133
nVtx: 23133
nEdge: 186936
nVtx: 23133, nVtx: 23133, nEdge: 186936
graph read
filename: ca-CondMat.bin nVtx: 23133 nonzero: 186936 AvgTime: 0.006677 part1V: 11532 part1E: 93532 part2V: 11601 part2E: 93404
 number-blocks: 64 
vtxsize: 4
edgesize: 4
weightsize: 4
nVtx: 325729
nVtx: 325729
nEdge: 1497134
nVtx: 325729, nVtx: 325729, nEdge: 1497134
graph read
filename: web-NotreDame.bin nVtx: 325729 nonzero: 1497134 AvgTime: 0.020132 part1V: 229190 part1E: 748901 part2V: 96539 part2E: 748233
 number-blocks: 64 
vtxsize: 4
edgesize: 4
weightsize: 4
nVtx: 82144
nVtx: 82144
nEdge: 549202
nVtx: 82144, nVtx: 82144, nEdge: 549202
graph read
filename: soc-sign-Slashdot090221.bin nVtx: 82144 nonzero: 549202 AvgTime: 0.008634 part1V: 12617 part1E: 274889 part2V: 69527 part2E: 274313
 number-blocks: 64 
vtxsize: 4
edgesize: 4
weightsize: 4
nVtx: 8114
nVtx: 8114
nEdge: 26013
nVtx: 8114, nVtx: 8114, nEdge: 26013
graph read
filename: p2p-Gnutella09.bin nVtx: 8114 nonzero: 26013 AvgTime: 0.006128 part1V: 3459 part1E: 13017 part2V: 4655 part2E: 12996
 number-blocks: 64 
vtxsize: 4
edgesize: 4
weightsize: 4
nVtx: 75888
nVtx: 75888
nEdge: 508837
nVtx: 75888, nVtx: 75888, nEdge: 508837
graph read
filename: soc-Epinions1.bin nVtx: 75888 nonzero: 508837 AvgTime: 0.014683 part1V: 5234 part1E: 254759 part2V: 70654 part2E: 254078
 number-blocks: 64 
vtxsize: 4
edgesize: 4
weightsize: 4
nVtx: 12008
nVtx: 12008
nEdge: 237010
nVtx: 12008, nVtx: 12008, nEdge: 237010
graph read
filename: ca-HepPh.bin nVtx: 12008 nonzero: 237010 AvgTime: 0.007132 part1V: 5628 part1E: 118599 part2V: 6380 part2E: 118411
 number-blocks: 64 
vtxsize: 4
edgesize: 4
weightsize: 4
nVtx: 1971281
nVtx: 1971281
nEdge: 5533214
nVtx: 1971281, nVtx: 1971281, nEdge: 5533214
graph read
filename: roadNet-CA.bin nVtx: 1971281 nonzero: 5533214 AvgTime: 0.059634 part1V: 977903 part1E: 2766615 part2V: 993378 part2E: 2766599
 number-blocks: 64 
vtxsize: 4
edgesize: 4
weightsize: 4
nVtx: 8297
nVtx: 8297
nEdge: 103689
nVtx: 8297, nVtx: 8297, nEdge: 103689
graph read
filename: wiki-Vote.bin nVtx: 8297 nonzero: 103689 AvgTime: 0.007048 part1V: 2586 part1E: 51889 part2V: 5711 part2E: 51800
 number-blocks: 64 
vtxsize: 4
edgesize: 4
weightsize: 4
nVtx: 403394
nVtx: 403394
nEdge: 3387388
nVtx: 403394, nVtx: 403394, nEdge: 3387388
graph read
filename: amazon0601.bin nVtx: 403394 nonzero: 3387388 AvgTime: 0.024749 part1V: 184870 part1E: 1693720 part2V: 218524 part2E: 1693668
 number-blocks: 64 
vtxsize: 4
edgesize: 4
weightsize: 4
nVtx: 685230
nVtx: 685230
nEdge: 7600595
nVtx: 685230, nVtx: 685230, nEdge: 7600595
graph read
filename: web-BerkStan.bin nVtx: 685230 nonzero: 7600595 AvgTime: 0.035615 part1V: 339133 part1E: 3800327 part2V: 346097 part2E: 3800268
 number-blocks: 64 
vtxsize: 4
edgesize: 4
weightsize: 4
nVtx: 8846
nVtx: 8846
nEdge: 31839
nVtx: 8846, nVtx: 8846, nEdge: 31839
graph read
filename: p2p-Gnutella05.bin nVtx: 8846 nonzero: 31839 AvgTime: 0.006094 part1V: 3995 part1E: 15931 part2V: 4851 part2E: 15908
 number-blocks: 64 
vtxsize: 4
edgesize: 4
weightsize: 4
nVtx: 77360
nVtx: 77360
nEdge: 905468
nVtx: 77360, nVtx: 77360, nEdge: 905468
graph read
filename: soc-Slashdot0811.bin nVtx: 77360 nonzero: 905468 AvgTime: 0.010395 part1V: 10435 part1E: 452806 part2V: 66925 part2E: 452662
 number-blocks: 64 
vtxsize: 4
edgesize: 4
weightsize: 4
nVtx: 9877
nVtx: 9877
nEdge: 51971
nVtx: 9877, nVtx: 9877, nEdge: 51971
graph read
filename: ca-HepTh.bin nVtx: 9877 nonzero: 51971 AvgTime: 0.006153 part1V: 4857 part1E: 26006 part2V: 5020 part2E: 25965
 number-blocks: 64 
vtxsize: 4
edgesize: 4
weightsize: 4
nVtx: 410236
nVtx: 410236
nEdge: 3356824
nVtx: 410236, nVtx: 410236, nEdge: 3356824
graph read
filename: amazon0505.bin nVtx: 410236 nonzero: 3356824 AvgTime: 0.024932 part1V: 184771 part1E: 1678436 part2V: 225465 part2E: 1678388
 number-blocks: 64 
vtxsize: 4
edgesize: 4
weightsize: 4
nVtx: 22687
nVtx: 22687
nEdge: 54705
nVtx: 22687, nVtx: 22687, nEdge: 54705
graph read
filename: p2p-Gnutella25.bin nVtx: 22687 nonzero: 54705 AvgTime: 0.006315 part1V: 10320 part1E: 27361 part2V: 12367 part2E: 27344
 number-blocks: 64 
vtxsize: 4
edgesize: 4
weightsize: 4
nVtx: 1134890
nVtx: 1134890
nEdge: 5975248
nVtx: 1134890, nVtx: 1134890, nEdge: 5975248
graph read
filename: com-youtube.ungraph.bin nVtx: 1134890 nonzero: 5975248 AvgTime: 0.082785 part1V: 138990 part1E: 2987735 part2V: 995900 part2E: 2987513
 number-blocks: 64 
vtxsize: 4
edgesize: 4
weightsize: 4
nVtx: 18772
nVtx: 18772
nEdge: 396160
nVtx: 18772, nVtx: 18772, nEdge: 396160
graph read
filename: ca-AstroPh.bin nVtx: 18772 nonzero: 396160 AvgTime: 0.007203 part1V: 9391 part1E: 198096 part2V: 9381 part2E: 198064
 number-blocks: 64 
vtxsize: 4
edgesize: 4
weightsize: 4
nVtx: 1090920
nVtx: 1090920
nEdge: 3083796
nVtx: 1090920, nVtx: 1090920, nEdge: 3083796
graph read
filename: roadNet-PA.bin nVtx: 1090920 nonzero: 3083796 AvgTime: 0.034274 part1V: 545364 part1E: 1541906 part2V: 545556 part2E: 1541890
 number-blocks: 64 
vtxsize: 4
edgesize: 4
weightsize: 4
nVtx: 2394385
nVtx: 2394385
nEdge: 5021410
nVtx: 2394385, nVtx: 2394385, nEdge: 5021410
graph read
filename: wiki-Talk.bin nVtx: 2394385 nonzero: 5021410 AvgTime: 0.174707 part1V: 6590 part1E: 2512642 part2V: 2387795 part2E: 2508768
 number-blocks: 64 
vtxsize: 4
edgesize: 4
weightsize: 4
nVtx: 456626
nVtx: 456626
nEdge: 14855842
nVtx: 456626, nVtx: 456626, nEdge: 14855842
graph read
filename: higgs-social_network.bin nVtx: 456626 nonzero: 14855842 AvgTime: 0.056116 part1V: 108934 part1E: 7428571 part2V: 347692 part2E: 7427271
 number-blocks: 64 
vtxsize: 4
edgesize: 4
weightsize: 4
nVtx: 265214
nVtx: 265214
nEdge: 420045
nVtx: 265214, nVtx: 265214, nEdge: 420045
graph read
filename: email-EuAll.bin nVtx: 265214 nonzero: 420045 AvgTime: 0.014595 part1V: 72271 part1E: 210024 part2V: 192943 part2E: 210021
 number-blocks: 64 
vtxsize: 4
edgesize: 4
weightsize: 4
nVtx: 36692
nVtx: 36692
nEdge: 367662
nVtx: 36692, nVtx: 36692, nEdge: 367662
graph read
filename: email-Enron.bin nVtx: 36692 nonzero: 367662 AvgTime: 0.008702 part1V: 3819 part1E: 183845 part2V: 32873 part2E: 183817
 number-blocks: 64 
vtxsize: 4
edgesize: 4
weightsize: 4
nVtx: 334863
nVtx: 334863
nEdge: 1851744
nVtx: 334863, nVtx: 334863, nEdge: 1851744
graph read
filename: com-amazon.ungraph.bin nVtx: 334863 nonzero: 1851744 AvgTime: 0.019164 part1V: 122938 part1E: 925880 part2V: 211925 part2E: 925864
 number-blocks: 64 
vtxsize: 4
edgesize: 4
weightsize: 4
nVtx: 281903
nVtx: 281903
nEdge: 2312497
nVtx: 281903, nVtx: 281903, nEdge: 2312497
graph read
filename: web-Stanford.bin nVtx: 281903 nonzero: 2312497 AvgTime: 0.018814 part1V: 141052 part1E: 1156266 part2V: 140851 part2E: 1156231
 number-blocks: 64 
vtxsize: 4
edgesize: 4
weightsize: 4
nVtx: 81871
nVtx: 81871
nEdge: 545671
nVtx: 81871, nVtx: 81871, nEdge: 545671
graph read
filename: soc-sign-Slashdot090216.bin nVtx: 81871 nonzero: 545671 AvgTime: 0.008713 part1V: 12696 part1E: 272876 part2V: 69175 part2E: 272795
 number-blocks: 64 
vtxsize: 4
edgesize: 4
weightsize: 4
nVtx: 34546
nVtx: 34546
nEdge: 421578
nVtx: 34546, nVtx: 34546, nEdge: 421578
graph read
filename: cit-HepPh.bin nVtx: 34546 nonzero: 421578 AvgTime: 0.007811 part1V: 12313 part1E: 210828 part2V: 22233 part2E: 210750
 number-blocks: 64 
vtxsize: 4
edgesize: 4
weightsize: 4
nVtx: 400727
nVtx: 400727
nEdge: 3200440
nVtx: 400727, nVtx: 400727, nEdge: 3200440
graph read
filename: amazon0312.bin nVtx: 400727 nonzero: 3200440 AvgTime: 0.024094 part1V: 186861 part1E: 1600249 part2V: 213866 part2E: 1600191
 number-blocks: 64 
vtxsize: 4
edgesize: 4
weightsize: 4
nVtx: 10879
nVtx: 10879
nEdge: 39994
nVtx: 10879, nVtx: 10879, nEdge: 39994
graph read
filename: p2p-Gnutella04.bin nVtx: 10879 nonzero: 39994 AvgTime: 0.006568 part1V: 4933 part1E: 19999 part2V: 5946 part2E: 19995
 number-blocks: 64 
vtxsize: 4
edgesize: 4
weightsize: 4
nVtx: 3997962
nVtx: 3997962
nEdge: 69362378
nVtx: 3997962, nVtx: 3997962, nEdge: 69362378
graph read
filename: com-lj.ungraph.bin nVtx: 3997962 nonzero: 69362378 AvgTime: 0.554425 part1V: 655295 part1E: 34681202 part2V: 3342667 part2E: 34681176
 number-blocks: 64 
vtxsize: 4
edgesize: 4
weightsize: 4
nVtx: 11492
nVtx: 11492
nEdge: 46818
nVtx: 11492, nVtx: 11492, nEdge: 46818
graph read
filename: Oregon-1.bin nVtx: 11492 nonzero: 46818 AvgTime: 0.008483 part1V: 2255 part1E: 23417 part2V: 9237 part2E: 23401
 number-blocks: 64 
vtxsize: 4
edgesize: 4
weightsize: 4
nVtx: 11806
nVtx: 11806
nEdge: 65460
nVtx: 11806, nVtx: 11806, nEdge: 65460
graph read
filename: Oregon-2.bin nVtx: 11806 nonzero: 65460 AvgTime: 0.00712 part1V: 2427 part1E: 33066 part2V: 9379 part2E: 32394
 number-blocks: 64 
vtxsize: 4
edgesize: 4
weightsize: 4
nVtx: 916428
nVtx: 916428
nEdge: 5105039
nVtx: 916428, nVtx: 916428, nEdge: 5105039
graph read
filename: web-Google.bin nVtx: 916428 nonzero: 5105039 AvgTime: 0.06689 part1V: 456913 part1E: 2552527 part2V: 459515 part2E: 2552512
 number-blocks: 64 
vtxsize: 4
edgesize: 4
weightsize: 4
nVtx: 1696415
nVtx: 1696415
nEdge: 22190596
nVtx: 1696415, nVtx: 1696415, nEdge: 22190596
graph read
filename: as-Skitter.bin nVtx: 1696415 nonzero: 22190596 AvgTime: 0.129565 part1V: 314081 part1E: 11095324 part2V: 1382334 part2E: 11095272
 number-blocks: 64 
vtxsize: 4
edgesize: 4
weightsize: 4
nVtx: 262111
nVtx: 262111
nEdge: 1234877
nVtx: 262111, nVtx: 262111, nEdge: 1234877
graph read
filename: amazon0302.bin nVtx: 262111 nonzero: 1234877 AvgTime: 0.014155 part1V: 128964 part1E: 617449 part2V: 133147 part2E: 617428
 number-blocks: 64 
