----------- new-cuda-adaptative  - 512 thread per blocks -------------------- 
			------- 1024 ---------- 
------- number blocks  2 ---------- 
vtxsize: 4
edgesize: 4
weightsize: 4
nVtx: 7716
nVtx: 7716
nEdge: 26467
nVtx: 7716, nVtx: 7716, nEdge: 26467
graph read
 comput rowBlocks 
fin de calcule de rowBlocks
rowBlockSize : 28last row 0
subsize : 64
start creat stream 
 id 0
 id 1
end creat stream 
start split task 
fin split task 
nb_tasks 1
vtxsize: 4
edgesize: 4
weightsize: 4
nVtx: 317080
nVtx: 317080
nEdge: 2099732
nVtx: 317080, nVtx: 317080, nEdge: 2099732
graph read
 comput rowBlocks 
fin de calcule de rowBlocks
rowBlockSize : 2074last row 0
subsize : 1088
start creat stream 
 id 0
 id 1
end creat stream 
start split task 
fin split task 
nb_tasks 2
filename: com-dblp.ungraph.bin nVtx: 317080 nonzero: 2099732 AvgTime: 0.026818 vtxsize: 4
edgesize: 4
weightsize: 4
nVtx: 4847571
nVtx: 4847571
nEdge: 68993773
nVtx: 4847571, nVtx: 4847571, nEdge: 68993773
graph read
 comput rowBlocks 
fin de calcule de rowBlocks
rowBlockSize : 70456last row 0
subsize : 35264
start creat stream 
 id 0
 id 1
end creat stream 
start split task 
fin split task 
nb_tasks 2
filename: soc-LiveJournal1.bin nVtx: 4847571 nonzero: 68993773 AvgTime: 0.976087 vtxsize: 4
edgesize: 4
weightsize: 4
nVtx: 1632803
nVtx: 1632803
nEdge: 30622564
nVtx: 1632803, nVtx: 1632803, nEdge: 30622564
graph read
 comput rowBlocks 
fin de calcule de rowBlocks
rowBlockSize : 30863last row 0
subsize : 15488
start creat stream 
 id 0
 id 1
end creat stream 
start split task 
fin split task 
nb_tasks 2
filename: soc-pokec-relationships.bin nVtx: 1632803 nonzero: 30622564 AvgTime: 0.517775 vtxsize: 4
edgesize: 4
weightsize: 4
nVtx: 131828
nVtx: 131828
nEdge: 841372
nVtx: 131828, nVtx: 131828, nEdge: 841372
graph read
 comput rowBlocks 
fin de calcule de rowBlocks
rowBlockSize : 879last row 0
subsize : 448
start creat stream 
 id 0
 id 1
end creat stream 
start split task 
fin split task 
nb_tasks 2
filename: soc-sign-epinions.bin nVtx: 131828 nonzero: 841372 AvgTime: 0.01826 vtxsize: 4
edgesize: 4
weightsize: 4
nVtx: 3072441
nVtx: 3072441
nEdge: 234370166
nVtx: 3072441, nVtx: 3072441, nEdge: 234370166
graph read
 comput rowBlocks 
fin de calcule de rowBlocks
rowBlockSize : 249474last row 0
subsize : 124800
start creat stream 
 id 0
 id 1
end creat stream 
start split task 
fin split task 
nb_tasks 2
filename: com-orkut.ungraph.bin nVtx: 3072441 nonzero: 234370166 AvgTime: 3.68398 vtxsize: 4
edgesize: 4
weightsize: 4
nVtx: 1393383
nVtx: 1393383
nEdge: 3843320
nVtx: 1393383, nVtx: 1393383, nEdge: 3843320
graph read
 comput rowBlocks 
fin de calcule de rowBlocks
rowBlockSize : 3759last row 0
subsize : 1920
start creat stream 
 id 0
 id 1
end creat stream 
start split task 
fin split task 
nb_tasks 2
filename: roadNet-TX.bin nVtx: 1393383 nonzero: 3843320 AvgTime: 0.045178 vtxsize: 4
edgesize: 4
weightsize: 4
nVtx: 27770
nVtx: 27770
nEdge: 352807
nVtx: 27770, nVtx: 27770, nEdge: 352807
graph read
 comput rowBlocks 
fin de calcule de rowBlocks
rowBlockSize : 351last row 0
subsize : 192
start creat stream 
 id 0
 id 1
end creat stream 
start split task 
fin split task 
nb_tasks 2
filename: cit-HepTh.bin nVtx: 27770 nonzero: 352807 AvgTime: 0.009699 vtxsize: 4
edgesize: 4
weightsize: 4
nVtx: 62586
nVtx: 62586
nEdge: 147892
nVtx: 62586, nVtx: 62586, nEdge: 147892
graph read
 comput rowBlocks 
fin de calcule de rowBlocks
rowBlockSize : 147last row 0
subsize : 128
start creat stream 
 id 0
 id 1
end creat stream 
start split task 
fin split task 
nb_tasks 2
filename: p2p-Gnutella31.bin nVtx: 62586 nonzero: 147892 AvgTime: 0.007425 vtxsize: 4
edgesize: 4
weightsize: 4
nVtx: 3774768
nVtx: 3774768
nEdge: 16518948
nVtx: 3774768, nVtx: 3774768, nEdge: 16518948
graph read
 comput rowBlocks 
fin de calcule de rowBlocks
rowBlockSize : 16272last row 0
subsize : 8192
start creat stream 
 id 0
 id 1
end creat stream 
start split task 
fin split task 
nb_tasks 2
filename: cit-Patents.bin nVtx: 3774768 nonzero: 16518948 AvgTime: 0.4795 vtxsize: 4
edgesize: 4
weightsize: 4
nVtx: 77357
nVtx: 77357
nEdge: 516575
nVtx: 77357, nVtx: 77357, nEdge: 516575
graph read
 comput rowBlocks 
fin de calcule de rowBlocks
rowBlockSize : 531last row 0
subsize : 320
start creat stream 
 id 0
 id 1
end creat stream 
start split task 
fin split task 
nb_tasks 2
filename: soc-sign-Slashdot081106.bin nVtx: 77357 nonzero: 516575 AvgTime: 0.012153 vtxsize: 4
edgesize: 4
weightsize: 4
nVtx: 36682
nVtx: 36682
nEdge: 88328
nVtx: 36682, nVtx: 36682, nEdge: 88328
graph read
 comput rowBlocks 
fin de calcule de rowBlocks
rowBlockSize : 88last row 0
subsize : 64
start creat stream 
 id 0
 id 1
end creat stream 
start split task 
fin split task 
nb_tasks 2
vtxsize: 4
edgesize: 4
weightsize: 4
nVtx: 8717
nVtx: 8717
nEdge: 31525
nVtx: 8717, nVtx: 8717, nEdge: 31525
graph read
 comput rowBlocks 
fin de calcule de rowBlocks
rowBlockSize : 32last row 0
subsize : 64
start creat stream 
 id 0
 id 1
end creat stream 
start split task 
fin split task 
nb_tasks 1
vtxsize: 4
edgesize: 4
weightsize: 4
nVtx: 5242
nVtx: 5242
nEdge: 28980
nVtx: 5242, nVtx: 5242, nEdge: 28980
graph read
 comput rowBlocks 
fin de calcule de rowBlocks
rowBlockSize : 30last row 0
subsize : 64
start creat stream 
 id 0
 id 1
end creat stream 
start split task 
fin split task 
nb_tasks 1
vtxsize: 4
edgesize: 4
weightsize: 4
nVtx: 6301
nVtx: 6301
nEdge: 20777
nVtx: 6301, nVtx: 6301, nEdge: 20777
graph read
 comput rowBlocks 
fin de calcule de rowBlocks
rowBlockSize : 22last row 0
subsize : 64
start creat stream 
 id 0
 id 1
end creat stream 
start split task 
fin split task 
nb_tasks 1
vtxsize: 4
edgesize: 4
weightsize: 4
nVtx: 26518
nVtx: 26518
nEdge: 65369
nVtx: 26518, nVtx: 26518, nEdge: 65369
graph read
 comput rowBlocks 
fin de calcule de rowBlocks
rowBlockSize : 66last row 0
subsize : 64
start creat stream 
 id 0
 id 1
end creat stream 
start split task 
fin split task 
nb_tasks 2
vtxsize: 4
edgesize: 4
weightsize: 4
nVtx: 31379
nVtx: 31379
nEdge: 106762
nVtx: 31379, nVtx: 31379, nEdge: 106762
graph read
 comput rowBlocks 
fin de calcule de rowBlocks
rowBlockSize : 107last row 0
subsize : 64
start creat stream 
 id 0
 id 1
end creat stream 
start split task 
fin split task 
nb_tasks 2
vtxsize: 4
edgesize: 4
weightsize: 4
nVtx: 82168
nVtx: 82168
nEdge: 948464
nVtx: 82168, nVtx: 82168, nEdge: 948464
graph read
 comput rowBlocks 
fin de calcule de rowBlocks
rowBlockSize : 975last row 0
subsize : 512
start creat stream 
 id 0
 id 1
end creat stream 
start split task 
fin split task 
nb_tasks 2
filename: soc-Slashdot0902.bin nVtx: 82168 nonzero: 948464 AvgTime: 0.017461 vtxsize: 4
edgesize: 4
weightsize: 4
nVtx: 23133
nVtx: 23133
nEdge: 186936
nVtx: 23133, nVtx: 23133, nEdge: 186936
graph read
 comput rowBlocks 
fin de calcule de rowBlocks
rowBlockSize : 186last row 0
subsize : 128
start creat stream 
 id 0
 id 1
end creat stream 
start split task 
fin split task 
nb_tasks 2
filename: ca-CondMat.bin nVtx: 23133 nonzero: 186936 AvgTime: 0.00768 vtxsize: 4
edgesize: 4
weightsize: 4
nVtx: 325729
nVtx: 325729
nEdge: 1497134
nVtx: 325729, nVtx: 325729, nEdge: 1497134
graph read
 comput rowBlocks 
fin de calcule de rowBlocks
rowBlockSize : 1521last row 0
subsize : 768
start creat stream 
 id 0
 id 1
end creat stream 
start split task 
fin split task 
nb_tasks 2
filename: web-NotreDame.bin nVtx: 325729 nonzero: 1497134 AvgTime: 0.021535 vtxsize: 4
edgesize: 4
weightsize: 4
nVtx: 82144
nVtx: 82144
nEdge: 549202
nVtx: 82144, nVtx: 82144, nEdge: 549202
graph read
 comput rowBlocks 
fin de calcule de rowBlocks
rowBlockSize : 561last row 0
subsize : 320
start creat stream 
 id 0
 id 1
end creat stream 
start split task 
fin split task 
nb_tasks 2
filename: soc-sign-Slashdot090221.bin nVtx: 82144 nonzero: 549202 AvgTime: 0.012829 vtxsize: 4
edgesize: 4
weightsize: 4
nVtx: 8114
nVtx: 8114
nEdge: 26013
nVtx: 8114, nVtx: 8114, nEdge: 26013
graph read
 comput rowBlocks 
fin de calcule de rowBlocks
rowBlockSize : 27last row 0
subsize : 64
start creat stream 
 id 0
 id 1
end creat stream 
start split task 
fin split task 
nb_tasks 1
vtxsize: 4
edgesize: 4
weightsize: 4
nVtx: 75888
nVtx: 75888
nEdge: 508837
nVtx: 75888, nVtx: 75888, nEdge: 508837
graph read
 comput rowBlocks 
fin de calcule de rowBlocks
rowBlockSize : 520last row 0
subsize : 320
start creat stream 
 id 0
 id 1
end creat stream 
start split task 
fin split task 
nb_tasks 2
filename: soc-Epinions1.bin nVtx: 75888 nonzero: 508837 AvgTime: 0.011266 vtxsize: 4
edgesize: 4
weightsize: 4
nVtx: 12008
nVtx: 12008
nEdge: 237010
nVtx: 12008, nVtx: 12008, nEdge: 237010
graph read
 comput rowBlocks 
fin de calcule de rowBlocks
rowBlockSize : 249last row 0
subsize : 128
start creat stream 
 id 0
 id 1
end creat stream 
start split task 
fin split task 
nb_tasks 2
filename: ca-HepPh.bin nVtx: 12008 nonzero: 237010 AvgTime: 0.008651 vtxsize: 4
edgesize: 4
weightsize: 4
nVtx: 1971281
nVtx: 1971281
nEdge: 5533214
nVtx: 1971281, nVtx: 1971281, nEdge: 5533214
graph read
 comput rowBlocks 
fin de calcule de rowBlocks
rowBlockSize : 5411last row 0
subsize : 2752
start creat stream 
 id 0
 id 1
end creat stream 
start split task 
fin split task 
nb_tasks 2
filename: roadNet-CA.bin nVtx: 1971281 nonzero: 5533214 AvgTime: 0.061193 vtxsize: 4
edgesize: 4
weightsize: 4
nVtx: 8297
nVtx: 8297
nEdge: 103689
nVtx: 8297, nVtx: 8297, nEdge: 103689
graph read
 comput rowBlocks 
fin de calcule de rowBlocks
rowBlockSize : 110last row 0
subsize : 64
start creat stream 
 id 0
 id 1
end creat stream 
start split task 
fin split task 
nb_tasks 2
vtxsize: 4
edgesize: 4
weightsize: 4
nVtx: 403394
nVtx: 403394
nEdge: 3387388
nVtx: 403394, nVtx: 403394, nEdge: 3387388
graph read
 comput rowBlocks 
fin de calcule de rowBlocks
rowBlockSize : 3323last row 0
subsize : 1664
start creat stream 
 id 0
 id 1
end creat stream 
start split task 
fin split task 
nb_tasks 2
filename: amazon0601.bin nVtx: 403394 nonzero: 3387388 AvgTime: 0.042277 vtxsize: 4
edgesize: 4
weightsize: 4
nVtx: 685230
nVtx: 685230
nEdge: 7600595
nVtx: 685230, nVtx: 685230, nEdge: 7600595
graph read
 comput rowBlocks 
fin de calcule de rowBlocks
rowBlockSize : 7540last row 0
subsize : 3776
start creat stream 
 id 0
 id 1
end creat stream 
start split task 
fin split task 
nb_tasks 2
filename: web-BerkStan.bin nVtx: 685230 nonzero: 7600595 AvgTime: 0.074887 vtxsize: 4
edgesize: 4
weightsize: 4
nVtx: 8846
nVtx: 8846
nEdge: 31839
nVtx: 8846, nVtx: 8846, nEdge: 31839
graph read
 comput rowBlocks 
fin de calcule de rowBlocks
rowBlockSize : 33last row 0
subsize : 64
start creat stream 
 id 0
 id 1
end creat stream 
start split task 
fin split task 
nb_tasks 1
vtxsize: 4
edgesize: 4
weightsize: 4
nVtx: 77360
nVtx: 77360
nEdge: 905468
nVtx: 77360, nVtx: 77360, nEdge: 905468
graph read
 comput rowBlocks 
fin de calcule de rowBlocks
rowBlockSize : 931last row 0
subsize : 512
start creat stream 
 id 0
 id 1
end creat stream 
start split task 
fin split task 
nb_tasks 2
filename: soc-Slashdot0811.bin nVtx: 77360 nonzero: 905468 AvgTime: 0.016798 vtxsize: 4
edgesize: 4
weightsize: 4
nVtx: 9877
nVtx: 9877
nEdge: 51971
nVtx: 9877, nVtx: 9877, nEdge: 51971
graph read
 comput rowBlocks 
fin de calcule de rowBlocks
rowBlockSize : 52last row 0
subsize : 64
start creat stream 
 id 0
 id 1
end creat stream 
start split task 
fin split task 
nb_tasks 1
vtxsize: 4
edgesize: 4
weightsize: 4
nVtx: 410236
nVtx: 410236
nEdge: 3356824
nVtx: 410236, nVtx: 410236, nEdge: 3356824
graph read
 comput rowBlocks 
fin de calcule de rowBlocks
rowBlockSize : 3293last row 0
subsize : 1664
start creat stream 
 id 0
 id 1
end creat stream 
start split task 
fin split task 
nb_tasks 2
filename: amazon0505.bin nVtx: 410236 nonzero: 3356824 AvgTime: 0.040379 vtxsize: 4
edgesize: 4
weightsize: 4
nVtx: 22687
nVtx: 22687
nEdge: 54705
nVtx: 22687, nVtx: 22687, nEdge: 54705
graph read
 comput rowBlocks 
fin de calcule de rowBlocks
rowBlockSize : 55last row 0
subsize : 64
start creat stream 
 id 0
 id 1
end creat stream 
start split task 
fin split task 
nb_tasks 1
vtxsize: 4
edgesize: 4
weightsize: 4
nVtx: 1134890
nVtx: 1134890
nEdge: 5975248
nVtx: 1134890, nVtx: 1134890, nEdge: 5975248
graph read
 comput rowBlocks 
fin de calcule de rowBlocks
rowBlockSize : 5970last row 0
subsize : 3008
start creat stream 
 id 0
 id 1
end creat stream 
start split task 
fin split task 
nb_tasks 2
filename: com-youtube.ungraph.bin nVtx: 1134890 nonzero: 5975248 AvgTime: 0.090502 vtxsize: 4
edgesize: 4
weightsize: 4
nVtx: 18772
nVtx: 18772
nEdge: 396160
nVtx: 18772, nVtx: 18772, nEdge: 396160
graph read
 comput rowBlocks 
fin de calcule de rowBlocks
rowBlockSize : 401last row 0
subsize : 256
start creat stream 
 id 0
 id 1
end creat stream 
start split task 
fin split task 
nb_tasks 2
filename: ca-AstroPh.bin nVtx: 18772 nonzero: 396160 AvgTime: 0.01033 vtxsize: 4
edgesize: 4
weightsize: 4
nVtx: 1090920
nVtx: 1090920
nEdge: 3083796
nVtx: 1090920, nVtx: 1090920, nEdge: 3083796
graph read
 comput rowBlocks 
fin de calcule de rowBlocks
rowBlockSize : 3016last row 0
subsize : 1536
start creat stream 
 id 0
 id 1
end creat stream 
start split task 
fin split task 
nb_tasks 2
filename: roadNet-PA.bin nVtx: 1090920 nonzero: 3083796 AvgTime: 0.036134 vtxsize: 4
edgesize: 4
weightsize: 4
nVtx: 2394385
nVtx: 2394385
nEdge: 5021410
nVtx: 2394385, nVtx: 2394385, nEdge: 5021410
graph read
 comput rowBlocks 
fin de calcule de rowBlocks
rowBlockSize : 4423last row 0
subsize : 2240
start creat stream 
 id 0
 id 1
end creat stream 
start split task 
fin split task 
nb_tasks 2
filename: wiki-Talk.bin nVtx: 2394385 nonzero: 5021410 AvgTime: 0.12728 vtxsize: 4
edgesize: 4
weightsize: 4
nVtx: 456626
nVtx: 456626
nEdge: 14855842
nVtx: 456626, nVtx: 456626, nEdge: 14855842
graph read
 comput rowBlocks 
fin de calcule de rowBlocks
rowBlockSize : 15327last row 0
subsize : 7680
start creat stream 
 id 0
 id 1
end creat stream 
start split task 
fin split task 
nb_tasks 2
filename: higgs-social_network.bin nVtx: 456626 nonzero: 14855842 AvgTime: 0.191662 vtxsize: 4
edgesize: 4
weightsize: 4
nVtx: 265214
nVtx: 265214
nEdge: 420045
nVtx: 265214, nVtx: 265214, nEdge: 420045
graph read
 comput rowBlocks 
fin de calcule de rowBlocks
rowBlockSize : 427last row 0
subsize : 256
start creat stream 
 id 0
 id 1
end creat stream 
start split task 
fin split task 
nb_tasks 2
filename: email-EuAll.bin nVtx: 265214 nonzero: 420045 AvgTime: 0.012902 vtxsize: 4
edgesize: 4
weightsize: 4
nVtx: 36692
nVtx: 36692
nEdge: 367662
nVtx: 36692, nVtx: 36692, nEdge: 367662
graph read
 comput rowBlocks 
fin de calcule de rowBlocks
rowBlockSize : 381last row 0
subsize : 192
start creat stream 
 id 0
 id 1
end creat stream 
start split task 
fin split task 
nb_tasks 2
filename: email-Enron.bin nVtx: 36692 nonzero: 367662 AvgTime: 0.009084 vtxsize: 4
edgesize: 4
weightsize: 4
nVtx: 334863
nVtx: 334863
nEdge: 1851744
nVtx: 334863, nVtx: 334863, nEdge: 1851744
graph read
 comput rowBlocks 
fin de calcule de rowBlocks
rowBlockSize : 1819last row 0
subsize : 960
start creat stream 
 id 0
 id 1
end creat stream 
start split task 
fin split task 
nb_tasks 2
filename: com-amazon.ungraph.bin nVtx: 334863 nonzero: 1851744 AvgTime: 0.025647 vtxsize: 4
edgesize: 4
weightsize: 4
nVtx: 281903
nVtx: 281903
nEdge: 2312497
nVtx: 281903, nVtx: 281903, nEdge: 2312497
graph read
 comput rowBlocks 
fin de calcule de rowBlocks
rowBlockSize : 2286last row 0
subsize : 1152
start creat stream 
 id 0
 id 1
end creat stream 
start split task 
fin split task 
nb_tasks 2
filename: web-Stanford.bin nVtx: 281903 nonzero: 2312497 AvgTime: 0.040875 vtxsize: 4
edgesize: 4
weightsize: 4
nVtx: 81871
nVtx: 81871
nEdge: 545671
nVtx: 81871, nVtx: 81871, nEdge: 545671
graph read
 comput rowBlocks 
fin de calcule de rowBlocks
rowBlockSize : 559last row 0
subsize : 320
start creat stream 
 id 0
 id 1
end creat stream 
start split task 
fin split task 
nb_tasks 2
filename: soc-sign-Slashdot090216.bin nVtx: 81871 nonzero: 545671 AvgTime: 0.012501 vtxsize: 4
edgesize: 4
weightsize: 4
nVtx: 34546
nVtx: 34546
nEdge: 421578
nVtx: 34546, nVtx: 34546, nEdge: 421578
graph read
 comput rowBlocks 
fin de calcule de rowBlocks
rowBlockSize : 419last row 0
subsize : 256
start creat stream 
 id 0
 id 1
end creat stream 
start split task 
fin split task 
nb_tasks 2
filename: cit-HepPh.bin nVtx: 34546 nonzero: 421578 AvgTime: 0.010639 vtxsize: 4
edgesize: 4
weightsize: 4
nVtx: 400727
nVtx: 400727
nEdge: 3200440
nVtx: 400727, nVtx: 400727, nEdge: 3200440
graph read
 comput rowBlocks 
fin de calcule de rowBlocks
rowBlockSize : 3139last row 0
subsize : 1600
start creat stream 
 id 0
 id 1
end creat stream 
start split task 
fin split task 
nb_tasks 2
filename: amazon0312.bin nVtx: 400727 nonzero: 3200440 AvgTime: 0.0404 vtxsize: 4
edgesize: 4
weightsize: 4
nVtx: 10879
nVtx: 10879
nEdge: 39994
nVtx: 10879, nVtx: 10879, nEdge: 39994
graph read
 comput rowBlocks 
fin de calcule de rowBlocks
rowBlockSize : 41last row 0
subsize : 64
start creat stream 
 id 0
 id 1
end creat stream 
start split task 
fin split task 
nb_tasks 1
vtxsize: 4
edgesize: 4
weightsize: 4
nVtx: 3997962
nVtx: 3997962
nEdge: 69362378
nVtx: 3997962, nVtx: 3997962, nEdge: 69362378
graph read
 comput rowBlocks 
fin de calcule de rowBlocks
rowBlockSize : 70925last row 0
subsize : 35520
start creat stream 
 id 0
 id 1
end creat stream 
start split task 
fin split task 
nb_tasks 2
filename: com-lj.ungraph.bin nVtx: 3997962 nonzero: 69362378 AvgTime: 0.96388 vtxsize: 4
edgesize: 4
weightsize: 4
nVtx: 11492
nVtx: 11492
nEdge: 46818
nVtx: 11492, nVtx: 11492, nEdge: 46818
graph read
 comput rowBlocks 
fin de calcule de rowBlocks
rowBlockSize : 50last row 0
subsize : 64
start creat stream 
 id 0
 id 1
end creat stream 
start split task 
fin split task 
nb_tasks 1
vtxsize: 4
edgesize: 4
weightsize: 4
nVtx: 11806
nVtx: 11806
nEdge: 65460
nVtx: 11806, nVtx: 11806, nEdge: 65460
graph read
 comput rowBlocks 
fin de calcule de rowBlocks
rowBlockSize : 68last row 0
subsize : 64
start creat stream 
 id 0
 id 1
end creat stream 
start split task 
fin split task 
nb_tasks 2
vtxsize: 4
edgesize: 4
weightsize: 4
nVtx: 916428
nVtx: 916428
nEdge: 5105039
nVtx: 916428, nVtx: 916428, nEdge: 5105039
graph read
 comput rowBlocks 
fin de calcule de rowBlocks
rowBlockSize : 5017last row 0
subsize : 2560
start creat stream 
 id 0
 id 1
end creat stream 
start split task 
fin split task 
nb_tasks 2
filename: web-Google.bin nVtx: 916428 nonzero: 5105039 AvgTime: 0.111591 vtxsize: 4
edgesize: 4
weightsize: 4
nVtx: 1696415
nVtx: 1696415
nEdge: 22190596
nVtx: 1696415, nVtx: 1696415, nEdge: 22190596
graph read
 comput rowBlocks 
fin de calcule de rowBlocks
rowBlockSize : 21261last row 0
subsize : 10688
start creat stream 
 id 0
 id 1
end creat stream 
start split task 
fin split task 
nb_tasks 2
filename: as-Skitter.bin nVtx: 1696415 nonzero: 22190596 AvgTime: 0.239754 vtxsize: 4
edgesize: 4
weightsize: 4
nVtx: 262111
nVtx: 262111
nEdge: 1234877
nVtx: 262111, nVtx: 262111, nEdge: 1234877
graph read
 comput rowBlocks 
fin de calcule de rowBlocks
rowBlockSize : 1210last row 0
subsize : 640
start creat stream 
 id 0
 id 1
end creat stream 
start split task 
fin split task 
nb_tasks 2
filename: amazon0302.bin nVtx: 262111 nonzero: 1234877 AvgTime: 0.019008 ------- number blocks  4 ---------- 
vtxsize: 4
edgesize: 4
weightsize: 4
nVtx: 7716
nVtx: 7716
nEdge: 26467
nVtx: 7716, nVtx: 7716, nEdge: 26467
graph read
 comput rowBlocks 
fin de calcule de rowBlocks
rowBlockSize : 28last row 0
subsize : 64
start creat stream 
 id 0
 id 1
end creat stream 
start split task 
fin split task 
nb_tasks 1
vtxsize: 4
edgesize: 4
weightsize: 4
nVtx: 317080
nVtx: 317080
nEdge: 2099732
nVtx: 317080, nVtx: 317080, nEdge: 2099732
graph read
 comput rowBlocks 
fin de calcule de rowBlocks
rowBlockSize : 2074last row 0
subsize : 576
start creat stream 
 id 0
 id 1
end creat stream 
start split task 
fin split task 
nb_tasks 4
filename: com-dblp.ungraph.bin nVtx: 317080 nonzero: 2099732 AvgTime: 0.027035 vtxsize: 4
edgesize: 4
weightsize: 4
nVtx: 4847571
nVtx: 4847571
nEdge: 68993773
nVtx: 4847571, nVtx: 4847571, nEdge: 68993773
graph read
 comput rowBlocks 
fin de calcule de rowBlocks
rowBlockSize : 70456last row 0
subsize : 17664
start creat stream 
 id 0
 id 1
end creat stream 
start split task 
fin split task 
nb_tasks 4
filename: soc-LiveJournal1.bin nVtx: 4847571 nonzero: 68993773 AvgTime: 0.973964 vtxsize: 4
edgesize: 4
weightsize: 4
nVtx: 1632803
nVtx: 1632803
nEdge: 30622564
nVtx: 1632803, nVtx: 1632803, nEdge: 30622564
graph read
 comput rowBlocks 
fin de calcule de rowBlocks
rowBlockSize : 30863last row 0
subsize : 7744
start creat stream 
 id 0
 id 1
end creat stream 
start split task 
fin split task 
nb_tasks 4
filename: soc-pokec-relationships.bin nVtx: 1632803 nonzero: 30622564 AvgTime: 0.51799 vtxsize: 4
edgesize: 4
weightsize: 4
nVtx: 131828
nVtx: 131828
nEdge: 841372
nVtx: 131828, nVtx: 131828, nEdge: 841372
graph read
 comput rowBlocks 
fin de calcule de rowBlocks
rowBlockSize : 879last row 0
subsize : 256
start creat stream 
 id 0
 id 1
end creat stream 
start split task 
fin split task 
nb_tasks 4
filename: soc-sign-epinions.bin nVtx: 131828 nonzero: 841372 AvgTime: 0.018536 vtxsize: 4
edgesize: 4
weightsize: 4
nVtx: 3072441
nVtx: 3072441
nEdge: 234370166
nVtx: 3072441, nVtx: 3072441, nEdge: 234370166
graph read
 comput rowBlocks 
fin de calcule de rowBlocks
rowBlockSize : 249474last row 0
subsize : 62400
start creat stream 
 id 0
 id 1
end creat stream 
start split task 
fin split task 
nb_tasks 4
filename: com-orkut.ungraph.bin nVtx: 3072441 nonzero: 234370166 AvgTime: 3.70487 vtxsize: 4
edgesize: 4
weightsize: 4
nVtx: 1393383
nVtx: 1393383
nEdge: 3843320
nVtx: 1393383, nVtx: 1393383, nEdge: 3843320
graph read
 comput rowBlocks 
fin de calcule de rowBlocks
rowBlockSize : 3759last row 0
subsize : 960
start creat stream 
 id 0
 id 1
end creat stream 
start split task 
fin split task 
nb_tasks 4
filename: roadNet-TX.bin nVtx: 1393383 nonzero: 3843320 AvgTime: 0.044846 vtxsize: 4
edgesize: 4
weightsize: 4
nVtx: 27770
nVtx: 27770
nEdge: 352807
nVtx: 27770, nVtx: 27770, nEdge: 352807
graph read
 comput rowBlocks 
fin de calcule de rowBlocks
rowBlockSize : 351last row 0
subsize : 128
start creat stream 
 id 0
 id 1
end creat stream 
start split task 
fin split task 
nb_tasks 3
filename: cit-HepTh.bin nVtx: 27770 nonzero: 352807 AvgTime: 0.011823 vtxsize: 4
edgesize: 4
weightsize: 4
nVtx: 62586
nVtx: 62586
nEdge: 147892
nVtx: 62586, nVtx: 62586, nEdge: 147892
graph read
 comput rowBlocks 
fin de calcule de rowBlocks
rowBlockSize : 147last row 0
subsize : 64
start creat stream 
 id 0
 id 1
end creat stream 
start split task 
fin split task 
nb_tasks 3
filename: p2p-Gnutella31.bin nVtx: 62586 nonzero: 147892 AvgTime: 0.009852 vtxsize: 4
edgesize: 4
weightsize: 4
nVtx: 3774768
nVtx: 3774768
nEdge: 16518948
nVtx: 3774768, nVtx: 3774768, nEdge: 16518948
graph read
 comput rowBlocks 
fin de calcule de rowBlocks
rowBlockSize : 16272last row 0
subsize : 4096
start creat stream 
 id 0
 id 1
end creat stream 
start split task 
fin split task 
nb_tasks 4
filename: cit-Patents.bin nVtx: 3774768 nonzero: 16518948 AvgTime: 0.476917 vtxsize: 4
edgesize: 4
weightsize: 4
nVtx: 77357
nVtx: 77357
nEdge: 516575
nVtx: 77357, nVtx: 77357, nEdge: 516575
graph read
 comput rowBlocks 
fin de calcule de rowBlocks
rowBlockSize : 531last row 0
subsize : 192
start creat stream 
 id 0
 id 1
end creat stream 
start split task 
fin split task 
nb_tasks 3
filename: soc-sign-Slashdot081106.bin nVtx: 77357 nonzero: 516575 AvgTime: 0.013033 vtxsize: 4
edgesize: 4
weightsize: 4
nVtx: 36682
nVtx: 36682
nEdge: 88328
nVtx: 36682, nVtx: 36682, nEdge: 88328
graph read
 comput rowBlocks 
fin de calcule de rowBlocks
rowBlockSize : 88last row 0
subsize : 64
start creat stream 
 id 0
 id 1
end creat stream 
start split task 
fin split task 
nb_tasks 2
vtxsize: 4
edgesize: 4
weightsize: 4
nVtx: 8717
nVtx: 8717
nEdge: 31525
nVtx: 8717, nVtx: 8717, nEdge: 31525
graph read
 comput rowBlocks 
fin de calcule de rowBlocks
rowBlockSize : 32last row 0
subsize : 64
start creat stream 
 id 0
 id 1
end creat stream 
start split task 
fin split task 
nb_tasks 1
vtxsize: 4
edgesize: 4
weightsize: 4
nVtx: 5242
nVtx: 5242
nEdge: 28980
nVtx: 5242, nVtx: 5242, nEdge: 28980
graph read
 comput rowBlocks 
fin de calcule de rowBlocks
rowBlockSize : 30last row 0
subsize : 64
start creat stream 
 id 0
 id 1
end creat stream 
start split task 
fin split task 
nb_tasks 1
vtxsize: 4
edgesize: 4
weightsize: 4
nVtx: 6301
nVtx: 6301
nEdge: 20777
nVtx: 6301, nVtx: 6301, nEdge: 20777
graph read
 comput rowBlocks 
fin de calcule de rowBlocks
rowBlockSize : 22last row 0
subsize : 64
start creat stream 
 id 0
 id 1
end creat stream 
start split task 
fin split task 
nb_tasks 1
vtxsize: 4
edgesize: 4
weightsize: 4
nVtx: 26518
nVtx: 26518
nEdge: 65369
nVtx: 26518, nVtx: 26518, nEdge: 65369
graph read
 comput rowBlocks 
fin de calcule de rowBlocks
rowBlockSize : 66last row 0
subsize : 64
start creat stream 
 id 0
 id 1
end creat stream 
start split task 
fin split task 
nb_tasks 2
vtxsize: 4
edgesize: 4
weightsize: 4
nVtx: 31379
nVtx: 31379
nEdge: 106762
nVtx: 31379, nVtx: 31379, nEdge: 106762
graph read
 comput rowBlocks 
fin de calcule de rowBlocks
rowBlockSize : 107last row 0
subsize : 64
start creat stream 
 id 0
 id 1
end creat stream 
start split task 
fin split task 
nb_tasks 2
vtxsize: 4
edgesize: 4
weightsize: 4
nVtx: 82168
nVtx: 82168
nEdge: 948464
nVtx: 82168, nVtx: 82168, nEdge: 948464
graph read
 comput rowBlocks 
fin de calcule de rowBlocks
rowBlockSize : 975last row 0
subsize : 256
start creat stream 
 id 0
 id 1
end creat stream 
start split task 
fin split task 
nb_tasks 4
filename: soc-Slashdot0902.bin nVtx: 82168 nonzero: 948464 AvgTime: 0.017417 vtxsize: 4
edgesize: 4
weightsize: 4
nVtx: 23133
nVtx: 23133
nEdge: 186936
nVtx: 23133, nVtx: 23133, nEdge: 186936
graph read
 comput rowBlocks 
fin de calcule de rowBlocks
rowBlockSize : 186last row 0
subsize : 64
start creat stream 
 id 0
 id 1
end creat stream 
start split task 
fin split task 
nb_tasks 3
filename: ca-CondMat.bin nVtx: 23133 nonzero: 186936 AvgTime: 0.010766 vtxsize: 4
edgesize: 4
weightsize: 4
nVtx: 325729
nVtx: 325729
nEdge: 1497134
nVtx: 325729, nVtx: 325729, nEdge: 1497134
graph read
 comput rowBlocks 
fin de calcule de rowBlocks
rowBlockSize : 1521last row 0
subsize : 384
start creat stream 
 id 0
 id 1
end creat stream 
start split task 
fin split task 
nb_tasks 4
filename: web-NotreDame.bin nVtx: 325729 nonzero: 1497134 AvgTime: 0.021852 vtxsize: 4
edgesize: 4
weightsize: 4
nVtx: 82144
nVtx: 82144
nEdge: 549202
nVtx: 82144, nVtx: 82144, nEdge: 549202
graph read
 comput rowBlocks 
fin de calcule de rowBlocks
rowBlockSize : 561last row 0
subsize : 192
start creat stream 
 id 0
 id 1
end creat stream 
start split task 
fin split task 
nb_tasks 3
filename: soc-sign-Slashdot090221.bin nVtx: 82144 nonzero: 549202 AvgTime: 0.01421 vtxsize: 4
edgesize: 4
weightsize: 4
nVtx: 8114
nVtx: 8114
nEdge: 26013
nVtx: 8114, nVtx: 8114, nEdge: 26013
graph read
 comput rowBlocks 
fin de calcule de rowBlocks
rowBlockSize : 27last row 0
subsize : 64
start creat stream 
 id 0
 id 1
end creat stream 
start split task 
fin split task 
nb_tasks 1
vtxsize: 4
edgesize: 4
weightsize: 4
nVtx: 75888
nVtx: 75888
nEdge: 508837
nVtx: 75888, nVtx: 75888, nEdge: 508837
graph read
 comput rowBlocks 
fin de calcule de rowBlocks
rowBlockSize : 520last row 0
subsize : 192
start creat stream 
 id 0
 id 1
end creat stream 
start split task 
fin split task 
nb_tasks 3
filename: soc-Epinions1.bin nVtx: 75888 nonzero: 508837 AvgTime: 0.0121 vtxsize: 4
edgesize: 4
weightsize: 4
nVtx: 12008
nVtx: 12008
nEdge: 237010
nVtx: 12008, nVtx: 12008, nEdge: 237010
graph read
 comput rowBlocks 
fin de calcule de rowBlocks
rowBlockSize : 249last row 0
subsize : 64
start creat stream 
 id 0
 id 1
end creat stream 
start split task 
fin split task 
nb_tasks 4
filename: ca-HepPh.bin nVtx: 12008 nonzero: 237010 AvgTime: 0.012208 vtxsize: 4
edgesize: 4
weightsize: 4
nVtx: 1971281
nVtx: 1971281
nEdge: 5533214
nVtx: 1971281, nVtx: 1971281, nEdge: 5533214
graph read
 comput rowBlocks 
fin de calcule de rowBlocks
rowBlockSize : 5411last row 0
subsize : 1408
start creat stream 
 id 0
 id 1
end creat stream 
start split task 
fin split task 
nb_tasks 4
filename: roadNet-CA.bin nVtx: 1971281 nonzero: 5533214 AvgTime: 0.060851 vtxsize: 4
edgesize: 4
weightsize: 4
nVtx: 8297
nVtx: 8297
nEdge: 103689
nVtx: 8297, nVtx: 8297, nEdge: 103689
graph read
 comput rowBlocks 
fin de calcule de rowBlocks
rowBlockSize : 110last row 0
subsize : 64
start creat stream 
 id 0
 id 1
end creat stream 
start split task 
fin split task 
nb_tasks 2
vtxsize: 4
edgesize: 4
weightsize: 4
nVtx: 403394
nVtx: 403394
nEdge: 3387388
nVtx: 403394, nVtx: 403394, nEdge: 3387388
graph read
 comput rowBlocks 
fin de calcule de rowBlocks
rowBlockSize : 3323last row 0
subsize : 832
start creat stream 
 id 0
 id 1
end creat stream 
start split task 
fin split task 
nb_tasks 4
filename: amazon0601.bin nVtx: 403394 nonzero: 3387388 AvgTime: 0.040667 vtxsize: 4
edgesize: 4
weightsize: 4
nVtx: 685230
nVtx: 685230
nEdge: 7600595
nVtx: 685230, nVtx: 685230, nEdge: 7600595
graph read
 comput rowBlocks 
fin de calcule de rowBlocks
rowBlockSize : 7540last row 0
subsize : 1920
start creat stream 
 id 0
 id 1
end creat stream 
start split task 
fin split task 
nb_tasks 4
filename: web-BerkStan.bin nVtx: 685230 nonzero: 7600595 AvgTime: 0.07424 vtxsize: 4
edgesize: 4
weightsize: 4
nVtx: 8846
nVtx: 8846
nEdge: 31839
nVtx: 8846, nVtx: 8846, nEdge: 31839
graph read
 comput rowBlocks 
fin de calcule de rowBlocks
rowBlockSize : 33last row 0
subsize : 64
start creat stream 
 id 0
 id 1
end creat stream 
start split task 
fin split task 
nb_tasks 1
vtxsize: 4
edgesize: 4
weightsize: 4
nVtx: 77360
nVtx: 77360
nEdge: 905468
nVtx: 77360, nVtx: 77360, nEdge: 905468
graph read
 comput rowBlocks 
fin de calcule de rowBlocks
rowBlockSize : 931last row 0
subsize : 256
start creat stream 
 id 0
 id 1
end creat stream 
start split task 
fin split task 
nb_tasks 4
filename: soc-Slashdot0811.bin nVtx: 77360 nonzero: 905468 AvgTime: 0.017286 vtxsize: 4
edgesize: 4
weightsize: 4
nVtx: 9877
nVtx: 9877
nEdge: 51971
nVtx: 9877, nVtx: 9877, nEdge: 51971
graph read
 comput rowBlocks 
fin de calcule de rowBlocks
rowBlockSize : 52last row 0
subsize : 64
start creat stream 
 id 0
 id 1
end creat stream 
start split task 
fin split task 
nb_tasks 1
vtxsize: 4
edgesize: 4
weightsize: 4
nVtx: 410236
nVtx: 410236
nEdge: 3356824
nVtx: 410236, nVtx: 410236, nEdge: 3356824
graph read
 comput rowBlocks 
fin de calcule de rowBlocks
rowBlockSize : 3293last row 0
subsize : 832
start creat stream 
 id 0
 id 1
end creat stream 
start split task 
fin split task 
nb_tasks 4
filename: amazon0505.bin nVtx: 410236 nonzero: 3356824 AvgTime: 0.041 vtxsize: 4
edgesize: 4
weightsize: 4
nVtx: 22687
nVtx: 22687
nEdge: 54705
nVtx: 22687, nVtx: 22687, nEdge: 54705
graph read
 comput rowBlocks 
fin de calcule de rowBlocks
rowBlockSize : 55last row 0
subsize : 64
start creat stream 
 id 0
 id 1
end creat stream 
start split task 
fin split task 
nb_tasks 1
vtxsize: 4
edgesize: 4
weightsize: 4
nVtx: 1134890
nVtx: 1134890
nEdge: 5975248
nVtx: 1134890, nVtx: 1134890, nEdge: 5975248
graph read
 comput rowBlocks 
fin de calcule de rowBlocks
rowBlockSize : 5970last row 0
subsize : 1536
start creat stream 
 id 0
 id 1
end creat stream 
start split task 
fin split task 
nb_tasks 4
filename: com-youtube.ungraph.bin nVtx: 1134890 nonzero: 5975248 AvgTime: 0.086927 vtxsize: 4
edgesize: 4
weightsize: 4
nVtx: 18772
nVtx: 18772
nEdge: 396160
nVtx: 18772, nVtx: 18772, nEdge: 396160
graph read
 comput rowBlocks 
fin de calcule de rowBlocks
rowBlockSize : 401last row 0
subsize : 128
start creat stream 
 id 0
 id 1
end creat stream 
start split task 
fin split task 
nb_tasks 4
filename: ca-AstroPh.bin nVtx: 18772 nonzero: 396160 AvgTime: 0.01345 vtxsize: 4
edgesize: 4
weightsize: 4
nVtx: 1090920
nVtx: 1090920
nEdge: 3083796
nVtx: 1090920, nVtx: 1090920, nEdge: 3083796
graph read
 comput rowBlocks 
fin de calcule de rowBlocks
rowBlockSize : 3016last row 0
subsize : 768
start creat stream 
 id 0
 id 1
end creat stream 
start split task 
fin split task 
nb_tasks 4
filename: roadNet-PA.bin nVtx: 1090920 nonzero: 3083796 AvgTime: 0.036725 vtxsize: 4
edgesize: 4
weightsize: 4
nVtx: 2394385
nVtx: 2394385
nEdge: 5021410
nVtx: 2394385, nVtx: 2394385, nEdge: 5021410
graph read
 comput rowBlocks 
fin de calcule de rowBlocks
rowBlockSize : 4423last row 0
subsize : 1152
start creat stream 
 id 0
 id 1
end creat stream 
start split task 
fin split task 
nb_tasks 4
filename: wiki-Talk.bin nVtx: 2394385 nonzero: 5021410 AvgTime: 0.128246 vtxsize: 4
edgesize: 4
weightsize: 4
nVtx: 456626
nVtx: 456626
nEdge: 14855842
nVtx: 456626, nVtx: 456626, nEdge: 14855842
graph read
 comput rowBlocks 
fin de calcule de rowBlocks
rowBlockSize : 15327last row 0
subsize : 3840
start creat stream 
 id 0
 id 1
end creat stream 
start split task 
fin split task 
nb_tasks 4
filename: higgs-social_network.bin nVtx: 456626 nonzero: 14855842 AvgTime: 0.19208 vtxsize: 4
edgesize: 4
weightsize: 4
nVtx: 265214
nVtx: 265214
nEdge: 420045
nVtx: 265214, nVtx: 265214, nEdge: 420045
graph read
 comput rowBlocks 
fin de calcule de rowBlocks
rowBlockSize : 427last row 0
subsize : 128
start creat stream 
 id 0
 id 1
end creat stream 
start split task 
fin split task 
nb_tasks 4
filename: email-EuAll.bin nVtx: 265214 nonzero: 420045 AvgTime: 0.015172 vtxsize: 4
edgesize: 4
weightsize: 4
nVtx: 36692
nVtx: 36692
nEdge: 367662
nVtx: 36692, nVtx: 36692, nEdge: 367662
graph read
 comput rowBlocks 
fin de calcule de rowBlocks
rowBlockSize : 381last row 0
subsize : 128
start creat stream 
 id 0
 id 1
end creat stream 
start split task 
fin split task 
nb_tasks 3
filename: email-Enron.bin nVtx: 36692 nonzero: 367662 AvgTime: 0.010834 vtxsize: 4
edgesize: 4
weightsize: 4
nVtx: 334863
nVtx: 334863
nEdge: 1851744
nVtx: 334863, nVtx: 334863, nEdge: 1851744
graph read
 comput rowBlocks 
fin de calcule de rowBlocks
rowBlockSize : 1819last row 0
subsize : 512
start creat stream 
 id 0
 id 1
end creat stream 
start split task 
fin split task 
nb_tasks 4
filename: com-amazon.ungraph.bin nVtx: 334863 nonzero: 1851744 AvgTime: 0.025705 vtxsize: 4
edgesize: 4
weightsize: 4
nVtx: 281903
nVtx: 281903
nEdge: 2312497
nVtx: 281903, nVtx: 281903, nEdge: 2312497
graph read
 comput rowBlocks 
fin de calcule de rowBlocks
rowBlockSize : 2286last row 0
subsize : 576
start creat stream 
 id 0
 id 1
end creat stream 
start split task 
fin split task 
nb_tasks 4
filename: web-Stanford.bin nVtx: 281903 nonzero: 2312497 AvgTime: 0.039343 vtxsize: 4
edgesize: 4
weightsize: 4
nVtx: 81871
nVtx: 81871
nEdge: 545671
nVtx: 81871, nVtx: 81871, nEdge: 545671
graph read
 comput rowBlocks 
fin de calcule de rowBlocks
rowBlockSize : 559last row 0
subsize : 192
start creat stream 
 id 0
 id 1
end creat stream 
start split task 
fin split task 
nb_tasks 3
filename: soc-sign-Slashdot090216.bin nVtx: 81871 nonzero: 545671 AvgTime: 0.013496 vtxsize: 4
edgesize: 4
weightsize: 4
nVtx: 34546
nVtx: 34546
nEdge: 421578
nVtx: 34546, nVtx: 34546, nEdge: 421578
graph read
 comput rowBlocks 
fin de calcule de rowBlocks
rowBlockSize : 419last row 0
subsize : 128
start creat stream 
 id 0
 id 1
end creat stream 
start split task 
fin split task 
nb_tasks 4
filename: cit-HepPh.bin nVtx: 34546 nonzero: 421578 AvgTime: 0.01392 vtxsize: 4
edgesize: 4
weightsize: 4
nVtx: 400727
nVtx: 400727
nEdge: 3200440
nVtx: 400727, nVtx: 400727, nEdge: 3200440
graph read
 comput rowBlocks 
fin de calcule de rowBlocks
rowBlockSize : 3139last row 0
subsize : 832
start creat stream 
 id 0
 id 1
end creat stream 
start split task 
fin split task 
nb_tasks 4
filename: amazon0312.bin nVtx: 400727 nonzero: 3200440 AvgTime: 0.038995 vtxsize: 4
edgesize: 4
weightsize: 4
nVtx: 10879
nVtx: 10879
nEdge: 39994
nVtx: 10879, nVtx: 10879, nEdge: 39994
graph read
 comput rowBlocks 
fin de calcule de rowBlocks
rowBlockSize : 41last row 0
subsize : 64
start creat stream 
 id 0
 id 1
end creat stream 
start split task 
fin split task 
nb_tasks 1
vtxsize: 4
edgesize: 4
weightsize: 4
nVtx: 3997962
nVtx: 3997962
nEdge: 69362378
nVtx: 3997962, nVtx: 3997962, nEdge: 69362378
graph read
 comput rowBlocks 
fin de calcule de rowBlocks
rowBlockSize : 70925last row 0
subsize : 17792
start creat stream 
 id 0
 id 1
end creat stream 
start split task 
fin split task 
nb_tasks 4
filename: com-lj.ungraph.bin nVtx: 3997962 nonzero: 69362378 AvgTime: 0.960825 vtxsize: 4
edgesize: 4
weightsize: 4
nVtx: 11492
nVtx: 11492
nEdge: 46818
nVtx: 11492, nVtx: 11492, nEdge: 46818
graph read
 comput rowBlocks 
fin de calcule de rowBlocks
rowBlockSize : 50last row 0
subsize : 64
start creat stream 
 id 0
 id 1
end creat stream 
start split task 
fin split task 
nb_tasks 1
vtxsize: 4
edgesize: 4
weightsize: 4
nVtx: 11806
nVtx: 11806
nEdge: 65460
nVtx: 11806, nVtx: 11806, nEdge: 65460
graph read
 comput rowBlocks 
fin de calcule de rowBlocks
rowBlockSize : 68last row 0
subsize : 64
start creat stream 
 id 0
 id 1
end creat stream 
start split task 
fin split task 
nb_tasks 2
vtxsize: 4
edgesize: 4
weightsize: 4
nVtx: 916428
nVtx: 916428
nEdge: 5105039
nVtx: 916428, nVtx: 916428, nEdge: 5105039
graph read
 comput rowBlocks 
fin de calcule de rowBlocks
rowBlockSize : 5017last row 0
subsize : 1280
start creat stream 
 id 0
 id 1
end creat stream 
start split task 
fin split task 
nb_tasks 4
filename: web-Google.bin nVtx: 916428 nonzero: 5105039 AvgTime: 0.112128 vtxsize: 4
edgesize: 4
weightsize: 4
nVtx: 1696415
nVtx: 1696415
nEdge: 22190596
nVtx: 1696415, nVtx: 1696415, nEdge: 22190596
graph read
 comput rowBlocks 
fin de calcule de rowBlocks
rowBlockSize : 21261last row 0
subsize : 5376
start creat stream 
 id 0
 id 1
end creat stream 
start split task 
fin split task 
nb_tasks 4
filename: as-Skitter.bin nVtx: 1696415 nonzero: 22190596 AvgTime: 0.240033 vtxsize: 4
edgesize: 4
weightsize: 4
nVtx: 262111
nVtx: 262111
nEdge: 1234877
nVtx: 262111, nVtx: 262111, nEdge: 1234877
graph read
 comput rowBlocks 
fin de calcule de rowBlocks
rowBlockSize : 1210last row 0
subsize : 320
start creat stream 
 id 0
 id 1
end creat stream 
start split task 
fin split task 
nb_tasks 4
filename: amazon0302.bin nVtx: 262111 nonzero: 1234877 AvgTime: 0.019144 ------- number blocks  8 ---------- 
vtxsize: 4
edgesize: 4
weightsize: 4
nVtx: 7716
nVtx: 7716
nEdge: 26467
nVtx: 7716, nVtx: 7716, nEdge: 26467
graph read
 comput rowBlocks 
fin de calcule de rowBlocks
rowBlockSize : 28last row 0
subsize : 64
start creat stream 
 id 0
 id 1
end creat stream 
start split task 
fin split task 
nb_tasks 1
vtxsize: 4
edgesize: 4
weightsize: 4
nVtx: 317080
nVtx: 317080
nEdge: 2099732
nVtx: 317080, nVtx: 317080, nEdge: 2099732
graph read
 comput rowBlocks 
fin de calcule de rowBlocks
rowBlockSize : 2074last row 0
subsize : 320
start creat stream 
 id 0
 id 1
end creat stream 
start split task 
fin split task 
nb_tasks 7
filename: com-dblp.ungraph.bin nVtx: 317080 nonzero: 2099732 AvgTime: 0.029266 vtxsize: 4
edgesize: 4
weightsize: 4
nVtx: 4847571
nVtx: 4847571
nEdge: 68993773
nVtx: 4847571, nVtx: 4847571, nEdge: 68993773
graph read
 comput rowBlocks 
fin de calcule de rowBlocks
rowBlockSize : 70456last row 0
subsize : 8832
start creat stream 
 id 0
 id 1
end creat stream 
start split task 
fin split task 
nb_tasks 8
filename: soc-LiveJournal1.bin nVtx: 4847571 nonzero: 68993773 AvgTime: 0.98664 vtxsize: 4
edgesize: 4
weightsize: 4
nVtx: 1632803
nVtx: 1632803
nEdge: 30622564
nVtx: 1632803, nVtx: 1632803, nEdge: 30622564
graph read
 comput rowBlocks 
fin de calcule de rowBlocks
rowBlockSize : 30863last row 0
subsize : 3904
start creat stream 
 id 0
 id 1
end creat stream 
start split task 
fin split task 
nb_tasks 8
filename: soc-pokec-relationships.bin nVtx: 1632803 nonzero: 30622564 AvgTime: 0.522534 vtxsize: 4
edgesize: 4
weightsize: 4
nVtx: 131828
nVtx: 131828
nEdge: 841372
nVtx: 131828, nVtx: 131828, nEdge: 841372
graph read
 comput rowBlocks 
fin de calcule de rowBlocks
rowBlockSize : 879last row 0
subsize : 128
start creat stream 
 id 0
 id 1
end creat stream 
start split task 
fin split task 
nb_tasks 7
filename: soc-sign-epinions.bin nVtx: 131828 nonzero: 841372 AvgTime: 0.024215 vtxsize: 4
edgesize: 4
weightsize: 4
nVtx: 3072441
nVtx: 3072441
nEdge: 234370166
nVtx: 3072441, nVtx: 3072441, nEdge: 234370166
graph read
 comput rowBlocks 
fin de calcule de rowBlocks
rowBlockSize : 249474last row 0
subsize : 31232
start creat stream 
 id 0
 id 1
end creat stream 
start split task 
fin split task 
nb_tasks 8
filename: com-orkut.ungraph.bin nVtx: 3072441 nonzero: 234370166 AvgTime: 3.73745 vtxsize: 4
edgesize: 4
weightsize: 4
nVtx: 1393383
nVtx: 1393383
nEdge: 3843320
nVtx: 1393383, nVtx: 1393383, nEdge: 3843320
graph read
 comput rowBlocks 
fin de calcule de rowBlocks
rowBlockSize : 3759last row 0
subsize : 512
start creat stream 
 id 0
 id 1
end creat stream 
start split task 
fin split task 
nb_tasks 8
filename: roadNet-TX.bin nVtx: 1393383 nonzero: 3843320 AvgTime: 0.043563 vtxsize: 4
edgesize: 4
weightsize: 4
nVtx: 27770
nVtx: 27770
nEdge: 352807
nVtx: 27770, nVtx: 27770, nEdge: 352807
graph read
 comput rowBlocks 
fin de calcule de rowBlocks
rowBlockSize : 351last row 0
subsize : 64
start creat stream 
 id 0
 id 1
end creat stream 
start split task 
fin split task 
nb_tasks 6
filename: cit-HepTh.bin nVtx: 27770 nonzero: 352807 AvgTime: 0.016586 vtxsize: 4
edgesize: 4
weightsize: 4
nVtx: 62586
nVtx: 62586
nEdge: 147892
nVtx: 62586, nVtx: 62586, nEdge: 147892
graph read
 comput rowBlocks 
fin de calcule de rowBlocks
rowBlockSize : 147last row 0
subsize : 64
start creat stream 
 id 0
 id 1
end creat stream 
start split task 
fin split task 
nb_tasks 3
filename: p2p-Gnutella31.bin nVtx: 62586 nonzero: 147892 AvgTime: 0.009751 vtxsize: 4
edgesize: 4
weightsize: 4
nVtx: 3774768
nVtx: 3774768
nEdge: 16518948
nVtx: 3774768, nVtx: 3774768, nEdge: 16518948
graph read
 comput rowBlocks 
fin de calcule de rowBlocks
rowBlockSize : 16272last row 0
subsize : 2048
start creat stream 
 id 0
 id 1
end creat stream 
start split task 
fin split task 
nb_tasks 8
filename: cit-Patents.bin nVtx: 3774768 nonzero: 16518948 AvgTime: 0.50313 vtxsize: 4
edgesize: 4
weightsize: 4
nVtx: 77357
nVtx: 77357
nEdge: 516575
nVtx: 77357, nVtx: 77357, nEdge: 516575
graph read
 comput rowBlocks 
fin de calcule de rowBlocks
rowBlockSize : 531last row 0
subsize : 128
start creat stream 
 id 0
 id 1
end creat stream 
start split task 
fin split task 
nb_tasks 5
filename: soc-sign-Slashdot081106.bin nVtx: 77357 nonzero: 516575 AvgTime: 0.016894 vtxsize: 4
edgesize: 4
weightsize: 4
nVtx: 36682
nVtx: 36682
nEdge: 88328
nVtx: 36682, nVtx: 36682, nEdge: 88328
graph read
 comput rowBlocks 
fin de calcule de rowBlocks
rowBlockSize : 88last row 0
subsize : 64
start creat stream 
 id 0
 id 1
end creat stream 
start split task 
fin split task 
nb_tasks 2
vtxsize: 4
edgesize: 4
weightsize: 4
nVtx: 8717
nVtx: 8717
nEdge: 31525
nVtx: 8717, nVtx: 8717, nEdge: 31525
graph read
 comput rowBlocks 
fin de calcule de rowBlocks
rowBlockSize : 32last row 0
subsize : 64
start creat stream 
 id 0
 id 1
end creat stream 
start split task 
fin split task 
nb_tasks 1
vtxsize: 4
edgesize: 4
weightsize: 4
nVtx: 5242
nVtx: 5242
nEdge: 28980
nVtx: 5242, nVtx: 5242, nEdge: 28980
graph read
 comput rowBlocks 
fin de calcule de rowBlocks
rowBlockSize : 30last row 0
subsize : 64
start creat stream 
 id 0
 id 1
end creat stream 
start split task 
fin split task 
nb_tasks 1
vtxsize: 4
edgesize: 4
weightsize: 4
nVtx: 6301
nVtx: 6301
nEdge: 20777
nVtx: 6301, nVtx: 6301, nEdge: 20777
graph read
 comput rowBlocks 
fin de calcule de rowBlocks
rowBlockSize : 22last row 0
subsize : 64
start creat stream 
 id 0
 id 1
end creat stream 
start split task 
fin split task 
nb_tasks 1
vtxsize: 4
edgesize: 4
weightsize: 4
nVtx: 26518
nVtx: 26518
nEdge: 65369
nVtx: 26518, nVtx: 26518, nEdge: 65369
graph read
 comput rowBlocks 
fin de calcule de rowBlocks
rowBlockSize : 66last row 0
subsize : 64
start creat stream 
 id 0
 id 1
end creat stream 
start split task 
fin split task 
nb_tasks 2
vtxsize: 4
edgesize: 4
weightsize: 4
nVtx: 31379
nVtx: 31379
nEdge: 106762
nVtx: 31379, nVtx: 31379, nEdge: 106762
graph read
 comput rowBlocks 
fin de calcule de rowBlocks
rowBlockSize : 107last row 0
subsize : 64
start creat stream 
 id 0
 id 1
end creat stream 
start split task 
fin split task 
nb_tasks 2
vtxsize: 4
edgesize: 4
weightsize: 4
nVtx: 82168
nVtx: 82168
nEdge: 948464
nVtx: 82168, nVtx: 82168, nEdge: 948464
graph read
 comput rowBlocks 
fin de calcule de rowBlocks
rowBlockSize : 975last row 0
subsize : 128
start creat stream 
 id 0
 id 1
end creat stream 
start split task 
fin split task 
nb_tasks 8
filename: soc-Slashdot0902.bin nVtx: 82168 nonzero: 948464 AvgTime: 0.024456 vtxsize: 4
edgesize: 4
weightsize: 4
nVtx: 23133
nVtx: 23133
nEdge: 186936
nVtx: 23133, nVtx: 23133, nEdge: 186936
graph read
 comput rowBlocks 
fin de calcule de rowBlocks
rowBlockSize : 186last row 0
subsize : 64
start creat stream 
 id 0
 id 1
end creat stream 
start split task 
fin split task 
nb_tasks 3
filename: ca-CondMat.bin nVtx: 23133 nonzero: 186936 AvgTime: 0.010352 vtxsize: 4
edgesize: 4
weightsize: 4
nVtx: 325729
nVtx: 325729
nEdge: 1497134
nVtx: 325729, nVtx: 325729, nEdge: 1497134
graph read
 comput rowBlocks 
fin de calcule de rowBlocks
rowBlockSize : 1521last row 0
subsize : 192
start creat stream 
 id 0
 id 1
end creat stream 
start split task 
fin split task 
nb_tasks 8
filename: web-NotreDame.bin nVtx: 325729 nonzero: 1497134 AvgTime: 0.026298 vtxsize: 4
edgesize: 4
weightsize: 4
nVtx: 82144
nVtx: 82144
nEdge: 549202
nVtx: 82144, nVtx: 82144, nEdge: 549202
graph read
 comput rowBlocks 
fin de calcule de rowBlocks
rowBlockSize : 561last row 0
subsize : 128
start creat stream 
 id 0
 id 1
end creat stream 
start split task 
fin split task 
nb_tasks 5
filename: soc-sign-Slashdot090221.bin nVtx: 82144 nonzero: 549202 AvgTime: 0.016906 vtxsize: 4
edgesize: 4
weightsize: 4
nVtx: 8114
nVtx: 8114
nEdge: 26013
nVtx: 8114, nVtx: 8114, nEdge: 26013
graph read
 comput rowBlocks 
fin de calcule de rowBlocks
rowBlockSize : 27last row 0
subsize : 64
start creat stream 
 id 0
 id 1
end creat stream 
start split task 
fin split task 
nb_tasks 1
vtxsize: 4
edgesize: 4
weightsize: 4
nVtx: 75888
nVtx: 75888
nEdge: 508837
nVtx: 75888, nVtx: 75888, nEdge: 508837
graph read
 comput rowBlocks 
fin de calcule de rowBlocks
rowBlockSize : 520last row 0
subsize : 128
start creat stream 
 id 0
 id 1
end creat stream 
start split task 
fin split task 
nb_tasks 5
filename: soc-Epinions1.bin nVtx: 75888 nonzero: 508837 AvgTime: 0.016256 vtxsize: 4
edgesize: 4
weightsize: 4
nVtx: 12008
nVtx: 12008
nEdge: 237010
nVtx: 12008, nVtx: 12008, nEdge: 237010
graph read
 comput rowBlocks 
fin de calcule de rowBlocks
rowBlockSize : 249last row 0
subsize : 64
start creat stream 
 id 0
 id 1
end creat stream 
start split task 
fin split task 
nb_tasks 4
filename: ca-HepPh.bin nVtx: 12008 nonzero: 237010 AvgTime: 0.012496 vtxsize: 4
edgesize: 4
weightsize: 4
nVtx: 1971281
nVtx: 1971281
nEdge: 5533214
nVtx: 1971281, nVtx: 1971281, nEdge: 5533214
graph read
 comput rowBlocks 
fin de calcule de rowBlocks
rowBlockSize : 5411last row 0
subsize : 704
start creat stream 
 id 0
 id 1
end creat stream 
start split task 
fin split task 
nb_tasks 8
filename: roadNet-CA.bin nVtx: 1971281 nonzero: 5533214 AvgTime: 0.059918 vtxsize: 4
edgesize: 4
weightsize: 4
nVtx: 8297
nVtx: 8297
nEdge: 103689
nVtx: 8297, nVtx: 8297, nEdge: 103689
graph read
 comput rowBlocks 
fin de calcule de rowBlocks
rowBlockSize : 110last row 0
subsize : 64
start creat stream 
 id 0
 id 1
end creat stream 
start split task 
fin split task 
nb_tasks 2
vtxsize: 4
edgesize: 4
weightsize: 4
nVtx: 403394
nVtx: 403394
nEdge: 3387388
nVtx: 403394, nVtx: 403394, nEdge: 3387388
graph read
 comput rowBlocks 
fin de calcule de rowBlocks
rowBlockSize : 3323last row 0
subsize : 448
start creat stream 
 id 0
 id 1
end creat stream 
start split task 
fin split task 
nb_tasks 8
filename: amazon0601.bin nVtx: 403394 nonzero: 3387388 AvgTime: 0.040725 vtxsize: 4
edgesize: 4
weightsize: 4
nVtx: 685230
nVtx: 685230
nEdge: 7600595
nVtx: 685230, nVtx: 685230, nEdge: 7600595
graph read
 comput rowBlocks 
fin de calcule de rowBlocks
rowBlockSize : 7540last row 0
subsize : 960
start creat stream 
 id 0
 id 1
end creat stream 
start split task 
fin split task 
nb_tasks 8
filename: web-BerkStan.bin nVtx: 685230 nonzero: 7600595 AvgTime: 0.07372 vtxsize: 4
edgesize: 4
weightsize: 4
nVtx: 8846
nVtx: 8846
nEdge: 31839
nVtx: 8846, nVtx: 8846, nEdge: 31839
graph read
 comput rowBlocks 
fin de calcule de rowBlocks
rowBlockSize : 33last row 0
subsize : 64
start creat stream 
 id 0
 id 1
end creat stream 
start split task 
fin split task 
nb_tasks 1
vtxsize: 4
edgesize: 4
weightsize: 4
nVtx: 77360
nVtx: 77360
nEdge: 905468
nVtx: 77360, nVtx: 77360, nEdge: 905468
graph read
 comput rowBlocks 
fin de calcule de rowBlocks
rowBlockSize : 931last row 0
subsize : 128
start creat stream 
 id 0
 id 1
end creat stream 
start split task 
fin split task 
nb_tasks 8
filename: soc-Slashdot0811.bin nVtx: 77360 nonzero: 905468 AvgTime: 0.024392 vtxsize: 4
edgesize: 4
weightsize: 4
nVtx: 9877
nVtx: 9877
nEdge: 51971
nVtx: 9877, nVtx: 9877, nEdge: 51971
graph read
 comput rowBlocks 
fin de calcule de rowBlocks
rowBlockSize : 52last row 0
subsize : 64
start creat stream 
 id 0
 id 1
end creat stream 
start split task 
fin split task 
nb_tasks 1
vtxsize: 4
edgesize: 4
weightsize: 4
nVtx: 410236
nVtx: 410236
nEdge: 3356824
nVtx: 410236, nVtx: 410236, nEdge: 3356824
graph read
 comput rowBlocks 
fin de calcule de rowBlocks
rowBlockSize : 3293last row 0
subsize : 448
start creat stream 
 id 0
 id 1
end creat stream 
start split task 
fin split task 
nb_tasks 8
filename: amazon0505.bin nVtx: 410236 nonzero: 3356824 AvgTime: 0.040843 vtxsize: 4
edgesize: 4
weightsize: 4
nVtx: 22687
nVtx: 22687
nEdge: 54705
nVtx: 22687, nVtx: 22687, nEdge: 54705
graph read
 comput rowBlocks 
fin de calcule de rowBlocks
rowBlockSize : 55last row 0
subsize : 64
start creat stream 
 id 0
 id 1
end creat stream 
start split task 
fin split task 
nb_tasks 1
vtxsize: 4
edgesize: 4
weightsize: 4
nVtx: 1134890
nVtx: 1134890
nEdge: 5975248
nVtx: 1134890, nVtx: 1134890, nEdge: 5975248
graph read
 comput rowBlocks 
fin de calcule de rowBlocks
rowBlockSize : 5970last row 0
subsize : 768
start creat stream 
 id 0
 id 1
end creat stream 
start split task 
fin split task 
nb_tasks 8
filename: com-youtube.ungraph.bin nVtx: 1134890 nonzero: 5975248 AvgTime: 0.085298 vtxsize: 4
edgesize: 4
weightsize: 4
nVtx: 18772
nVtx: 18772
nEdge: 396160
nVtx: 18772, nVtx: 18772, nEdge: 396160
graph read
 comput rowBlocks 
fin de calcule de rowBlocks
rowBlockSize : 401last row 0
subsize : 64
start creat stream 
 id 0
 id 1
end creat stream 
start split task 
fin split task 
nb_tasks 7
filename: ca-AstroPh.bin nVtx: 18772 nonzero: 396160 AvgTime: 0.018506 vtxsize: 4
edgesize: 4
weightsize: 4
nVtx: 1090920
nVtx: 1090920
nEdge: 3083796
nVtx: 1090920, nVtx: 1090920, nEdge: 3083796
graph read
 comput rowBlocks 
fin de calcule de rowBlocks
rowBlockSize : 3016last row 0
subsize : 384
start creat stream 
 id 0
 id 1
end creat stream 
start split task 
fin split task 
nb_tasks 8
filename: roadNet-PA.bin nVtx: 1090920 nonzero: 3083796 AvgTime: 0.035897 vtxsize: 4
edgesize: 4
weightsize: 4
nVtx: 2394385
nVtx: 2394385
nEdge: 5021410
nVtx: 2394385, nVtx: 2394385, nEdge: 5021410
graph read
 comput rowBlocks 
fin de calcule de rowBlocks
rowBlockSize : 4423last row 0
subsize : 576
start creat stream 
 id 0
 id 1
end creat stream 
start split task 
fin split task 
nb_tasks 8
filename: wiki-Talk.bin nVtx: 2394385 nonzero: 5021410 AvgTime: 0.128812 vtxsize: 4
edgesize: 4
weightsize: 4
nVtx: 456626
nVtx: 456626
nEdge: 14855842
nVtx: 456626, nVtx: 456626, nEdge: 14855842
graph read
 comput rowBlocks 
fin de calcule de rowBlocks
rowBlockSize : 15327last row 0
subsize : 1920
start creat stream 
 id 0
 id 1
end creat stream 
start split task 
fin split task 
nb_tasks 8
filename: higgs-social_network.bin nVtx: 456626 nonzero: 14855842 AvgTime: 0.194631 vtxsize: 4
edgesize: 4
weightsize: 4
nVtx: 265214
nVtx: 265214
nEdge: 420045
nVtx: 265214, nVtx: 265214, nEdge: 420045
graph read
 comput rowBlocks 
fin de calcule de rowBlocks
rowBlockSize : 427last row 0
subsize : 64
start creat stream 
 id 0
 id 1
end creat stream 
start split task 
fin split task 
nb_tasks 7
filename: email-EuAll.bin nVtx: 265214 nonzero: 420045 AvgTime: 0.020357 vtxsize: 4
edgesize: 4
weightsize: 4
nVtx: 36692
nVtx: 36692
nEdge: 367662
nVtx: 36692, nVtx: 36692, nEdge: 367662
graph read
 comput rowBlocks 
fin de calcule de rowBlocks
rowBlockSize : 381last row 0
subsize : 64
start creat stream 
 id 0
 id 1
end creat stream 
start split task 
fin split task 
nb_tasks 6
filename: email-Enron.bin nVtx: 36692 nonzero: 367662 AvgTime: 0.017535 vtxsize: 4
edgesize: 4
weightsize: 4
nVtx: 334863
nVtx: 334863
nEdge: 1851744
nVtx: 334863, nVtx: 334863, nEdge: 1851744
graph read
 comput rowBlocks 
fin de calcule de rowBlocks
rowBlockSize : 1819last row 0
subsize : 256
start creat stream 
 id 0
 id 1
end creat stream 
start split task 
fin split task 
nb_tasks 8
filename: com-amazon.ungraph.bin nVtx: 334863 nonzero: 1851744 AvgTime: 0.026043 vtxsize: 4
edgesize: 4
weightsize: 4
nVtx: 281903
nVtx: 281903
nEdge: 2312497
nVtx: 281903, nVtx: 281903, nEdge: 2312497
graph read
 comput rowBlocks 
fin de calcule de rowBlocks
rowBlockSize : 2286last row 0
subsize : 320
start creat stream 
 id 0
 id 1
end creat stream 
start split task 
fin split task 
nb_tasks 8
filename: web-Stanford.bin nVtx: 281903 nonzero: 2312497 AvgTime: 0.039289 vtxsize: 4
edgesize: 4
weightsize: 4
nVtx: 81871
nVtx: 81871
nEdge: 545671
nVtx: 81871, nVtx: 81871, nEdge: 545671
graph read
 comput rowBlocks 
fin de calcule de rowBlocks
rowBlockSize : 559last row 0
subsize : 128
start creat stream 
 id 0
 id 1
end creat stream 
start split task 
fin split task 
nb_tasks 5
filename: soc-sign-Slashdot090216.bin nVtx: 81871 nonzero: 545671 AvgTime: 0.016976 vtxsize: 4
edgesize: 4
weightsize: 4
nVtx: 34546
nVtx: 34546
nEdge: 421578
nVtx: 34546, nVtx: 34546, nEdge: 421578
graph read
 comput rowBlocks 
fin de calcule de rowBlocks
rowBlockSize : 419last row 0
subsize : 64
start creat stream 
 id 0
 id 1
end creat stream 
start split task 
fin split task 
nb_tasks 7
filename: cit-HepPh.bin nVtx: 34546 nonzero: 421578 AvgTime: 0.019029 vtxsize: 4
edgesize: 4
weightsize: 4
nVtx: 400727
nVtx: 400727
nEdge: 3200440
nVtx: 400727, nVtx: 400727, nEdge: 3200440
graph read
 comput rowBlocks 
fin de calcule de rowBlocks
rowBlockSize : 3139last row 0
subsize : 448
start creat stream 
 id 0
 id 1
end creat stream 
start split task 
fin split task 
nb_tasks 7
filename: amazon0312.bin nVtx: 400727 nonzero: 3200440 AvgTime: 0.039332 vtxsize: 4
edgesize: 4
weightsize: 4
nVtx: 10879
nVtx: 10879
nEdge: 39994
nVtx: 10879, nVtx: 10879, nEdge: 39994
graph read
 comput rowBlocks 
fin de calcule de rowBlocks
rowBlockSize : 41last row 0
subsize : 64
start creat stream 
 id 0
 id 1
end creat stream 
start split task 
fin split task 
nb_tasks 1
vtxsize: 4
edgesize: 4
weightsize: 4
nVtx: 3997962
nVtx: 3997962
nEdge: 69362378
nVtx: 3997962, nVtx: 3997962, nEdge: 69362378
graph read
 comput rowBlocks 
fin de calcule de rowBlocks
rowBlockSize : 70925last row 0
subsize : 8896
start creat stream 
 id 0
 id 1
end creat stream 
start split task 
fin split task 
nb_tasks 8
filename: com-lj.ungraph.bin nVtx: 3997962 nonzero: 69362378 AvgTime: 0.967782 vtxsize: 4
edgesize: 4
weightsize: 4
nVtx: 11492
nVtx: 11492
nEdge: 46818
nVtx: 11492, nVtx: 11492, nEdge: 46818
graph read
 comput rowBlocks 
fin de calcule de rowBlocks
rowBlockSize : 50last row 0
subsize : 64
start creat stream 
 id 0
 id 1
end creat stream 
start split task 
fin split task 
nb_tasks 1
vtxsize: 4
edgesize: 4
weightsize: 4
nVtx: 11806
nVtx: 11806
nEdge: 65460
nVtx: 11806, nVtx: 11806, nEdge: 65460
graph read
 comput rowBlocks 
fin de calcule de rowBlocks
rowBlockSize : 68last row 0
subsize : 64
start creat stream 
 id 0
 id 1
end creat stream 
start split task 
fin split task 
nb_tasks 2
vtxsize: 4
edgesize: 4
weightsize: 4
nVtx: 916428
nVtx: 916428
nEdge: 5105039
nVtx: 916428, nVtx: 916428, nEdge: 5105039
graph read
 comput rowBlocks 
fin de calcule de rowBlocks
rowBlockSize : 5017last row 0
subsize : 640
start creat stream 
 id 0
 id 1
end creat stream 
start split task 
fin split task 
nb_tasks 8
filename: web-Google.bin nVtx: 916428 nonzero: 5105039 AvgTime: 0.109699 vtxsize: 4
edgesize: 4
weightsize: 4
nVtx: 1696415
nVtx: 1696415
nEdge: 22190596
nVtx: 1696415, nVtx: 1696415, nEdge: 22190596
graph read
 comput rowBlocks 
fin de calcule de rowBlocks
rowBlockSize : 21261last row 0
subsize : 2688
start creat stream 
 id 0
 id 1
end creat stream 
start split task 
fin split task 
nb_tasks 8
filename: as-Skitter.bin nVtx: 1696415 nonzero: 22190596 AvgTime: 0.239474 vtxsize: 4
edgesize: 4
weightsize: 4
nVtx: 262111
nVtx: 262111
nEdge: 1234877
nVtx: 262111, nVtx: 262111, nEdge: 1234877
graph read
 comput rowBlocks 
fin de calcule de rowBlocks
rowBlockSize : 1210last row 0
subsize : 192
start creat stream 
 id 0
 id 1
end creat stream 
start split task 
fin split task 
nb_tasks 7
filename: amazon0302.bin nVtx: 262111 nonzero: 1234877 AvgTime: 0.023543 ------- number blocks  32 ---------- 
vtxsize: 4
edgesize: 4
weightsize: 4
nVtx: 7716
nVtx: 7716
nEdge: 26467
nVtx: 7716, nVtx: 7716, nEdge: 26467
graph read
 comput rowBlocks 
fin de calcule de rowBlocks
rowBlockSize : 28last row 0
subsize : 0
start creat stream 
 id 0
 id 1
end creat stream 
start split task 
fin split task 
nb_tasks 29
vtxsize: 4
edgesize: 4
weightsize: 4
nVtx: 317080
nVtx: 317080
nEdge: 2099732
nVtx: 317080, nVtx: 317080, nEdge: 2099732
graph read
 comput rowBlocks 
fin de calcule de rowBlocks
rowBlockSize : 2074last row 0
subsize : 64
start creat stream 
 id 0
 id 1
end creat stream 
start split task 
fin split task 
nb_tasks 32
filename: com-dblp.ungraph.bin nVtx: 317080 nonzero: 2099732 AvgTime: 0.068142 vtxsize: 4
edgesize: 4
weightsize: 4
nVtx: 4847571
nVtx: 4847571
nEdge: 68993773
nVtx: 4847571, nVtx: 4847571, nEdge: 68993773
graph read
 comput rowBlocks 
fin de calcule de rowBlocks
rowBlockSize : 70456last row 0
subsize : 2240
start creat stream 
 id 0
 id 1
end creat stream 
start split task 
fin split task 
nb_tasks 32
filename: soc-LiveJournal1.bin nVtx: 4847571 nonzero: 68993773 AvgTime: 1.01433 vtxsize: 4
edgesize: 4
weightsize: 4
nVtx: 1632803
nVtx: 1632803
nEdge: 30622564
nVtx: 1632803, nVtx: 1632803, nEdge: 30622564
graph read
 comput rowBlocks 
fin de calcule de rowBlocks
rowBlockSize : 30863last row 0
subsize : 1024
start creat stream 
 id 0
 id 1
end creat stream 
start split task 
fin split task 
nb_tasks 31
filename: soc-pokec-relationships.bin nVtx: 1632803 nonzero: 30622564 AvgTime: 0.551195 vtxsize: 4
edgesize: 4
weightsize: 4
nVtx: 131828
nVtx: 131828
nEdge: 841372
nVtx: 131828, nVtx: 131828, nEdge: 841372
graph read
 comput rowBlocks 
fin de calcule de rowBlocks
rowBlockSize : 879last row 0
subsize : 64
start creat stream 
 id 0
 id 1
end creat stream 
start split task 
fin split task 
nb_tasks 14
filename: soc-sign-epinions.bin nVtx: 131828 nonzero: 841372 AvgTime: 0.050218 vtxsize: 4
edgesize: 4
weightsize: 4
nVtx: 3072441
nVtx: 3072441
nEdge: 234370166
nVtx: 3072441, nVtx: 3072441, nEdge: 234370166
graph read
 comput rowBlocks 
fin de calcule de rowBlocks
rowBlockSize : 249474last row 0
subsize : 7808
start creat stream 
 id 0
 id 1
end creat stream 
start split task 
fin split task 
nb_tasks 32
filename: com-orkut.ungraph.bin nVtx: 3072441 nonzero: 234370166 AvgTime: 3.7212 vtxsize: 4
edgesize: 4
weightsize: 4
nVtx: 1393383
nVtx: 1393383
nEdge: 3843320
nVtx: 1393383, nVtx: 1393383, nEdge: 3843320
graph read
 comput rowBlocks 
fin de calcule de rowBlocks
rowBlockSize : 3759last row 0
subsize : 128
start creat stream 
 id 0
 id 1
end creat stream 
start split task 
fin split task 
nb_tasks 30
filename: roadNet-TX.bin nVtx: 1393383 nonzero: 3843320 AvgTime: 0.156194 vtxsize: 4
edgesize: 4
weightsize: 4
nVtx: 27770
nVtx: 27770
nEdge: 352807
nVtx: 27770, nVtx: 27770, nEdge: 352807
graph read
 comput rowBlocks 
fin de calcule de rowBlocks
rowBlockSize : 351last row 0
subsize : 64
start creat stream 
 id 0
 id 1
end creat stream 
start split task 
fin split task 
nb_tasks 6
filename: cit-HepTh.bin nVtx: 27770 nonzero: 352807 AvgTime: 0.125367 vtxsize: 4
edgesize: 4
weightsize: 4
nVtx: 62586
nVtx: 62586
nEdge: 147892
nVtx: 62586, nVtx: 62586, nEdge: 147892
graph read
